#
# A fatal error has been detected by the Java Runtime Environment:
#
#  EXCEPTION_UNCAUGHT_CXX_EXCEPTION (0xe06d7363) at pc=0x00007ffa6bf2a839, pid=10056, tid=11612
#
# JRE version: OpenJDK Runtime Environment (11.0.5+10) (build 11.0.5+10-b520.38)
# Java VM: OpenJDK 64-Bit Server VM (11.0.5+10-b520.38, mixed mode, sharing, tiered, compressed oops, g1 gc, windows-amd64)
# Problematic frame:
# C  [KERNELBASE.dll+0x3a839]
#
# No core dump will be written. Minidumps are not enabled by default on client versions of Windows
#
# If you would like to submit a bug report, please visit:
#   http://bugreport.java.com/bugreport/crash.jsp
#

---------------  S U M M A R Y ------------

Command Line: -XX:TieredStopAtLevel=1 -Xverify:none -Dspring.output.ansi.enabled=always -Dcom.sun.management.jmxremote -Dspring.jmx.enabled=true -Dspring.liveBeansView.mbeanDomain -Dspring.application.admin.enabled=true -javaagent:C:\Program Files\JetBrains\IntelliJ IDEA 2019.3.3\lib\idea_rt.jar=58899:C:\Program Files\JetBrains\IntelliJ IDEA 2019.3.3\bin -Dfile.encoding=UTF-8 com.diplom.work.WorkApplication

Host: AMD Ryzen 5 3500U with Radeon Vega Mobile Gfx  , 8 cores, 5G,  Windows 10 , 64 bit Build 18362 (10.0.18362.329)
Time: Mon Mar  9 17:48:40 2020 RTZ 2 (ceia) elapsed time: 4 seconds (0d 0h 0m 4s)

---------------  T H R E A D  ---------------

Current thread (0x0000015de33e8000):  JavaThread "restartedMain" [_thread_in_vm, id=11612, stack(0x0000000555400000,0x0000000555500000)]

Stack: [0x0000000555400000,0x0000000555500000],  sp=0x00000005554f99f0,  free space=998k
Native frames: (J=compiled Java code, j=interpreted, Vv=VM code, C=native code)
C  [KERNELBASE.dll+0x3a839]
C  [VCRUNTIME140.dll+0x4462]
C  [jimage.dll+0x389f]

Java frames: (J=compiled Java code, j=interpreted, Vv=VM code)
J 1211  java.lang.ClassLoader.findBootstrapClass(Ljava/lang/String;)Ljava/lang/Class; java.base@11.0.5 (0 bytes) @ 0x0000015dccc5b41f [0x0000015dccc5b3c0+0x000000000000005f]
J 1208 c1 jdk.internal.loader.ClassLoaders$BootClassLoader.loadClassOrNull(Ljava/lang/String;)Ljava/lang/Class; java.base@11.0.5 (11 bytes) @ 0x0000015dccc5b974 [0x0000015dccc5b8e0+0x0000000000000094]
J 1097 c1 jdk.internal.loader.BuiltinClassLoader.loadClassOrNull(Ljava/lang/String;Z)Ljava/lang/Class; java.base@11.0.5 (143 bytes) @ 0x0000015dccc28b84 [0x0000015dccc28720+0x0000000000000464]
J 1241 c1 jdk.internal.loader.ClassLoaders$AppClassLoader.loadClass(Ljava/lang/String;Z)Ljava/lang/Class; java.base@11.0.5 (40 bytes) @ 0x0000015dccc67ee4 [0x0000015dccc67d80+0x0000000000000164]
J 1239 c1 java.lang.ClassLoader.loadClass(Ljava/lang/String;)Ljava/lang/Class; java.base@11.0.5 (7 bytes) @ 0x0000015dccc675a4 [0x0000015dccc67540+0x0000000000000064]
v  ~StubRoutines::call_stub
j  org.springframework.data.repository.util.QueryExecutionConverters$NullableWrapperToCompletableFutureConverter.getWrapperType()Lorg/springframework/data/repository/util/QueryExecutionConverters$WrapperType;+0
j  org.springframework.data.repository.util.QueryExecutionConverters.<clinit>()V+294
v  ~StubRoutines::call_stub
j  org.springframework.data.repository.core.support.RepositoryFactorySupport.<clinit>()V+29
v  ~StubRoutines::call_stub
j  org.springframework.data.jpa.repository.support.JpaRepositoryFactoryBean.createRepositoryFactory(Ljavax/persistence/EntityManager;)Lorg/springframework/data/repository/core/support/RepositoryFactorySupport;+0
j  org.springframework.data.jpa.repository.support.JpaRepositoryFactoryBean.doCreateRepositoryFactory()Lorg/springframework/data/repository/core/support/RepositoryFactorySupport;+22
j  org.springframework.data.repository.core.support.TransactionalRepositoryFactoryBeanSupport.createRepositoryFactory()Lorg/springframework/data/repository/core/support/RepositoryFactorySupport;+1
j  org.springframework.data.repository.core.support.RepositoryFactoryBeanSupport.afterPropertiesSet()V+2
j  org.springframework.data.jpa.repository.support.JpaRepositoryFactoryBean.afterPropertiesSet()V+18
j  org.springframework.beans.factory.support.AbstractAutowireCapableBeanFactory.invokeInitMethods(Ljava/lang/String;Ljava/lang/Object;Lorg/springframework/beans/factory/support/RootBeanDefinition;)V+106
j  org.springframework.beans.factory.support.AbstractAutowireCapableBeanFactory.initializeBean(Ljava/lang/String;Ljava/lang/Object;Lorg/springframework/beans/factory/support/RootBeanDefinition;)Ljava/lang/Object;+59
j  org.springframework.beans.factory.support.AbstractAutowireCapableBeanFactory.doCreateBean(Ljava/lang/String;Lorg/springframework/beans/factory/support/RootBeanDefinition;[Ljava/lang/Object;)Ljava/lang/Object;+245
j  org.springframework.beans.factory.support.AbstractAutowireCapableBeanFactory.createBean(Ljava/lang/String;Lorg/springframework/beans/factory/support/RootBeanDefinition;[Ljava/lang/Object;)Ljava/lang/Object;+169
j  org.springframework.beans.factory.support.AbstractBeanFactory.lambda$doGetBean$0(Ljava/lang/String;Lorg/springframework/beans/factory/support/RootBeanDefinition;[Ljava/lang/Object;)Ljava/lang/Object;+4
j  org.springframework.beans.factory.support.AbstractBeanFactory$$Lambda$266.getObject()Ljava/lang/Object;+16
j  org.springframework.beans.factory.support.DefaultSingletonBeanRegistry.getSingleton(Ljava/lang/String;Lorg/springframework/beans/factory/ObjectFactory;)Ljava/lang/Object;+132
J 3137 c1 org.springframework.beans.factory.support.AbstractBeanFactory.doGetBean(Ljava/lang/String;Ljava/lang/Class;[Ljava/lang/Object;Z)Ljava/lang/Object; (833 bytes) @ 0x0000015dccf8cf3c [0x0000015dccf8c9a0+0x000000000000059c]
j  org.springframework.beans.factory.support.AbstractBeanFactory.getBean(Ljava/lang/String;)Ljava/lang/Object;+5
j  org.springframework.beans.factory.config.DependencyDescriptor.resolveCandidate(Ljava/lang/String;Ljava/lang/Class;Lorg/springframework/beans/factory/BeanFactory;)Ljava/lang/Object;+2
j  org.springframework.beans.factory.support.DefaultListableBeanFactory.doResolveDependency(Lorg/springframework/beans/factory/config/DependencyDescriptor;Ljava/lang/String;Ljava/util/Set;Lorg/springframework/beans/TypeConverter;)Ljava/lang/Object;+440
j  org.springframework.beans.factory.support.DefaultListableBeanFactory.resolveDependency(Lorg/springframework/beans/factory/config/DependencyDescriptor;Ljava/lang/String;Ljava/util/Set;Lorg/springframework/beans/TypeConverter;)Ljava/lang/Object;+108
j  org.springframework.beans.factory.annotation.AutowiredAnnotationBeanPostProcessor$AutowiredFieldElement.inject(Ljava/lang/Object;Ljava/lang/String;Lorg/springframework/beans/PropertyValues;)V+115
j  org.springframework.beans.factory.annotation.InjectionMetadata.inject(Ljava/lang/Object;Ljava/lang/String;Lorg/springframework/beans/PropertyValues;)V+116
j  org.springframework.beans.factory.annotation.AutowiredAnnotationBeanPostProcessor.postProcessProperties(Lorg/springframework/beans/PropertyValues;Ljava/lang/Object;Ljava/lang/String;)Lorg/springframework/beans/PropertyValues;+17
j  org.springframework.beans.factory.support.AbstractAutowireCapableBeanFactory.populateBean(Ljava/lang/String;Lorg/springframework/beans/factory/support/RootBeanDefinition;Lorg/springframework/beans/BeanWrapper;)V+289
j  org.springframework.beans.factory.support.AbstractAutowireCapableBeanFactory.doCreateBean(Ljava/lang/String;Lorg/springframework/beans/factory/support/RootBeanDefinition;[Ljava/lang/Object;)Ljava/lang/Object;+237
j  org.springframework.beans.factory.support.AbstractAutowireCapableBeanFactory.createBean(Ljava/lang/String;Lorg/springframework/beans/factory/support/RootBeanDefinition;[Ljava/lang/Object;)Ljava/lang/Object;+169
j  org.springframework.beans.factory.support.AbstractBeanFactory.lambda$doGetBean$0(Ljava/lang/String;Lorg/springframework/beans/factory/support/RootBeanDefinition;[Ljava/lang/Object;)Ljava/lang/Object;+4
j  org.springframework.beans.factory.support.AbstractBeanFactory$$Lambda$266.getObject()Ljava/lang/Object;+16
j  org.springframework.beans.factory.support.DefaultSingletonBeanRegistry.getSingleton(Ljava/lang/String;Lorg/springframework/beans/factory/ObjectFactory;)Ljava/lang/Object;+132
J 3137 c1 org.springframework.beans.factory.support.AbstractBeanFactory.doGetBean(Ljava/lang/String;Ljava/lang/Class;[Ljava/lang/Object;Z)Ljava/lang/Object; (833 bytes) @ 0x0000015dccf8cf3c [0x0000015dccf8c9a0+0x000000000000059c]
j  org.springframework.beans.factory.support.AbstractBeanFactory.getBean(Ljava/lang/String;)Ljava/lang/Object;+5
j  org.springframework.beans.factory.config.DependencyDescriptor.resolveCandidate(Ljava/lang/String;Ljava/lang/Class;Lorg/springframework/beans/factory/BeanFactory;)Ljava/lang/Object;+2
j  org.springframework.beans.factory.support.DefaultListableBeanFactory.doResolveDependency(Lorg/springframework/beans/factory/config/DependencyDescriptor;Ljava/lang/String;Ljava/util/Set;Lorg/springframework/beans/TypeConverter;)Ljava/lang/Object;+440
j  org.springframework.beans.factory.support.DefaultListableBeanFactory.resolveDependency(Lorg/springframework/beans/factory/config/DependencyDescriptor;Ljava/lang/String;Ljava/util/Set;Lorg/springframework/beans/TypeConverter;)Ljava/lang/Object;+108
j  org.springframework.beans.factory.annotation.AutowiredAnnotationBeanPostProcessor$AutowiredFieldElement.inject(Ljava/lang/Object;Ljava/lang/String;Lorg/springframework/beans/PropertyValues;)V+115
j  org.springframework.beans.factory.annotation.InjectionMetadata.inject(Ljava/lang/Object;Ljava/lang/String;Lorg/springframework/beans/PropertyValues;)V+116
j  org.springframework.beans.factory.annotation.AutowiredAnnotationBeanPostProcessor.postProcessProperties(Lorg/springframework/beans/PropertyValues;Ljava/lang/Object;Ljava/lang/String;)Lorg/springframework/beans/PropertyValues;+17
j  org.springframework.beans.factory.support.AbstractAutowireCapableBeanFactory.populateBean(Ljava/lang/String;Lorg/springframework/beans/factory/support/RootBeanDefinition;Lorg/springframework/beans/BeanWrapper;)V+289
j  org.springframework.beans.factory.support.AbstractAutowireCapableBeanFactory.doCreateBean(Ljava/lang/String;Lorg/springframework/beans/factory/support/RootBeanDefinition;[Ljava/lang/Object;)Ljava/lang/Object;+237
j  org.springframework.beans.factory.support.AbstractAutowireCapableBeanFactory.createBean(Ljava/lang/String;Lorg/springframework/beans/factory/support/RootBeanDefinition;[Ljava/lang/Object;)Ljava/lang/Object;+169
j  org.springframework.beans.factory.support.AbstractBeanFactory.lambda$doGetBean$0(Ljava/lang/String;Lorg/springframework/beans/factory/support/RootBeanDefinition;[Ljava/lang/Object;)Ljava/lang/Object;+4
j  org.springframework.beans.factory.support.AbstractBeanFactory$$Lambda$266.getObject()Ljava/lang/Object;+16
j  org.springframework.beans.factory.support.DefaultSingletonBeanRegistry.getSingleton(Ljava/lang/String;Lorg/springframework/beans/factory/ObjectFactory;)Ljava/lang/Object;+132
J 3137 c1 org.springframework.beans.factory.support.AbstractBeanFactory.doGetBean(Ljava/lang/String;Ljava/lang/Class;[Ljava/lang/Object;Z)Ljava/lang/Object; (833 bytes) @ 0x0000015dccf8cf3c [0x0000015dccf8c9a0+0x000000000000059c]
j  org.springframework.beans.factory.support.AbstractBeanFactory.getBean(Ljava/lang/String;)Ljava/lang/Object;+5
j  org.springframework.beans.factory.support.DefaultListableBeanFactory.preInstantiateSingletons()V+248
j  org.springframework.context.support.AbstractApplicationContext.finishBeanFactoryInitialization(Lorg/springframework/beans/factory/config/ConfigurableListableBeanFactory;)V+124
j  org.springframework.context.support.AbstractApplicationContext.refresh()V+54
j  org.springframework.boot.web.servlet.context.ServletWebServerApplicationContext.refresh()V+1
j  org.springframework.boot.SpringApplication.refresh(Lorg/springframework/context/ApplicationContext;)V+10
j  org.springframework.boot.SpringApplication.refreshContext(Lorg/springframework/context/ConfigurableApplicationContext;)V+2
j  org.springframework.boot.SpringApplication.run([Ljava/lang/String;)Lorg/springframework/context/ConfigurableApplicationContext;+118
j  org.springframework.boot.SpringApplication.run([Ljava/lang/Class;[Ljava/lang/String;)Lorg/springframework/context/ConfigurableApplicationContext;+9
j  org.springframework.boot.SpringApplication.run(Ljava/lang/Class;[Ljava/lang/String;)Lorg/springframework/context/ConfigurableApplicationContext;+9
j  com.diplom.work.WorkApplication.main([Ljava/lang/String;)V+3
v  ~StubRoutines::call_stub
j  jdk.internal.reflect.NativeMethodAccessorImpl.invoke0(Ljava/lang/reflect/Method;Ljava/lang/Object;[Ljava/lang/Object;)Ljava/lang/Object;+0 java.base@11.0.5
j  jdk.internal.reflect.NativeMethodAccessorImpl.invoke(Ljava/lang/Object;[Ljava/lang/Object;)Ljava/lang/Object;+100 java.base@11.0.5
j  jdk.internal.reflect.DelegatingMethodAccessorImpl.invoke(Ljava/lang/Object;[Ljava/lang/Object;)Ljava/lang/Object;+6 java.base@11.0.5
j  java.lang.reflect.Method.invoke(Ljava/lang/Object;[Ljava/lang/Object;)Ljava/lang/Object;+59 java.base@11.0.5
j  org.springframework.boot.devtools.restart.RestartLauncher.run()V+41
v  ~StubRoutines::call_stub

siginfo: EXCEPTION_UNCAUGHT_CXX_EXCEPTION (0xe06d7363), ExceptionInformation=0x0000000019930520 0x00000005554f9b70 0x00007ffa669b50a8 0x00007ffa669b0000 


Register to memory mapping:

RIP=0x00007ffa6bf2a839 KERNELBASE.dll
RAX=0x00007ffa393d6b6e jvm.dll
RBX=0x000000000000f007 is an unknown value
RCX=0x00000000a76fe6d8 points into unknown readable memory: c3 b4 07 00 00 00 00 00
RDX=0x00007ffa393e7f92 jvm.dll
RSP=0x00000005554f99f0 is pointing into the stack for thread: 0x0000015de33e8000
RBP=0x00000005554f9b30 is pointing into the stack for thread: 0x0000015de33e8000
RSI=0x00007ffa669b50a8 jimage.dll
RDI=0x0000015dcbc2ff3d points into unknown readable memory: fa fa fe
R8 =0x0000015de33e8000 is a thread
R9 =0x00000005554f9330 is pointing into the stack for thread: 0x0000015de33e8000
R10=0x0 is NULL
R11=0x0 is NULL
R12=0x000000000000f007 is an unknown value
R13=0x0000015dc6ac5680 points into unknown readable memory: 78 f2 64 39 fa 7f 00 00
R14=0x00000005554f9b70 is pointing into the stack for thread: 0x0000015de33e8000
R15=0x0000015de6726ea0 points into unknown readable memory: 00 00 00 00 00 00 00 00


Registers:
RAX=0x00007ffa393d6b6e, RBX=0x000000000000f007, RCX=0x00000000a76fe6d8, RDX=0x00007ffa393e7f92
RSP=0x00000005554f99f0, RBP=0x00000005554f9b30, RSI=0x00007ffa669b50a8, RDI=0x0000015dcbc2ff3d
R8 =0x0000015de33e8000, R9 =0x00000005554f9330, R10=0x0000000000000000, R11=0x0000000000000000
R12=0x000000000000f007, R13=0x0000015dc6ac5680, R14=0x00000005554f9b70, R15=0x0000015de6726ea0
RIP=0x00007ffa6bf2a839, EFLAGS=0x0000000000000202

Top of Stack: (sp=0x00000005554f99f0)
0x00000005554f99f0:   0000015de6726e80 000000000000f007
0x00000005554f9a00:   00007ffa669b50a8 000000000000068b
0x00000005554f9a10:   00000001e06d7363 0000000000000000
0x00000005554f9a20:   00007ffa6bf2a839 0000000000000004
0x00000005554f9a30:   0000000019930520 00000005554f9b70
0x00000005554f9a40:   00007ffa669b50a8 00007ffa669b0000
0x00000005554f9a50:   0000015dc6ac5680 000000000000f007
0x00000005554f9a60:   00007ffa669b50a8 00000005554f9b30
0x00000005554f9a70:   00000005554f9b50 00007ffa6e27f49f
0x00000005554f9a80:   0000015dcbc2ff3d 0000000500000000
0x00000005554f9a90:   0000000000000000 0000015de33e8000
0x00000005554f9aa0:   00007ffa669b7000 00007ffa669b0000
0x00000005554f9ab0:   000038408970853a 00007ffa6e2b35d0
0x00000005554f9ac0:   000000000000f007 00007ffa63794462
0x00000005554f9ad0:   0000000512000614 00007ffa6bf11edb
0x00000005554f9ae0:   0000000000000002 00007ffa6e2b35d0 

Instructions: (pc=0x00007ffa6bf2a839)
0x00007ffa6bf2a739:   fe ff ff 4c 8d 05 a5 51 20 00 33 d2 8d 4a 02 e8
0x00007ffa6bf2a749:   b3 17 02 00 48 8b f8 48 89 44 24 58 e9 ef fd ff
0x00007ffa6bf2a759:   ff 45 33 c0 49 8b d7 48 83 c9 ff e8 37 f0 02 00
0x00007ffa6bf2a769:   e9 09 ff ff ff 48 8b 0d c3 0f 23 00 e8 06 f2 ff
0x00007ffa6bf2a779:   ff 48 8b cf e8 4e a2 fe ff e9 f9 fe ff ff 49 8b
0x00007ffa6bf2a789:   ce e8 41 a2 fe ff e9 f5 fe ff ff 48 8b ce e8 34
0x00007ffa6bf2a799:   a2 fe ff e9 f1 fe ff ff cc cc cc cc cc cc cc cc
0x00007ffa6bf2a7a9:   cc cc cc cc cc cc cc 65 48 8b 04 25 30 00 00 00
0x00007ffa6bf2a7b9:   8b 40 68 c3 cc cc cc cc cc cc cc cc cc cc cc cc
0x00007ffa6bf2a7c9:   cc cc cc cc cc cc cc 48 81 ec d8 00 00 00 48 8b
0x00007ffa6bf2a7d9:   05 52 e6 22 00 48 33 c4 48 89 84 24 c0 00 00 00
0x00007ffa6bf2a7e9:   48 83 64 24 28 00 48 8d 05 da ff ff ff 83 e2 01
0x00007ffa6bf2a7f9:   89 4c 24 20 89 54 24 24 48 89 44 24 30 4d 85 c9
0x00007ffa6bf2a809:   74 4b b8 0f 00 00 00 48 8d 4c 24 40 44 3b c0 49
0x00007ffa6bf2a819:   8b d1 44 0f 47 c0 44 89 44 24 38 49 c1 e0 03 e8
0x00007ffa6bf2a829:   ca 4c 05 00 48 8d 4c 24 20 48 ff 15 ef c3 16 00
0x00007ffa6bf2a839:   0f 1f 44 00 00 48 8b 8c 24 c0 00 00 00 48 33 cc
0x00007ffa6bf2a849:   e8 c2 ee 04 00 48 81 c4 d8 00 00 00 c3 83 64 24
0x00007ffa6bf2a859:   38 00 eb d0 cc cc cc cc cc cc cc 48 89 5c 24 08
0x00007ffa6bf2a869:   48 89 74 24 10 57 48 83 ec 20 8b da 48 8b f9 e8
0x00007ffa6bf2a879:   f3 d6 ff ff 33 f6 85 c0 0f 84 01 87 06 00 85 db
0x00007ffa6bf2a889:   0f 84 f9 86 06 00 44 8d 4e 02 ba 09 10 00 20 4c
0x00007ffa6bf2a899:   8d 44 24 40 48 8b cf e8 7b b5 ff ff 85 c0 0f 84
0x00007ffa6bf2a8a9:   db 86 06 00 39 5c 24 40 0f 85 d1 86 06 00 0f b7
0x00007ffa6bf2a8b9:   c3 48 8b 5c 24 30 48 8b 74 24 38 48 83 c4 20 5f
0x00007ffa6bf2a8c9:   c3 cc cc cc cc cc cc 48 89 5c 24 08 48 89 74 24
0x00007ffa6bf2a8d9:   10 57 48 83 ec 40 48 8b c2 48 8b f1 48 8b c8 33
0x00007ffa6bf2a8e9:   d2 49 8b d9 41 8b f8 e8 5b 6c ff ff 48 8b d0 48
0x00007ffa6bf2a8f9:   85 db 0f 85 bb 86 06 00 48 8b 44 24 78 44 8b c7
0x00007ffa6bf2a909:   44 8b 4c 24 70 48 8b ce 48 89 44 24 38 8d 43 01
0x00007ffa6bf2a919:   89 44 24 30 89 44 24 28 89 44 24 20 e8 16 00 00
0x00007ffa6bf2a929:   00 48 8b 5c 24 50 48 8b 74 24 58 48 83 c4 40 5f 


Stack slot to memory mapping:
stack at sp + 0 slots: 0x0000015de6726e80 points into unknown readable memory: 00 00 00 00 00 00 00 00
stack at sp + 1 slots: 0x000000000000f007 is an unknown value
stack at sp + 2 slots: 0x00007ffa669b50a8 jimage.dll
stack at sp + 3 slots: 0x000000000000068b is an unknown value
stack at sp + 4 slots: 0x00000001e06d7363 is an unknown value
stack at sp + 5 slots: 0x0 is NULL
stack at sp + 6 slots: 0x00007ffa6bf2a839 KERNELBASE.dll
stack at sp + 7 slots: 0x0000000000000004 is an unknown value


---------------  P R O C E S S  ---------------

Threads class SMR info:
_java_thread_list=0x0000015de35edce0, length=21, elements={
0x0000015dc6abb000, 0x0000015de20e5800, 0x0000015de20e6800, 0x0000015de2102800,
0x0000015de2103800, 0x0000015de2104800, 0x0000015de2114000, 0x0000015de20ca000,
0x0000015de2e6d000, 0x0000015de2e6d800, 0x0000015de306b000, 0x0000015de33e6800,
0x0000015de33e8000, 0x0000015de4000800, 0x0000015de4087000, 0x0000015de4a3e000,
0x0000015de4a3f000, 0x0000015de4a48800, 0x0000015de4a55000, 0x0000015de4b1b000,
0x0000015de4b16000
}

Java Threads: ( => current thread )
  0x0000015dc6abb000 JavaThread "main" [_thread_blocked, id=6928, stack(0x0000000553f00000,0x0000000554000000)]
  0x0000015de20e5800 JavaThread "Reference Handler" daemon [_thread_blocked, id=1896, stack(0x0000000554600000,0x0000000554700000)]
  0x0000015de20e6800 JavaThread "Finalizer" daemon [_thread_blocked, id=8424, stack(0x0000000554700000,0x0000000554800000)]
  0x0000015de2102800 JavaThread "Signal Dispatcher" daemon [_thread_blocked, id=10060, stack(0x0000000554800000,0x0000000554900000)]
  0x0000015de2103800 JavaThread "Attach Listener" daemon [_thread_blocked, id=1604, stack(0x0000000554900000,0x0000000554a00000)]
  0x0000015de2104800 JavaThread "C1 CompilerThread0" daemon [_thread_blocked, id=3080, stack(0x0000000554a00000,0x0000000554b00000)]
  0x0000015de2114000 JavaThread "Sweeper thread" daemon [_thread_blocked, id=10248, stack(0x0000000554b00000,0x0000000554c00000)]
  0x0000015de20ca000 JavaThread "Common-Cleaner" daemon [_thread_blocked, id=9772, stack(0x0000000554c00000,0x0000000554d00000)]
  0x0000015de2e6d000 JavaThread "Monitor Ctrl-Break" daemon [_thread_in_native, id=4276, stack(0x0000000554d00000,0x0000000554e00000)]
  0x0000015de2e6d800 JavaThread "Service Thread" daemon [_thread_blocked, id=9032, stack(0x0000000554e00000,0x0000000554f00000)]
  0x0000015de306b000 JavaThread "RMI TCP Accept-0" daemon [_thread_in_native, id=12228, stack(0x0000000554f00000,0x0000000555000000)]
  0x0000015de33e6800 JavaThread "Thread-0" [_thread_blocked, id=8288, stack(0x0000000555300000,0x0000000555400000)]
=>0x0000015de33e8000 JavaThread "restartedMain" [_thread_in_vm, id=11612, stack(0x0000000555400000,0x0000000555500000)]
  0x0000015de4000800 JavaThread "RMI TCP Connection(1)-192.168.56.1" daemon [_thread_in_native, id=6448, stack(0x0000000555c00000,0x0000000555d00000)]
  0x0000015de4087000 JavaThread "RMI Scheduler(0)" daemon [_thread_blocked, id=6072, stack(0x0000000555d00000,0x0000000555e00000)]
  0x0000015de4a3e000 JavaThread "Catalina-utility-1" [_thread_blocked, id=11668, stack(0x0000000555e00000,0x0000000555f00000)]
  0x0000015de4a3f000 JavaThread "Catalina-utility-2" [_thread_blocked, id=2476, stack(0x0000000555f00000,0x0000000556000000)]
  0x0000015de4a48800 JavaThread "container-0" [_thread_blocked, id=4744, stack(0x0000000556000000,0x0000000556100000)]
  0x0000015de4a55000 JavaThread "mysql-cj-abandoned-connection-cleanup" daemon [_thread_blocked, id=11632, stack(0x0000000556100000,0x0000000556200000)]
  0x0000015de4b1b000 JavaThread "HikariPool-1 housekeeper" daemon [_thread_blocked, id=1872, stack(0x0000000556300000,0x0000000556400000)]
  0x0000015de4b16000 JavaThread "HikariPool-1 connection adder" daemon [_thread_blocked, id=8560, stack(0x0000000556400000,0x0000000556500000)]

Other Threads:
  0x0000015de20e1000 VMThread "VM Thread" [stack: 0x0000000554500000,0x0000000554600000] [id=6440]
  0x0000015de306e000 WatcherThread [stack: 0x0000000555000000,0x0000000555100000] [id=4496]
  0x0000015dc6ad2800 GCTaskThread "GC Thread#0" [stack: 0x0000000554000000,0x0000000554100000] [id=3712]
  0x0000015de33b0000 GCTaskThread "GC Thread#1" [stack: 0x0000000555100000,0x0000000555200000] [id=10336]
  0x0000015de3537000 GCTaskThread "GC Thread#2" [stack: 0x0000000555600000,0x0000000555700000] [id=1320]
  0x0000015de3538000 GCTaskThread "GC Thread#3" [stack: 0x0000000555700000,0x0000000555800000] [id=10092]
  0x0000015de35a3000 GCTaskThread "GC Thread#4" [stack: 0x0000000555800000,0x0000000555900000] [id=7892]
  0x0000015de35a4000 GCTaskThread "GC Thread#5" [stack: 0x0000000555900000,0x0000000555a00000] [id=396]
  0x0000015de3582000 GCTaskThread "GC Thread#6" [stack: 0x0000000555a00000,0x0000000555b00000] [id=6940]
  0x0000015de3587000 GCTaskThread "GC Thread#7" [stack: 0x0000000555b00000,0x0000000555c00000] [id=9228]
  0x0000015dc6afa000 ConcurrentGCThread "G1 Main Marker" [stack: 0x0000000554100000,0x0000000554200000] [id=1060]
  0x0000015dc6afc800 ConcurrentGCThread "G1 Conc#0" [stack: 0x0000000554200000,0x0000000554300000] [id=5048]
  0x0000015de4429800 ConcurrentGCThread "G1 Conc#1" [stack: 0x0000000555500000,0x0000000555600000] [id=11676]
  0x0000015de1f80800 ConcurrentGCThread "G1 Refine#0" [stack: 0x0000000554300000,0x0000000554400000] [id=8908]
  0x0000015de2d9d800 ConcurrentGCThread "G1 Refine#1" [stack: 0x0000000555200000,0x0000000555300000] [id=7588]
  0x0000015dc6b75800 ConcurrentGCThread "G1 Young RemSet Sampling" [stack: 0x0000000554400000,0x0000000554500000] [id=2160]

Threads with active compile tasks:

VM state:not at safepoint (normal execution)

VM Mutex/Monitor currently owned by a thread: None

Heap address: 0x00000000a0c00000, size: 1524 MB, Compressed Oops mode: 32-bit
Narrow klass base: 0x0000000800000000, Narrow klass shift: 3
Compressed class space size: 1073741824 Address: 0x0000000840000000

Heap:
 garbage-first heap   total 118784K, used 31667K [0x00000000a0c00000, 0x0000000100000000)
  region size 1024K, 17 young (17408K), 7 survivors (7168K)
 Metaspace       used 44456K, capacity 45861K, committed 46028K, reserved 1089536K
  class space    used 6285K, capacity 6840K, committed 6860K, reserved 1048576K
Heap Regions: E=young(eden), S=young(survivor), O=old, HS=humongous(starts), HC=humongous(continues), CS=collection set, F=free, A=archive, TAMS=top-at-mark-start (previous, next)
|   0|0x00000000a0c00000, 0x00000000a0d00000, 0x00000000a0d00000|100%|HS|  |TAMS 0x00000000a0d00000, 0x00000000a0c00000| Complete 
|   1|0x00000000a0d00000, 0x00000000a0e00000, 0x00000000a0e00000|100%| O|  |TAMS 0x00000000a0e00000, 0x00000000a0d00000| Untracked 
|   2|0x00000000a0e00000, 0x00000000a0f00000, 0x00000000a0f00000|100%| O|  |TAMS 0x00000000a0f00000, 0x00000000a0e00000| Untracked 
|   3|0x00000000a0f00000, 0x00000000a1000000, 0x00000000a1000000|100%| O|  |TAMS 0x00000000a1000000, 0x00000000a0f00000| Untracked 
|   4|0x00000000a1000000, 0x00000000a1100000, 0x00000000a1100000|100%| O|  |TAMS 0x00000000a1100000, 0x00000000a1000000| Untracked 
|   5|0x00000000a1100000, 0x00000000a1200000, 0x00000000a1200000|100%| O|  |TAMS 0x00000000a1200000, 0x00000000a1100000| Untracked 
|   6|0x00000000a1200000, 0x00000000a1300000, 0x00000000a1300000|100%| O|  |TAMS 0x00000000a1300000, 0x00000000a1200000| Untracked 
|   7|0x00000000a1300000, 0x00000000a1400000, 0x00000000a1400000|100%| O|  |TAMS 0x00000000a1400000, 0x00000000a1300000| Untracked 
|   8|0x00000000a1400000, 0x00000000a1500000, 0x00000000a1500000|100%| O|  |TAMS 0x00000000a1500000, 0x00000000a1400000| Untracked 
|   9|0x00000000a1500000, 0x00000000a1600000, 0x00000000a1600000|100%| O|  |TAMS 0x00000000a1600000, 0x00000000a1500000| Untracked 
|  10|0x00000000a1600000, 0x00000000a1700000, 0x00000000a1700000|100%| O|  |TAMS 0x00000000a1700000, 0x00000000a1600000| Untracked 
|  11|0x00000000a1700000, 0x00000000a1800000, 0x00000000a1800000|100%| O|  |TAMS 0x00000000a1800000, 0x00000000a1700000| Untracked 
|  12|0x00000000a1800000, 0x00000000a1900000, 0x00000000a1900000|100%| O|  |TAMS 0x00000000a1900000, 0x00000000a1800000| Untracked 
|  13|0x00000000a1900000, 0x00000000a1a00000, 0x00000000a1a00000|100%| O|  |TAMS 0x00000000a1a00000, 0x00000000a1900000| Untracked 
|  14|0x00000000a1a00000, 0x00000000a1b00000, 0x00000000a1b00000|100%| O|  |TAMS 0x00000000a1b00000, 0x00000000a1a00000| Untracked 
|  15|0x00000000a1b00000, 0x00000000a1b3e400, 0x00000000a1c00000| 24%| O|  |TAMS 0x00000000a1b3e400, 0x00000000a1b00000| Untracked 
|  16|0x00000000a1c00000, 0x00000000a1c00000, 0x00000000a1d00000|  0%| F|  |TAMS 0x00000000a1c00000, 0x00000000a1c00000| Untracked 
|  17|0x00000000a1d00000, 0x00000000a1d00000, 0x00000000a1e00000|  0%| F|  |TAMS 0x00000000a1d00000, 0x00000000a1d00000| Untracked 
|  18|0x00000000a1e00000, 0x00000000a1e00000, 0x00000000a1f00000|  0%| F|  |TAMS 0x00000000a1e00000, 0x00000000a1e00000| Untracked 
|  19|0x00000000a1f00000, 0x00000000a1f00000, 0x00000000a2000000|  0%| F|  |TAMS 0x00000000a1f00000, 0x00000000a1f00000| Untracked 
|  20|0x00000000a2000000, 0x00000000a2000000, 0x00000000a2100000|  0%| F|  |TAMS 0x00000000a2000000, 0x00000000a2000000| Untracked 
|  21|0x00000000a2100000, 0x00000000a2100000, 0x00000000a2200000|  0%| F|  |TAMS 0x00000000a2100000, 0x00000000a2100000| Untracked 
|  22|0x00000000a2200000, 0x00000000a2200000, 0x00000000a2300000|  0%| F|  |TAMS 0x00000000a2200000, 0x00000000a2200000| Untracked 
|  23|0x00000000a2300000, 0x00000000a2300000, 0x00000000a2400000|  0%| F|  |TAMS 0x00000000a2300000, 0x00000000a2300000| Untracked 
|  24|0x00000000a2400000, 0x00000000a2400000, 0x00000000a2500000|  0%| F|  |TAMS 0x00000000a2400000, 0x00000000a2400000| Untracked 
|  25|0x00000000a2500000, 0x00000000a2500000, 0x00000000a2600000|  0%| F|  |TAMS 0x00000000a2500000, 0x00000000a2500000| Untracked 
|  26|0x00000000a2600000, 0x00000000a2600000, 0x00000000a2700000|  0%| F|  |TAMS 0x00000000a2600000, 0x00000000a2600000| Untracked 
|  27|0x00000000a2700000, 0x00000000a2700000, 0x00000000a2800000|  0%| F|  |TAMS 0x00000000a2700000, 0x00000000a2700000| Untracked 
|  28|0x00000000a2800000, 0x00000000a2800000, 0x00000000a2900000|  0%| F|  |TAMS 0x00000000a2800000, 0x00000000a2800000| Untracked 
|  29|0x00000000a2900000, 0x00000000a2900000, 0x00000000a2a00000|  0%| F|  |TAMS 0x00000000a2900000, 0x00000000a2900000| Untracked 
|  30|0x00000000a2a00000, 0x00000000a2a00000, 0x00000000a2b00000|  0%| F|  |TAMS 0x00000000a2a00000, 0x00000000a2a00000| Untracked 
|  31|0x00000000a2b00000, 0x00000000a2b00000, 0x00000000a2c00000|  0%| F|  |TAMS 0x00000000a2b00000, 0x00000000a2b00000| Untracked 
|  32|0x00000000a2c00000, 0x00000000a2c00000, 0x00000000a2d00000|  0%| F|  |TAMS 0x00000000a2c00000, 0x00000000a2c00000| Untracked 
|  33|0x00000000a2d00000, 0x00000000a2d00000, 0x00000000a2e00000|  0%| F|  |TAMS 0x00000000a2d00000, 0x00000000a2d00000| Untracked 
|  34|0x00000000a2e00000, 0x00000000a2e00000, 0x00000000a2f00000|  0%| F|  |TAMS 0x00000000a2e00000, 0x00000000a2e00000| Untracked 
|  35|0x00000000a2f00000, 0x00000000a2f00000, 0x00000000a3000000|  0%| F|  |TAMS 0x00000000a2f00000, 0x00000000a2f00000| Untracked 
|  36|0x00000000a3000000, 0x00000000a3000000, 0x00000000a3100000|  0%| F|  |TAMS 0x00000000a3000000, 0x00000000a3000000| Untracked 
|  37|0x00000000a3100000, 0x00000000a3100000, 0x00000000a3200000|  0%| F|  |TAMS 0x00000000a3100000, 0x00000000a3100000| Untracked 
|  38|0x00000000a3200000, 0x00000000a3200000, 0x00000000a3300000|  0%| F|  |TAMS 0x00000000a3200000, 0x00000000a3200000| Untracked 
|  39|0x00000000a3300000, 0x00000000a3300000, 0x00000000a3400000|  0%| F|  |TAMS 0x00000000a3300000, 0x00000000a3300000| Untracked 
|  40|0x00000000a3400000, 0x00000000a34aeb10, 0x00000000a3500000| 68%| S|CS|TAMS 0x00000000a3400000, 0x00000000a3400000| Complete 
|  41|0x00000000a3500000, 0x00000000a3600000, 0x00000000a3600000|100%| S|CS|TAMS 0x00000000a3500000, 0x00000000a3500000| Complete 
|  42|0x00000000a3600000, 0x00000000a3700000, 0x00000000a3700000|100%| S|CS|TAMS 0x00000000a3600000, 0x00000000a3600000| Complete 
|  43|0x00000000a3700000, 0x00000000a3800000, 0x00000000a3800000|100%| S|CS|TAMS 0x00000000a3700000, 0x00000000a3700000| Complete 
|  44|0x00000000a3800000, 0x00000000a3900000, 0x00000000a3900000|100%| S|CS|TAMS 0x00000000a3800000, 0x00000000a3800000| Complete 
|  45|0x00000000a3900000, 0x00000000a3a00000, 0x00000000a3a00000|100%| S|CS|TAMS 0x00000000a3900000, 0x00000000a3900000| Complete 
|  46|0x00000000a3a00000, 0x00000000a3b00000, 0x00000000a3b00000|100%| S|CS|TAMS 0x00000000a3a00000, 0x00000000a3a00000| Complete 
|  47|0x00000000a3b00000, 0x00000000a3b00000, 0x00000000a3c00000|  0%| F|  |TAMS 0x00000000a3b00000, 0x00000000a3b00000| Untracked 
|  48|0x00000000a3c00000, 0x00000000a3c00000, 0x00000000a3d00000|  0%| F|  |TAMS 0x00000000a3c00000, 0x00000000a3c00000| Untracked 
|  49|0x00000000a3d00000, 0x00000000a3d00000, 0x00000000a3e00000|  0%| F|  |TAMS 0x00000000a3d00000, 0x00000000a3d00000| Untracked 
|  50|0x00000000a3e00000, 0x00000000a3e00000, 0x00000000a3f00000|  0%| F|  |TAMS 0x00000000a3e00000, 0x00000000a3e00000| Untracked 
|  51|0x00000000a3f00000, 0x00000000a3f00000, 0x00000000a4000000|  0%| F|  |TAMS 0x00000000a3f00000, 0x00000000a3f00000| Untracked 
|  52|0x00000000a4000000, 0x00000000a4000000, 0x00000000a4100000|  0%| F|  |TAMS 0x00000000a4000000, 0x00000000a4000000| Untracked 
|  53|0x00000000a4100000, 0x00000000a4100000, 0x00000000a4200000|  0%| F|  |TAMS 0x00000000a4100000, 0x00000000a4100000| Untracked 
|  54|0x00000000a4200000, 0x00000000a4200000, 0x00000000a4300000|  0%| F|  |TAMS 0x00000000a4200000, 0x00000000a4200000| Untracked 
|  55|0x00000000a4300000, 0x00000000a4300000, 0x00000000a4400000|  0%| F|  |TAMS 0x00000000a4300000, 0x00000000a4300000| Untracked 
|  56|0x00000000a4400000, 0x00000000a4400000, 0x00000000a4500000|  0%| F|  |TAMS 0x00000000a4400000, 0x00000000a4400000| Untracked 
|  57|0x00000000a4500000, 0x00000000a4500000, 0x00000000a4600000|  0%| F|  |TAMS 0x00000000a4500000, 0x00000000a4500000| Untracked 
|  58|0x00000000a4600000, 0x00000000a4600000, 0x00000000a4700000|  0%| F|  |TAMS 0x00000000a4600000, 0x00000000a4600000| Untracked 
|  59|0x00000000a4700000, 0x00000000a4700000, 0x00000000a4800000|  0%| F|  |TAMS 0x00000000a4700000, 0x00000000a4700000| Untracked 
|  60|0x00000000a4800000, 0x00000000a4800000, 0x00000000a4900000|  0%| F|  |TAMS 0x00000000a4800000, 0x00000000a4800000| Untracked 
|  61|0x00000000a4900000, 0x00000000a4900000, 0x00000000a4a00000|  0%| F|  |TAMS 0x00000000a4900000, 0x00000000a4900000| Untracked 
|  62|0x00000000a4a00000, 0x00000000a4a00000, 0x00000000a4b00000|  0%| F|  |TAMS 0x00000000a4a00000, 0x00000000a4a00000| Untracked 
|  63|0x00000000a4b00000, 0x00000000a4b00000, 0x00000000a4c00000|  0%| F|  |TAMS 0x00000000a4b00000, 0x00000000a4b00000| Untracked 
|  64|0x00000000a4c00000, 0x00000000a4c00000, 0x00000000a4d00000|  0%| F|  |TAMS 0x00000000a4c00000, 0x00000000a4c00000| Untracked 
|  65|0x00000000a4d00000, 0x00000000a4d00000, 0x00000000a4e00000|  0%| F|  |TAMS 0x00000000a4d00000, 0x00000000a4d00000| Untracked 
|  66|0x00000000a4e00000, 0x00000000a4e00000, 0x00000000a4f00000|  0%| F|  |TAMS 0x00000000a4e00000, 0x00000000a4e00000| Untracked 
|  67|0x00000000a4f00000, 0x00000000a4f00000, 0x00000000a5000000|  0%| F|  |TAMS 0x00000000a4f00000, 0x00000000a4f00000| Untracked 
|  68|0x00000000a5000000, 0x00000000a5000000, 0x00000000a5100000|  0%| F|  |TAMS 0x00000000a5000000, 0x00000000a5000000| Untracked 
|  69|0x00000000a5100000, 0x00000000a5100000, 0x00000000a5200000|  0%| F|  |TAMS 0x00000000a5100000, 0x00000000a5100000| Untracked 
|  70|0x00000000a5200000, 0x00000000a5200000, 0x00000000a5300000|  0%| F|  |TAMS 0x00000000a5200000, 0x00000000a5200000| Untracked 
|  71|0x00000000a5300000, 0x00000000a5300000, 0x00000000a5400000|  0%| F|  |TAMS 0x00000000a5300000, 0x00000000a5300000| Untracked 
|  72|0x00000000a5400000, 0x00000000a5400000, 0x00000000a5500000|  0%| F|  |TAMS 0x00000000a5400000, 0x00000000a5400000| Untracked 
|  73|0x00000000a5500000, 0x00000000a5500000, 0x00000000a5600000|  0%| F|  |TAMS 0x00000000a5500000, 0x00000000a5500000| Untracked 
|  74|0x00000000a5600000, 0x00000000a5600000, 0x00000000a5700000|  0%| F|  |TAMS 0x00000000a5600000, 0x00000000a5600000| Untracked 
|  75|0x00000000a5700000, 0x00000000a5700000, 0x00000000a5800000|  0%| F|  |TAMS 0x00000000a5700000, 0x00000000a5700000| Untracked 
|  76|0x00000000a5800000, 0x00000000a5800000, 0x00000000a5900000|  0%| F|  |TAMS 0x00000000a5800000, 0x00000000a5800000| Untracked 
|  77|0x00000000a5900000, 0x00000000a5900000, 0x00000000a5a00000|  0%| F|  |TAMS 0x00000000a5900000, 0x00000000a5900000| Untracked 
|  78|0x00000000a5a00000, 0x00000000a5a00000, 0x00000000a5b00000|  0%| F|  |TAMS 0x00000000a5a00000, 0x00000000a5a00000| Untracked 
|  79|0x00000000a5b00000, 0x00000000a5b00000, 0x00000000a5c00000|  0%| F|  |TAMS 0x00000000a5b00000, 0x00000000a5b00000| Untracked 
|  80|0x00000000a5c00000, 0x00000000a5c00000, 0x00000000a5d00000|  0%| F|  |TAMS 0x00000000a5c00000, 0x00000000a5c00000| Untracked 
|  81|0x00000000a5d00000, 0x00000000a5d00000, 0x00000000a5e00000|  0%| F|  |TAMS 0x00000000a5d00000, 0x00000000a5d00000| Untracked 
|  82|0x00000000a5e00000, 0x00000000a5e00000, 0x00000000a5f00000|  0%| F|  |TAMS 0x00000000a5e00000, 0x00000000a5e00000| Untracked 
|  83|0x00000000a5f00000, 0x00000000a5f00000, 0x00000000a6000000|  0%| F|  |TAMS 0x00000000a5f00000, 0x00000000a5f00000| Untracked 
|  84|0x00000000a6000000, 0x00000000a6000000, 0x00000000a6100000|  0%| F|  |TAMS 0x00000000a6000000, 0x00000000a6000000| Untracked 
|  85|0x00000000a6100000, 0x00000000a6100000, 0x00000000a6200000|  0%| F|  |TAMS 0x00000000a6100000, 0x00000000a6100000| Untracked 
|  86|0x00000000a6200000, 0x00000000a6200000, 0x00000000a6300000|  0%| F|  |TAMS 0x00000000a6200000, 0x00000000a6200000| Untracked 
|  87|0x00000000a6300000, 0x00000000a6300000, 0x00000000a6400000|  0%| F|  |TAMS 0x00000000a6300000, 0x00000000a6300000| Untracked 
|  88|0x00000000a6400000, 0x00000000a6400000, 0x00000000a6500000|  0%| F|  |TAMS 0x00000000a6400000, 0x00000000a6400000| Untracked 
|  89|0x00000000a6500000, 0x00000000a6500000, 0x00000000a6600000|  0%| F|  |TAMS 0x00000000a6500000, 0x00000000a6500000| Untracked 
|  90|0x00000000a6600000, 0x00000000a6600000, 0x00000000a6700000|  0%| F|  |TAMS 0x00000000a6600000, 0x00000000a6600000| Untracked 
|  91|0x00000000a6700000, 0x00000000a6700000, 0x00000000a6800000|  0%| F|  |TAMS 0x00000000a6700000, 0x00000000a6700000| Untracked 
|  92|0x00000000a6800000, 0x00000000a6800000, 0x00000000a6900000|  0%| F|  |TAMS 0x00000000a6800000, 0x00000000a6800000| Untracked 
|  93|0x00000000a6900000, 0x00000000a6900000, 0x00000000a6a00000|  0%| F|  |TAMS 0x00000000a6900000, 0x00000000a6900000| Untracked 
|  94|0x00000000a6a00000, 0x00000000a6a00000, 0x00000000a6b00000|  0%| F|  |TAMS 0x00000000a6a00000, 0x00000000a6a00000| Untracked 
|  95|0x00000000a6b00000, 0x00000000a6b00000, 0x00000000a6c00000|  0%| F|  |TAMS 0x00000000a6b00000, 0x00000000a6b00000| Untracked 
|  96|0x00000000a6c00000, 0x00000000a6c00000, 0x00000000a6d00000|  0%| F|  |TAMS 0x00000000a6c00000, 0x00000000a6c00000| Untracked 
|  97|0x00000000a6d00000, 0x00000000a6d00000, 0x00000000a6e00000|  0%| F|  |TAMS 0x00000000a6d00000, 0x00000000a6d00000| Untracked 
|  98|0x00000000a6e00000, 0x00000000a6e00000, 0x00000000a6f00000|  0%| F|  |TAMS 0x00000000a6e00000, 0x00000000a6e00000| Untracked 
|  99|0x00000000a6f00000, 0x00000000a6f00000, 0x00000000a7000000|  0%| F|  |TAMS 0x00000000a6f00000, 0x00000000a6f00000| Untracked 
| 100|0x00000000a7000000, 0x00000000a7000000, 0x00000000a7100000|  0%| F|  |TAMS 0x00000000a7000000, 0x00000000a7000000| Untracked 
| 101|0x00000000a7100000, 0x00000000a7100000, 0x00000000a7200000|  0%| F|  |TAMS 0x00000000a7100000, 0x00000000a7100000| Untracked 
| 102|0x00000000a7200000, 0x00000000a7200000, 0x00000000a7300000|  0%| F|  |TAMS 0x00000000a7200000, 0x00000000a7200000| Untracked 
| 103|0x00000000a7300000, 0x00000000a7300000, 0x00000000a7400000|  0%| F|  |TAMS 0x00000000a7300000, 0x00000000a7300000| Untracked 
| 104|0x00000000a7400000, 0x00000000a7400000, 0x00000000a7500000|  0%| F|  |TAMS 0x00000000a7400000, 0x00000000a7400000| Untracked 
| 105|0x00000000a7500000, 0x00000000a7500000, 0x00000000a7600000|  0%| F|  |TAMS 0x00000000a7500000, 0x00000000a7500000| Untracked 
| 106|0x00000000a7600000, 0x00000000a7700000, 0x00000000a7700000|100%| E|  |TAMS 0x00000000a7600000, 0x00000000a7600000| Complete 
| 107|0x00000000a7700000, 0x00000000a7800000, 0x00000000a7800000|100%| E|CS|TAMS 0x00000000a7700000, 0x00000000a7700000| Complete 
| 108|0x00000000a7800000, 0x00000000a7900000, 0x00000000a7900000|100%| E|CS|TAMS 0x00000000a7800000, 0x00000000a7800000| Complete 
| 109|0x00000000a7900000, 0x00000000a7a00000, 0x00000000a7a00000|100%| E|CS|TAMS 0x00000000a7900000, 0x00000000a7900000| Complete 
| 110|0x00000000a7a00000, 0x00000000a7b00000, 0x00000000a7b00000|100%| E|CS|TAMS 0x00000000a7a00000, 0x00000000a7a00000| Complete 
| 111|0x00000000a7b00000, 0x00000000a7c00000, 0x00000000a7c00000|100%| E|CS|TAMS 0x00000000a7b00000, 0x00000000a7b00000| Complete 
| 112|0x00000000a7c00000, 0x00000000a7d00000, 0x00000000a7d00000|100%| E|CS|TAMS 0x00000000a7c00000, 0x00000000a7c00000| Complete 
| 113|0x00000000a7d00000, 0x00000000a7e00000, 0x00000000a7e00000|100%| E|CS|TAMS 0x00000000a7d00000, 0x00000000a7d00000| Complete 
| 114|0x00000000a7e00000, 0x00000000a7f00000, 0x00000000a7f00000|100%| E|CS|TAMS 0x00000000a7e00000, 0x00000000a7e00000| Complete 
| 115|0x00000000a7f00000, 0x00000000a8000000, 0x00000000a8000000|100%| E|CS|TAMS 0x00000000a7f00000, 0x00000000a7f00000| Complete 

Card table byte_map: [0x0000015ddc0e0000,0x0000015ddc3e0000] _byte_map_base: 0x0000015ddbbda000

Marking Bits (Prev, Next): (CMBitMap*) 0x0000015dc6af3508, (CMBitMap*) 0x0000015dc6af3540
 Prev Bits: [0x0000015ddc6e0000, 0x0000015dddeb0000)
 Next Bits: [0x0000015dddeb0000, 0x0000015ddf680000)

Polling page: 0x0000015dc6950000

Metaspace:

Usage:
  Non-class:     38.11 MB capacity,    37.28 MB ( 98%) used,   692.82 KB (  2%) free+waste,   157.13 KB ( <1%) overhead. 
      Class:      6.68 MB capacity,     6.14 MB ( 92%) used,   475.55 KB (  7%) free+waste,    79.00 KB (  1%) overhead. 
       Both:     44.79 MB capacity,    43.41 MB ( 97%) used,     1.14 MB (  3%) free+waste,   236.13 KB ( <1%) overhead. 

Virtual space:
  Non-class space:       40.00 MB reserved,      38.25 MB ( 96%) committed 
      Class space:        1.00 GB reserved,       6.70 MB ( <1%) committed 
             Both:        1.04 GB reserved,      44.95 MB (  4%) committed 

Chunk freelists:
   Non-Class:  19.00 KB
       Class:  8.00 KB
        Both:  27.00 KB

MaxMetaspaceSize: 17179869184.00 GB
CompressedClassSpaceSize: 1.00 GB

CodeHeap 'non-profiled nmethods': size=238336Kb used=7572Kb max_used=7572Kb free=230763Kb
 bounds [0x0000015dccaa0000, 0x0000015dcd210000, 0x0000015ddb360000]
CodeHeap 'non-nmethods': size=7424Kb used=1245Kb max_used=1245Kb free=6178Kb
 bounds [0x0000015dcc360000, 0x0000015dcc5d0000, 0x0000015dccaa0000]
 total_blobs=5456 nmethods=4567 adapters=532
 compilation: enabled
              stopped_count=0, restarted_count=0
 full_count=0

Compilation events (20 events):
Event: 4.834 Thread 0x0000015de2104800 4569       1       org.springframework.beans.factory.annotation.InjectionMetadata$1::clear (1 bytes)
Event: 4.834 Thread 0x0000015de2104800 nmethod 4569 0x0000015dcd201810 code [0x0000015dcd2019c0, 0x0000015dcd201af8]
Event: 4.834 Thread 0x0000015de2104800 4570       1       org.springframework.util.ReflectionUtils::findConcreteMethodsOnInterfaces (100 bytes)
Event: 4.835 Thread 0x0000015de2104800 nmethod 4570 0x0000015dcd201b90 code [0x0000015dcd201da0, 0x0000015dcd2021c0]
Event: 4.837 Thread 0x0000015de2104800 4571       1       org.springframework.core.annotation.AnnotationUtils::isCandidateClass (9 bytes)
Event: 4.837 Thread 0x0000015de2104800 nmethod 4571 0x0000015dcd202490 code [0x0000015dcd202680, 0x0000015dcd2028c0]
Event: 4.838 Thread 0x0000015de2104800 4572       1       org.springframework.core.convert.TypeDescriptor$AnnotatedElementAdapter::<init> (15 bytes)
Event: 4.838 Thread 0x0000015de2104800 nmethod 4572 0x0000015dcd202a90 code [0x0000015dcd202c40, 0x0000015dcd202e18]
Event: 4.851 Thread 0x0000015de2104800 4573       1       sun.reflect.generics.parser.SignatureParser::parseIdentifier (13 bytes)
Event: 4.851 Thread 0x0000015de2104800 nmethod 4573 0x0000015dcd202e90 code [0x0000015dcd203060, 0x0000015dcd203200]
Event: 4.851 Thread 0x0000015de2104800 4574       1       sun.reflect.generics.reflectiveObjects.WildcardTypeImpl::getUpperBounds (34 bytes)
Event: 4.852 Thread 0x0000015de2104800 nmethod 4574 0x0000015dcd203310 code [0x0000015dcd2034e0, 0x0000015dcd203800]
Event: 4.853 Thread 0x0000015de2104800 4575   !   1       org.springframework.util.ClassUtils::isVisible (26 bytes)
Event: 4.854 Thread 0x0000015de2104800 nmethod 4575 0x0000015dcd203910 code [0x0000015dcd203b00, 0x0000015dcd203ea0]
Event: 4.856 Thread 0x0000015de2104800 4576       1       org.springframework.beans.GenericTypeAwarePropertyDescriptor::getWriteMethod (5 bytes)
Event: 4.856 Thread 0x0000015de2104800 nmethod 4576 0x0000015dcd204210 code [0x0000015dcd2043c0, 0x0000015dcd2044f8]
Event: 4.857 Thread 0x0000015de2104800 4577       1       org.springframework.core.convert.support.GenericConversionService::getConverter (106 bytes)
Event: 4.857 Thread 0x0000015de2104800 nmethod 4577 0x0000015dcd204590 code [0x0000015dcd2047a0, 0x0000015dcd204c10]
Event: 4.857 Thread 0x0000015de2104800 4578       1       org.springframework.core.convert.support.GenericConversionService$ConverterCacheKey::<init> (15 bytes)
Event: 4.857 Thread 0x0000015de2104800 nmethod 4578 0x0000015dcd204e10 code [0x0000015dcd204fc0, 0x0000015dcd205198]

GC Heap History (20 events):
Event: 0.980 GC heap before
{Heap before GC invocations=0 (full 0):
 garbage-first heap   total 98304K, used 24576K [0x00000000a0c00000, 0x0000000100000000)
  region size 1024K, 24 young (24576K), 0 survivors (0K)
 Metaspace       used 6621K, capacity 6964K, committed 7168K, reserved 1056768K
  class space    used 825K, capacity 925K, committed 1024K, reserved 1048576K
}
Event: 0.990 GC heap after
{Heap after GC invocations=1 (full 0):
 garbage-first heap   total 98304K, used 7343K [0x00000000a0c00000, 0x0000000100000000)
  region size 1024K, 3 young (3072K), 3 survivors (3072K)
 Metaspace       used 6621K, capacity 6964K, committed 7168K, reserved 1056768K
  class space    used 825K, capacity 925K, committed 1024K, reserved 1048576K
}
Event: 1.210 GC heap before
{Heap before GC invocations=1 (full 0):
 garbage-first heap   total 98304K, used 61615K [0x00000000a0c00000, 0x0000000100000000)
  region size 1024K, 57 young (58368K), 3 survivors (3072K)
 Metaspace       used 9356K, capacity 9834K, committed 10112K, reserved 1058816K
  class space    used 1211K, capacity 1381K, committed 1408K, reserved 1048576K
}
Event: 1.214 GC heap after
{Heap after GC invocations=2 (full 0):
 garbage-first heap   total 98304K, used 8710K [0x00000000a0c00000, 0x0000000100000000)
  region size 1024K, 5 young (5120K), 5 survivors (5120K)
 Metaspace       used 9356K, capacity 9834K, committed 10112K, reserved 1058816K
  class space    used 1211K, capacity 1381K, committed 1408K, reserved 1048576K
}
Event: 1.657 GC heap before
{Heap before GC invocations=2 (full 0):
 garbage-first heap   total 98304K, used 60934K [0x00000000a0c00000, 0x0000000100000000)
  region size 1024K, 57 young (58368K), 5 survivors (5120K)
 Metaspace       used 17755K, capacity 18530K, committed 18688K, reserved 1064960K
  class space    used 2447K, capacity 2769K, committed 2816K, reserved 1048576K
}
Event: 1.664 GC heap after
{Heap after GC invocations=3 (full 0):
 garbage-first heap   total 98304K, used 10773K [0x00000000a0c00000, 0x0000000100000000)
  region size 1024K, 4 young (4096K), 4 survivors (4096K)
 Metaspace       used 17755K, capacity 18530K, committed 18688K, reserved 1064960K
  class space    used 2447K, capacity 2769K, committed 2816K, reserved 1048576K
}
Event: 1.985 GC heap before
{Heap before GC invocations=3 (full 0):
 garbage-first heap   total 98304K, used 64021K [0x00000000a0c00000, 0x0000000100000000)
  region size 1024K, 57 young (58368K), 4 survivors (4096K)
 Metaspace       used 19109K, capacity 19910K, committed 20224K, reserved 1067008K
  class space    used 2626K, capacity 2971K, committed 3072K, reserved 1048576K
}
Event: 1.989 GC heap after
{Heap after GC invocations=4 (full 0):
 garbage-first heap   total 98304K, used 11784K [0x00000000a0c00000, 0x0000000100000000)
  region size 1024K, 5 young (5120K), 5 survivors (5120K)
 Metaspace       used 19109K, capacity 19910K, committed 20224K, reserved 1067008K
  class space    used 2626K, capacity 2971K, committed 3072K, reserved 1048576K
}
Event: 2.411 GC heap before
{Heap before GC invocations=4 (full 0):
 garbage-first heap   total 98304K, used 42504K [0x00000000a0c00000, 0x0000000100000000)
  region size 1024K, 36 young (36864K), 5 survivors (5120K)
 Metaspace       used 20141K, capacity 21070K, committed 21248K, reserved 1067008K
  class space    used 2793K, capacity 3202K, committed 3328K, reserved 1048576K
}
Event: 2.421 GC heap after
{Heap after GC invocations=5 (full 0):
 garbage-first heap   total 98304K, used 12895K [0x00000000a0c00000, 0x0000000100000000)
  region size 1024K, 6 young (6144K), 6 survivors (6144K)
 Metaspace       used 20141K, capacity 21070K, committed 21248K, reserved 1067008K
  class space    used 2793K, capacity 3202K, committed 3328K, reserved 1048576K
}
Event: 3.162 GC heap before
{Heap before GC invocations=6 (full 0):
 garbage-first heap   total 98304K, used 65119K [0x00000000a0c00000, 0x0000000100000000)
  region size 1024K, 57 young (58368K), 6 survivors (6144K)
 Metaspace       used 25327K, capacity 26576K, committed 26624K, reserved 1071104K
  class space    used 3595K, capacity 4092K, committed 4096K, reserved 1048576K
}
Event: 3.171 GC heap after
{Heap after GC invocations=7 (full 0):
 garbage-first heap   total 98304K, used 15733K [0x00000000a0c00000, 0x0000000100000000)
  region size 1024K, 7 young (7168K), 7 survivors (7168K)
 Metaspace       used 25327K, capacity 26576K, committed 26624K, reserved 1071104K
  class space    used 3595K, capacity 4092K, committed 4096K, reserved 1048576K
}
Event: 3.299 GC heap before
{Heap before GC invocations=7 (full 0):
 garbage-first heap   total 98304K, used 65909K [0x00000000a0c00000, 0x0000000100000000)
  region size 1024K, 57 young (58368K), 7 survivors (7168K)
 Metaspace       used 26676K, capacity 27928K, committed 28032K, reserved 1073152K
  class space    used 3726K, capacity 4201K, committed 4224K, reserved 1048576K
}
Event: 3.306 GC heap after
{Heap after GC invocations=8 (full 0):
 garbage-first heap   total 118784K, used 16874K [0x00000000a0c00000, 0x0000000100000000)
  region size 1024K, 6 young (6144K), 6 survivors (6144K)
 Metaspace       used 26676K, capacity 27928K, committed 28032K, reserved 1073152K
  class space    used 3726K, capacity 4201K, committed 4224K, reserved 1048576K
}
Event: 3.609 GC heap before
{Heap before GC invocations=8 (full 0):
 garbage-first heap   total 118784K, used 80362K [0x00000000a0c00000, 0x0000000100000000)
  region size 1024K, 69 young (70656K), 6 survivors (6144K)
 Metaspace       used 29482K, capacity 30821K, committed 30976K, reserved 1075200K
  class space    used 4029K, capacity 4568K, committed 4608K, reserved 1048576K
}
Event: 3.614 GC heap after
{Heap after GC invocations=9 (full 0):
 garbage-first heap   total 118784K, used 17871K [0x00000000a0c00000, 0x0000000100000000)
  region size 1024K, 6 young (6144K), 6 survivors (6144K)
 Metaspace       used 29482K, capacity 30821K, committed 30976K, reserved 1075200K
  class space    used 4029K, capacity 4568K, committed 4608K, reserved 1048576K
}
Event: 3.889 GC heap before
{Heap before GC invocations=9 (full 0):
 garbage-first heap   total 118784K, used 46543K [0x00000000a0c00000, 0x0000000100000000)
  region size 1024K, 36 young (36864K), 6 survivors (6144K)
 Metaspace       used 34524K, capacity 35814K, committed 35840K, reserved 1079296K
  class space    used 4831K, capacity 5356K, committed 5376K, reserved 1048576K
}
Event: 3.896 GC heap after
{Heap after GC invocations=10 (full 0):
 garbage-first heap   total 118784K, used 20458K [0x00000000a0c00000, 0x0000000100000000)
  region size 1024K, 5 young (5120K), 5 survivors (5120K)
 Metaspace       used 34524K, capacity 35814K, committed 35840K, reserved 1079296K
  class space    used 4831K, capacity 5356K, committed 5376K, reserved 1048576K
}
Event: 4.749 GC heap before
{Heap before GC invocations=11 (full 0):
 garbage-first heap   total 118784K, used 85994K [0x00000000a0c00000, 0x0000000100000000)
  region size 1024K, 69 young (70656K), 5 survivors (5120K)
 Metaspace       used 43982K, capacity 45358K, committed 45516K, reserved 1087488K
  class space    used 6218K, capacity 6759K, committed 6860K, reserved 1048576K
}
Event: 4.755 GC heap after
{Heap after GC invocations=12 (full 0):
 garbage-first heap   total 118784K, used 22451K [0x00000000a0c00000, 0x0000000100000000)
  region size 1024K, 7 young (7168K), 7 survivors (7168K)
 Metaspace       used 43982K, capacity 45358K, committed 45516K, reserved 1087488K
  class space    used 6218K, capacity 6759K, committed 6860K, reserved 1048576K
}

Deoptimization events (2 events):
Event: 2.619 Thread 0x0000015de33e8000 DEOPT PACKING pc=0x0000015dccd86f34 sp=0x00000005554fcd40
Event: 2.619 Thread 0x0000015de33e8000 DEOPT UNPACKING pc=0x0000015dcc38904e sp=0x00000005554fc2a8 mode 0

Classes redefined (0 events):
No events

Internal exceptions (20 events):
Event: 4.800 Thread 0x0000015de33e8000 Exception <a 'java/lang/ClassNotFoundException'{0x00000000a7df7f60}: java/lang/ObjectCustomizer> (0x00000000a7df7f60) thrown at [c:/BuildAgent/work/5ff2f6c26000d570/src/hotspot/share/classfile/systemDictionary.cpp, line 231]
Event: 4.801 Thread 0x0000015de33e8000 Exception <a 'java/lang/ClassNotFoundException'{0x00000000a7c0c768}: org/springframework/data/repository/core/support/RepositoryFactoryBeanSupportCustomizer> (0x00000000a7c0c768) thrown at [c:/BuildAgent/work/5ff2f6c26000d570/src/hotspot/share/classfile/s
Event: 4.803 Thread 0x0000015de33e8000 Exception <a 'java/lang/ClassNotFoundException'{0x00000000a7c4c420}: org/springframework/data/repository/core/support/TransactionalRepositoryFactoryBeanSupportCustomizer> (0x00000000a7c4c420) thrown at [c:/BuildAgent/work/5ff2f6c26000d570/src/hotspot/shar
Event: 4.803 Thread 0x0000015de33e8000 Exception <a 'java/lang/ClassNotFoundException'{0x00000000a7c66680}: org/springframework/data/jpa/repository/support/JpaRepositoryFactoryBeanCustomizer> (0x00000000a7c66680) thrown at [c:/BuildAgent/work/5ff2f6c26000d570/src/hotspot/share/classfile/system
Event: 4.805 Thread 0x0000015de33e8000 Exception <a 'java/lang/ClassNotFoundException'{0x00000000a7c9bee0}: org/springframework/beans/factory/BeanFactoryAwareCustomizer> (0x00000000a7c9bee0) thrown at [c:/BuildAgent/work/5ff2f6c26000d570/src/hotspot/share/classfile/systemDictionary.cpp, line 2
Event: 4.805 Thread 0x0000015de33e8000 Exception <a 'java/lang/ClassNotFoundException'{0x00000000a7ca9fc8}: org/springframework/beans/factory/AwareCustomizer> (0x00000000a7ca9fc8) thrown at [c:/BuildAgent/work/5ff2f6c26000d570/src/hotspot/share/classfile/systemDictionary.cpp, line 231]
Event: 4.805 Thread 0x0000015de33e8000 Exception <a 'java/lang/ClassNotFoundException'{0x00000000a7cb85e8}: org/springframework/beans/factory/InitializingBeanCustomizer> (0x00000000a7cb85e8) thrown at [c:/BuildAgent/work/5ff2f6c26000d570/src/hotspot/share/classfile/systemDictionary.cpp, line 2
Event: 4.806 Thread 0x0000015de33e8000 Exception <a 'java/lang/ClassNotFoundException'{0x00000000a7cca2c8}: org/springframework/data/repository/core/support/RepositoryFactoryInformationCustomizer> (0x00000000a7cca2c8) thrown at [c:/BuildAgent/work/5ff2f6c26000d570/src/hotspot/share/classfile/s
Event: 4.806 Thread 0x0000015de33e8000 Exception <a 'java/lang/ClassNotFoundException'{0x00000000a7cde668}: org/springframework/beans/factory/FactoryBeanCustomizer> (0x00000000a7cde668) thrown at [c:/BuildAgent/work/5ff2f6c26000d570/src/hotspot/share/classfile/systemDictionary.cpp, line 231]
Event: 4.807 Thread 0x0000015de33e8000 Exception <a 'java/lang/ClassNotFoundException'{0x00000000a7cf0820}: org/springframework/beans/factory/BeanClassLoaderAwareCustomizer> (0x00000000a7cf0820) thrown at [c:/BuildAgent/work/5ff2f6c26000d570/src/hotspot/share/classfile/systemDictionary.cpp, li
Event: 4.807 Thread 0x0000015de33e8000 Exception <a 'java/lang/ClassNotFoundException'{0x00000000a7cfe408}: org/springframework/beans/factory/AwareCustomizer> (0x00000000a7cfe408) thrown at [c:/BuildAgent/work/5ff2f6c26000d570/src/hotspot/share/classfile/systemDictionary.cpp, line 231]
Event: 4.807 Thread 0x0000015de33e8000 Exception <a 'java/lang/ClassNotFoundException'{0x00000000a7b0cea0}: org/springframework/beans/factory/BeanFactoryAwareCustomizer> (0x00000000a7b0cea0) thrown at [c:/BuildAgent/work/5ff2f6c26000d570/src/hotspot/share/classfile/systemDictionary.cpp, line 2
Event: 4.808 Thread 0x0000015de33e8000 Exception <a 'java/lang/ClassNotFoundException'{0x00000000a7b1af88}: org/springframework/beans/factory/AwareCustomizer> (0x00000000a7b1af88) thrown at [c:/BuildAgent/work/5ff2f6c26000d570/src/hotspot/share/classfile/systemDictionary.cpp, line 231]
Event: 4.808 Thread 0x0000015de33e8000 Exception <a 'java/lang/ClassNotFoundException'{0x00000000a7b2a2d8}: org/springframework/context/ApplicationEventPublisherAwareCustomizer> (0x00000000a7b2a2d8) thrown at [c:/BuildAgent/work/5ff2f6c26000d570/src/hotspot/share/classfile/systemDictionary.cpp
Event: 4.808 Thread 0x0000015de33e8000 Exception <a 'java/lang/ClassNotFoundException'{0x00000000a7b38618}: org/springframework/beans/factory/AwareCustomizer> (0x00000000a7b38618) thrown at [c:/BuildAgent/work/5ff2f6c26000d570/src/hotspot/share/classfile/systemDictionary.cpp, line 231]
Event: 4.812 Thread 0x0000015de33e8000 Exception <a 'java/lang/ClassNotFoundException'{0x00000000a7b7fac8}: java/lang/ObjectCustomizer> (0x00000000a7b7fac8) thrown at [c:/BuildAgent/work/5ff2f6c26000d570/src/hotspot/share/classfile/systemDictionary.cpp, line 231]
Event: 4.813 Thread 0x0000015de33e8000 Exception <a 'java/lang/ClassNotFoundException'{0x00000000a7b922d0}: org/springframework/core/io/support/PropertiesLoaderSupportCustomizer> (0x00000000a7b922d0) thrown at [c:/BuildAgent/work/5ff2f6c26000d570/src/hotspot/share/classfile/systemDictionary.cp
Event: 4.814 Thread 0x0000015de33e8000 Exception <a 'java/lang/ClassNotFoundException'{0x00000000a7ba9fa8}: org/springframework/beans/factory/config/PropertiesFactoryBeanCustomizer> (0x00000000a7ba9fa8) thrown at [c:/BuildAgent/work/5ff2f6c26000d570/src/hotspot/share/classfile/systemDictionary
Event: 4.814 Thread 0x0000015de33e8000 Exception <a 'java/lang/ClassNotFoundException'{0x00000000a7bc7cc0}: org/springframework/beans/factory/FactoryBeanCustomizer> (0x00000000a7bc7cc0) thrown at [c:/BuildAgent/work/5ff2f6c26000d570/src/hotspot/share/classfile/systemDictionary.cpp, line 231]
Event: 4.815 Thread 0x0000015de33e8000 Exception <a 'java/lang/ClassNotFoundException'{0x00000000a7bd8a38}: org/springframework/beans/factory/InitializingBeanCustomizer> (0x00000000a7bd8a38) thrown at [c:/BuildAgent/work/5ff2f6c26000d570/src/hotspot/share/classfile/systemDictionary.cpp, line 2

Events (20 events):
Event: 4.861 loading class scala$Option done
Event: 4.861 loading class io/vavr/control/Option
Event: 4.861 loading class io/vavr/control/Option done
Event: 4.861 loading class io/vavr/control$Option
Event: 4.861 loading class io/vavr/control$Option done
Event: 4.861 loading class org/springframework/data/repository/util/QueryExecutionConverters$WrapperType
Event: 4.861 loading class org/springframework/data/repository/util/QueryExecutionConverters$WrapperType done
Event: 4.861 loading class org/springframework/data/repository/util/QueryExecutionConverters$WrapperType$Cardinality
Event: 4.861 loading class org/springframework/data/repository/util/QueryExecutionConverters$WrapperType$Cardinality done
Event: 4.861 loading class org/springframework/util/concurrent/ListenableFuture
Event: 4.861 loading class org/springframework/util/concurrent/ListenableFuture done
Event: 4.862 loading class org/springframework/data/repository/util/QueryExecutionConverters$NullableWrapperToJdk8OptionalConverter
Event: 4.862 loading class org/springframework/data/repository/util/QueryExecutionConverters$NullableWrapperToJdk8OptionalConverter done
Event: 4.862 loading class org/springframework/data/repository/util/QueryExecutionConverters$AbstractWrapperTypeConverter
Event: 4.862 loading class org/springframework/data/repository/util/QueryExecutionConverters$AbstractWrapperTypeConverter done
Event: 4.862 loading class org/springframework/data/repository/util/QueryExecutionConverters$Jdk8OptionalUnwrapper
Event: 4.862 loading class org/springframework/data/repository/util/QueryExecutionConverters$Jdk8OptionalUnwrapper done
Event: 4.862 loading class org/springframework/data/repository/util/QueryExecutionConverters$NullableWrapperToCompletableFutureConverter
Event: 4.862 loading class org/springframework/data/repository/util/QueryExecutionConverters$NullableWrapperToCompletableFutureConverter done
Event: 4.862 loading class java/util/concurrent/CompletableFuture


Dynamic libraries:
0x00007ff7f2b00000 - 0x00007ff7f2b0a000 	C:\Program Files\JetBrains\IntelliJ IDEA 2019.3.3\jbr\bin\java.exe
0x00007ffa6e260000 - 0x00007ffa6e450000 	C:\Windows\SYSTEM32\ntdll.dll
0x00007ffa6c370000 - 0x00007ffa6c422000 	C:\Windows\System32\KERNEL32.DLL
0x00007ffa6bef0000 - 0x00007ffa6c193000 	C:\Windows\System32\KERNELBASE.dll
0x00007ffa6b4a0000 - 0x00007ffa6b59a000 	C:\Windows\System32\ucrtbase.dll
0x00007ffa63790000 - 0x00007ffa637a7000 	C:\Program Files\JetBrains\IntelliJ IDEA 2019.3.3\jbr\bin\VCRUNTIME140.dll
0x00007ffa641a0000 - 0x00007ffa641b9000 	C:\Program Files\JetBrains\IntelliJ IDEA 2019.3.3\jbr\bin\jli.dll
0x00007ffa6c7b0000 - 0x00007ffa6c944000 	C:\Windows\System32\USER32.dll
0x00007ffa6b440000 - 0x00007ffa6b461000 	C:\Windows\System32\win32u.dll
0x00007ffa5f360000 - 0x00007ffa5f5e5000 	C:\Windows\WinSxS\amd64_microsoft.windows.common-controls_6595b64144ccf1df_6.0.18362.657_none_e6c5b579130e3898\COMCTL32.dll
0x00007ffa6c4d0000 - 0x00007ffa6c4f6000 	C:\Windows\System32\GDI32.dll
0x00007ffa6c970000 - 0x00007ffa6ca0e000 	C:\Windows\System32\msvcrt.dll
0x00007ffa6b2a0000 - 0x00007ffa6b434000 	C:\Windows\System32\gdi32full.dll
0x00007ffa6dee0000 - 0x00007ffa6e216000 	C:\Windows\System32\combase.dll
0x00007ffa6b650000 - 0x00007ffa6b6ee000 	C:\Windows\System32\msvcp_win.dll
0x00007ffa6cb90000 - 0x00007ffa6ccb0000 	C:\Windows\System32\RPCRT4.dll
0x00007ffa6be70000 - 0x00007ffa6bef0000 	C:\Windows\System32\bcryptPrimitives.dll
0x00007ffa6c520000 - 0x00007ffa6c54e000 	C:\Windows\System32\IMM32.DLL
0x00007ffa59390000 - 0x00007ffa5942d000 	C:\Program Files\JetBrains\IntelliJ IDEA 2019.3.3\jbr\bin\msvcp140.dll
0x00007ffa38e60000 - 0x00007ffa3991b000 	C:\Program Files\JetBrains\IntelliJ IDEA 2019.3.3\jbr\bin\server\jvm.dll
0x00007ffa6c690000 - 0x00007ffa6c733000 	C:\Windows\System32\ADVAPI32.dll
0x00007ffa6c430000 - 0x00007ffa6c4c7000 	C:\Windows\System32\sechost.dll
0x00007ffa6c950000 - 0x00007ffa6c958000 	C:\Windows\System32\PSAPI.DLL
0x00007ffa692c0000 - 0x00007ffa692c9000 	C:\Windows\SYSTEM32\WSOCK32.dll
0x00007ffa6c740000 - 0x00007ffa6c7af000 	C:\Windows\System32\WS2_32.dll
0x00007ffa690a0000 - 0x00007ffa690c4000 	C:\Windows\SYSTEM32\WINMM.dll
0x00007ffa64ad0000 - 0x00007ffa64ada000 	C:\Windows\SYSTEM32\VERSION.dll
0x00007ffa68c20000 - 0x00007ffa68c4d000 	C:\Windows\SYSTEM32\WINMMBASE.dll
0x00007ffa6b1f0000 - 0x00007ffa6b23a000 	C:\Windows\System32\cfgmgr32.dll
0x00007ffa6b140000 - 0x00007ffa6b151000 	C:\Windows\System32\kernel.appcore.dll
0x00007ffa669e0000 - 0x00007ffa669f1000 	C:\Program Files\JetBrains\IntelliJ IDEA 2019.3.3\jbr\bin\verify.dll
0x00007ffa54190000 - 0x00007ffa54384000 	C:\Windows\SYSTEM32\DBGHELP.DLL
0x00007ffa53f90000 - 0x00007ffa53fba000 	C:\Windows\SYSTEM32\dbgcore.DLL
0x00007ffa64d50000 - 0x00007ffa64d79000 	C:\Program Files\JetBrains\IntelliJ IDEA 2019.3.3\jbr\bin\java.dll
0x00007ffa64790000 - 0x00007ffa6479f000 	C:\Program Files\JetBrains\IntelliJ IDEA 2019.3.3\jbr\bin\instrument.dll
0x00007ffa647a0000 - 0x00007ffa647b7000 	C:\Program Files\JetBrains\IntelliJ IDEA 2019.3.3\jbr\bin\zip.dll
0x00007ffa669b0000 - 0x00007ffa669bb000 	C:\Program Files\JetBrains\IntelliJ IDEA 2019.3.3\jbr\bin\jimage.dll
0x00007ffa6cf40000 - 0x00007ffa6d625000 	C:\Windows\System32\SHELL32.dll
0x00007ffa6cae0000 - 0x00007ffa6cb89000 	C:\Windows\System32\shcore.dll
0x00007ffa6b6f0000 - 0x00007ffa6be6f000 	C:\Windows\System32\windows.storage.dll
0x00007ffa6b1b0000 - 0x00007ffa6b1cf000 	C:\Windows\System32\profapi.dll
0x00007ffa6b160000 - 0x00007ffa6b1aa000 	C:\Windows\System32\powrprof.dll
0x00007ffa6b130000 - 0x00007ffa6b140000 	C:\Windows\System32\UMPDC.dll
0x00007ffa6de20000 - 0x00007ffa6de72000 	C:\Windows\System32\shlwapi.dll
0x00007ffa6c1a0000 - 0x00007ffa6c1b7000 	C:\Windows\System32\cryptsp.dll
0x00007ffa64720000 - 0x00007ffa6473a000 	C:\Program Files\JetBrains\IntelliJ IDEA 2019.3.3\jbr\bin\net.dll
0x00007ffa5ff00000 - 0x00007ffa5fff0000 	C:\Windows\SYSTEM32\WINHTTP.dll
0x00007ffa6a940000 - 0x00007ffa6a9a7000 	C:\Windows\system32\mswsock.dll
0x00007ffa64700000 - 0x00007ffa64714000 	C:\Program Files\JetBrains\IntelliJ IDEA 2019.3.3\jbr\bin\nio.dll
0x00007ffa63880000 - 0x00007ffa6389a000 	C:\Program Files\JetBrains\IntelliJ IDEA 2019.3.3\bin\breakgen64.dll
0x00007ffa6a690000 - 0x00007ffa6a75a000 	C:\Windows\SYSTEM32\DNSAPI.dll
0x00007ffa6c960000 - 0x00007ffa6c968000 	C:\Windows\System32\NSI.dll
0x00007ffa6a650000 - 0x00007ffa6a68a000 	C:\Windows\SYSTEM32\IPHLPAPI.DLL
0x00007ffa5f7d0000 - 0x00007ffa5f7da000 	C:\Windows\System32\rasadhlp.dll
0x00007ffa60470000 - 0x00007ffa604e7000 	C:\Windows\System32\fwpuclnt.dll
0x00007ffa6b470000 - 0x00007ffa6b496000 	C:\Windows\System32\bcrypt.dll
0x00007ffa66640000 - 0x00007ffa6664a000 	C:\Program Files\JetBrains\IntelliJ IDEA 2019.3.3\jbr\bin\management.dll
0x00007ffa665f0000 - 0x00007ffa665fc000 	C:\Program Files\JetBrains\IntelliJ IDEA 2019.3.3\jbr\bin\management_ext.dll
0x00007ffa6a4b0000 - 0x00007ffa6a4e3000 	C:\Windows\system32\rsaenh.dll
0x00007ffa6b020000 - 0x00007ffa6b045000 	C:\Windows\SYSTEM32\USERENV.dll
0x00007ffa6ab10000 - 0x00007ffa6ab1c000 	C:\Windows\SYSTEM32\CRYPTBASE.dll
0x00007ffa637d0000 - 0x00007ffa637e6000 	C:\Windows\SYSTEM32\dhcpcsvc6.DLL
0x00007ffa637b0000 - 0x00007ffa637cc000 	C:\Windows\SYSTEM32\dhcpcsvc.DLL
0x00007ffa58cc0000 - 0x00007ffa58cd6000 	C:\Windows\system32\napinsp.dll
0x00007ffa46380000 - 0x00007ffa4639a000 	C:\Windows\system32\pnrpnsp.dll
0x00007ffa5a6e0000 - 0x00007ffa5a6ee000 	C:\Windows\System32\winrnr.dll
0x00007ffa67990000 - 0x00007ffa679ac000 	C:\Windows\system32\NLAapi.dll
0x00007ffa4b050000 - 0x00007ffa4b065000 	C:\Windows\system32\wshbth.dll

dbghelp: loaded successfully - version: 4.0.5 - missing functions: none
symbol engine: initialized successfully - sym options: 0x614 - pdb path: .;C:\Program Files\JetBrains\IntelliJ IDEA 2019.3.3\jbr\bin;C:\Windows\SYSTEM32;C:\Windows\WinSxS\amd64_microsoft.windows.common-controls_6595b64144ccf1df_6.0.18362.657_none_e6c5b579130e3898;C:\Program Files\JetBrains\IntelliJ IDEA 2019.3.3\jbr\bin\server;C:\Program Files\JetBrains\IntelliJ IDEA 2019.3.3\bin

VM Arguments:
jvm_args: -XX:TieredStopAtLevel=1 -Xverify:none -Dspring.output.ansi.enabled=always -Dcom.sun.management.jmxremote -Dspring.jmx.enabled=true -Dspring.liveBeansView.mbeanDomain -Dspring.application.admin.enabled=true -javaagent:C:\Program Files\JetBrains\IntelliJ IDEA 2019.3.3\lib\idea_rt.jar=58899:C:\Program Files\JetBrains\IntelliJ IDEA 2019.3.3\bin -Dfile.encoding=UTF-8 
java_command: com.diplom.work.WorkApplication
java_class_path (initial): C:\Users\Gerbert\Documents\GitHub\diplom\target\classes;C:\Users\Gerbert\.m2\repository\com\fasterxml\jackson\core\jackson-core\2.10.2\jackson-core-2.10.2.jar;C:\Users\Gerbert\.m2\repository\com\fasterxml\jackson\core\jackson-databind\2.10.2\jackson-databind-2.10.2.jar;C:\Users\Gerbert\.m2\repository\com\fasterxml\jackson\core\jackson-annotations\2.10.2\jackson-annotations-2.10.2.jar;C:\Users\Gerbert\.m2\repository\org\javassist\javassist\3.25.0-GA\javassist-3.25.0-GA.jar;C:\Users\Gerbert\.m2\repository\org\slf4j\slf4j-api\1.7.30\slf4j-api-1.7.30.jar;C:\Users\Gerbert\.m2\repository\org\springframework\boot\spring-boot-starter-security\2.2.4.RELEASE\spring-boot-starter-security-2.2.4.RELEASE.jar;C:\Users\Gerbert\.m2\repository\org\springframework\boot\spring-boot-starter\2.2.4.RELEASE\spring-boot-starter-2.2.4.RELEASE.jar;C:\Users\Gerbert\.m2\repository\org\springframework\boot\spring-boot-starter-logging\2.2.4.RELEASE\spring-boot-starter-logging-2.2.4.RELEASE.jar;C:\Users\Gerbert\.m2\repository\ch\qos\logback\logback-classic\1.2.3\logback-classic-1.2.3.jar;C:\Users\Gerbert\.m2\repository\ch\qos\logback\logback-core\1.2.3\logback-core-1.2.3.jar;C:\Users\Gerbert\.m2\repository\org\apache\logging\log4j\log4j-to-slf4j\2.12.1\log4j-to-slf4j-2.12.1.jar;C:\Users\Gerbert\.m2\repository\org\apache\logging\log4j\log4j-api\2.12.1\log4j-api-2.12.1.jar;C:\Users\Gerbert\.m2\repository\org\slf4j\jul-to-slf4j\1.7.30\jul-to-slf4j-1.7.30.jar;C:\Users\Gerbert\.m2\repository\org\yaml\snakeyaml\1.25\snakeyaml-1.25.jar;C:\Users\Gerbert\.m2\repository\org\springframework\spring-aop\5.2.3.RELEASE\spring-aop-5.2.3.RELEASE.jar;C:\Users\Gerbert\.m2\repository\org\springframework\spring-beans\5.2.3.RELEASE\spring-beans-5.2.3.RELEASE.jar;C:\Users\Gerbert\.m2\repository\org\springframework\security\spring-security-config\5.2.1.RELEASE\spring-security-config-5.2.1.RELEASE.jar;C:\Users\Gerbert\.m2\repository\org\springframework\spring-context\5.2.3.RELEASE\spring-conte
Launcher Type: SUN_STANDARD

[Global flags]
     bool BytecodeVerificationLocal                = false                                     {product} {command line}
     bool BytecodeVerificationRemote               = false                                     {product} {command line}
     intx CICompilerCount                          = 4                                         {product} {ergonomic}
     uint ConcGCThreads                            = 2                                         {product} {ergonomic}
     uint G1ConcRefinementThreads                  = 8                                         {product} {ergonomic}
   size_t G1HeapRegionSize                         = 1048576                                   {product} {ergonomic}
    uintx GCDrainStackTargetSize                   = 64                                        {product} {ergonomic}
   size_t InitialHeapSize                          = 100663296                                 {product} {ergonomic}
     bool ManagementServer                         = true                                      {product} {command line}
   size_t MarkStackSize                            = 4194304                                   {product} {ergonomic}
   size_t MaxHeapSize                              = 1598029824                                {product} {ergonomic}
   size_t MaxNewSize                               = 958398464                                 {product} {ergonomic}
   size_t MinHeapDeltaBytes                        = 1048576                                   {product} {ergonomic}
    uintx NonNMethodCodeHeapSize                   = 7549744                                {pd product} {ergonomic}
    uintx NonProfiledCodeHeapSize                  = 244108496                              {pd product} {ergonomic}
    uintx ProfiledCodeHeapSize                     = 0                                      {pd product} {ergonomic}
    uintx ReservedCodeCacheSize                    = 251658240                              {pd product} {ergonomic}
     bool SegmentedCodeCache                       = true                                      {product} {ergonomic}
     intx TieredStopAtLevel                        = 1                                         {product} {command line}
     bool UseCompressedClassPointers               = true                                 {lp64_product} {ergonomic}
     bool UseCompressedOops                        = true                                 {lp64_product} {ergonomic}
     bool UseG1GC                                  = true                                      {product} {ergonomic}
     bool UseLargePagesIndividualAllocation        = false                                  {pd product} {ergonomic}

Logging:
Log output configuration:
 #0: stdout all=warning uptime,level,tags
 #1: stderr all=off uptime,level,tags

Environment Variables:
PATH=C:\Windows\system32;C:\Windows;C:\Windows\System32\Wbem;C:\Windows\System32\WindowsPowerShell\v1.0\;C:\Windows\System32\OpenSSH\;C:\Program Files\Git\cmd;C:\Users\Gerbert\AppData\Local\Microsoft\WindowsApps;C:\Program Files\JetBrains\IntelliJ IDEA 2019.3.3\bin;C:\Program Files\JetBrains\PhpStorm 2019.3.3\bin;C:\Program Files\JetBrains\CLion 2019.3.4\bin;C:\Program Files\JetBrains\JetBrains Rider 2019.3.4\bin;C:\Users\Gerbert\AppData\Local\GitHubDesktop\bin
USERNAME=Gerbert
OS=Windows_NT
PROCESSOR_IDENTIFIER=AMD64 Family 23 Model 24 Stepping 1, AuthenticAMD



---------------  S Y S T E M  ---------------

OS: Windows 10 , 64 bit Build 18362 (10.0.18362.329)

CPU:total 8 (initial active 8) (8 cores per cpu, 2 threads per core) family 23 model 24 stepping 1, cmov, cx8, fxsr, mmx, sse, sse2, sse3, ssse3, sse4.1, sse4.2, popcnt, avx, avx2, aes, clmul, mmxext, 3dnowpref, lzcnt, sse4a, ht, tsc, tscinvbit, tscinv, bmi1, bmi2, adx, sha, fma

Memory: 4k page, system-wide physical 6091M (1040M free)
TotalPageFile size 8139M (AvailPageFile size 4M)
current process WorkingSet (physical memory assigned to process): 218M, peak: 218M
current process commit charge ("private bytes"): 268M, peak: 268M

vm_info: OpenJDK 64-Bit Server VM (11.0.5+10-b520.38) for windows-amd64 JRE (11.0.5+10-b520.38), built on Jan 23 2020 07:58:32 by "" with MS VC++ 14.0 (VS2015)

END.
