#
# There is insufficient memory for the Java Runtime Environment to continue.
# Native memory allocation (malloc) failed to allocate 158976 bytes for Chunk::new
# Possible reasons:
#   The system is out of physical RAM or swap space
#   The process is running with CompressedOops enabled, and the Java Heap may be blocking the growth of the native heap
# Possible solutions:
#   Reduce memory load on the system
#   Increase physical memory or swap space
#   Check if swap backing store is full
#   Decrease Java heap size (-Xmx/-Xms)
#   Decrease number of Java threads
#   Decrease Java thread stack sizes (-Xss)
#   Set larger code cache with -XX:ReservedCodeCacheSize=
#   JVM is running with Unscaled Compressed Oops mode in which the Java heap is
#     placed in the first 4GB address space. The Java Heap base address is the
#     maximum limit for the native heap growth. Please use -XX:HeapBaseMinAddress
#     to set the Java Heap base and to place the Java Heap above 4GB virtual address.
# This output file may be truncated or incomplete.
#
#  Out of Memory Error (c:/BuildAgent/work/5ff2f6c26000d570/src/hotspot/share/memory/arena.cpp:197), pid=2232, tid=12120
#
# JRE version: OpenJDK Runtime Environment (11.0.5+10) (build 11.0.5+10-b520.38)
# Java VM: OpenJDK 64-Bit Server VM (11.0.5+10-b520.38, mixed mode, sharing, tiered, compressed oops, g1 gc, windows-amd64)
# No core dump will be written. Minidumps are not enabled by default on client versions of Windows
#

---------------  S U M M A R Y ------------

Command Line: -ea -Didea.test.cyclic.buffer.size=1048576 -javaagent:C:\Program Files\JetBrains\IntelliJ IDEA 2019.3.3\lib\idea_rt.jar=58487:C:\Program Files\JetBrains\IntelliJ IDEA 2019.3.3\bin -Dfile.encoding=UTF-8 com.intellij.rt.junit.JUnitStarter -ideVersion5 -junit4 com.diplom.work.EditTest,TestEdit

Host: AMD Ryzen 5 3500U with Radeon Vega Mobile Gfx  , 8 cores, 5G,  Windows 10 , 64 bit Build 18362 (10.0.18362.329)
Time: Mon Mar  9 17:37:09 2020 RTZ 2 (ceia) elapsed time: 1 seconds (0d 0h 0m 1s)

---------------  T H R E A D  ---------------

Current thread (0x000001fafcc3f800):  JavaThread "C2 CompilerThread0" daemon [_thread_in_native, id=12120, stack(0x000000a363200000,0x000000a363300000)]


Current CompileTask:
C2:   1519 1475       4       java.io.WinNTFileSystem::normalize (143 bytes)

Stack: [0x000000a363200000,0x000000a363300000]
Native frames: (J=compiled Java code, j=interpreted, Vv=VM code, C=native code)
V  [jvm.dll+0x5dcafa]
V  [jvm.dll+0x70e375]
V  [jvm.dll+0x70f898]
V  [jvm.dll+0x70ff63]
V  [jvm.dll+0x23e238]
V  [jvm.dll+0xb8a9c]
V  [jvm.dll+0xb8fac]
V  [jvm.dll+0x2b1f94]
V  [jvm.dll+0x501372]
V  [jvm.dll+0x1f8c73]
V  [jvm.dll+0x1f6a1f]
V  [jvm.dll+0x17f6fc]
V  [jvm.dll+0x204f77]
V  [jvm.dll+0x2037f1]
V  [jvm.dll+0x6d835f]
V  [jvm.dll+0x6d114d]
V  [jvm.dll+0x5dbdd6]
C  [ucrtbase.dll+0x20e72]
C  [KERNEL32.DLL+0x17bd4]
C  [ntdll.dll+0x6ced1]


---------------  P R O C E S S  ---------------

Threads class SMR info:
_java_thread_list=0x000001fafdad3610, length=13, elements={
0x000001faf25a4000, 0x000001fafcc1f800, 0x000001fafcc21000, 0x000001fafcc3d000,
0x000001fafcc3e000, 0x000001fafcc3f800, 0x000001fafcc4a800, 0x000001fafcc50800,
0x000001fafcc04800, 0x000001fafd90c000, 0x000001fafd90d000, 0x000001fafe664000,
0x000001fafe824800
}

Java Threads: ( => current thread )
  0x000001faf25a4000 JavaThread "main" [_thread_in_native, id=8232, stack(0x000000a362700000,0x000000a362800000)]
  0x000001fafcc1f800 JavaThread "Reference Handler" daemon [_thread_blocked, id=11628, stack(0x000000a362e00000,0x000000a362f00000)]
  0x000001fafcc21000 JavaThread "Finalizer" daemon [_thread_blocked, id=1060, stack(0x000000a362f00000,0x000000a363000000)]
  0x000001fafcc3d000 JavaThread "Signal Dispatcher" daemon [_thread_blocked, id=9536, stack(0x000000a363000000,0x000000a363100000)]
  0x000001fafcc3e000 JavaThread "Attach Listener" daemon [_thread_blocked, id=1376, stack(0x000000a363100000,0x000000a363200000)]
=>0x000001fafcc3f800 JavaThread "C2 CompilerThread0" daemon [_thread_in_native, id=12120, stack(0x000000a363200000,0x000000a363300000)]
  0x000001fafcc4a800 JavaThread "C1 CompilerThread0" daemon [_thread_blocked, id=9264, stack(0x000000a363300000,0x000000a363400000)]
  0x000001fafcc50800 JavaThread "Sweeper thread" daemon [_thread_blocked, id=2860, stack(0x000000a363400000,0x000000a363500000)]
  0x000001fafcc04800 JavaThread "Common-Cleaner" daemon [_thread_blocked, id=6424, stack(0x000000a363500000,0x000000a363600000)]
  0x000001fafd90c000 JavaThread "Monitor Ctrl-Break" daemon [_thread_in_native, id=2164, stack(0x000000a363600000,0x000000a363700000)]
  0x000001fafd90d000 JavaThread "Service Thread" daemon [_thread_blocked, id=11288, stack(0x000000a363700000,0x000000a363800000)]
  0x000001fafe664000 JavaThread "C2 CompilerThread1" daemon [_thread_in_native, id=4636, stack(0x000000a363900000,0x000000a363a00000)]
  0x000001fafe824800 JavaThread "C2 CompilerThread2" daemon [_thread_blocked, id=11172, stack(0x000000a363b00000,0x000000a363c00000)]

Other Threads:
  0x000001fafcc1c800 VMThread "VM Thread" [stack: 0x000000a362d00000,0x000000a362e00000] [id=1836]
  0x000001fafd90d800 WatcherThread [stack: 0x000000a363800000,0x000000a363900000] [id=8948]
  0x000001faf25bc800 GCTaskThread "GC Thread#0" [stack: 0x000000a362800000,0x000000a362900000] [id=2240]
  0x000001fafd972000 GCTaskThread "GC Thread#1" [stack: 0x000000a363a00000,0x000000a363b00000] [id=3268]
  0x000001faf25e4800 ConcurrentGCThread "G1 Main Marker" [stack: 0x000000a362900000,0x000000a362a00000] [id=8760]
  0x000001faf25e6000 ConcurrentGCThread "G1 Conc#0" [stack: 0x000000a362a00000,0x000000a362b00000] [id=10980]
  0x000001fafcab0800 ConcurrentGCThread "G1 Refine#0" [stack: 0x000000a362b00000,0x000000a362c00000] [id=6940]
  0x000001fafcab1800 ConcurrentGCThread "G1 Young RemSet Sampling" [stack: 0x000000a362c00000,0x000000a362d00000] [id=2944]

Threads with active compile tasks:
C2 CompilerThread0   1545 1475       4       java.io.WinNTFileSystem::normalize (143 bytes)
C2 CompilerThread1   1545 1476   !   4       java.util.concurrent.ConcurrentHashMap::transfer (828 bytes)

VM state:not at safepoint (normal execution)

VM Mutex/Monitor currently owned by a thread:  ([mutex/lock_event])
[0x000001faf259fe00] AdapterHandlerLibrary_lock - owner thread: 0x0000000000000000

Heap address: 0x00000000a0c00000, size: 1524 MB, Compressed Oops mode: 32-bit
Narrow klass base: 0x0000000800000000, Narrow klass shift: 3
Compressed class space size: 1073741824 Address: 0x0000000840000000

Heap:
 garbage-first heap   total 98304K, used 32192K [0x00000000a0c00000, 0x0000000100000000)
  region size 1024K, 27 young (27648K), 3 survivors (3072K)
 Metaspace       used 9152K, capacity 9477K, committed 9728K, reserved 1058816K
  class space    used 1068K, capacity 1185K, committed 1280K, reserved 1048576K
Heap Regions: E=young(eden), S=young(survivor), O=old, HS=humongous(starts), HC=humongous(continues), CS=collection set, F=free, A=archive, TAMS=top-at-mark-start (previous, next)
|   0|0x00000000a0c00000, 0x00000000a0d00000, 0x00000000a0d00000|100%|HS|  |TAMS 0x00000000a0c00000, 0x00000000a0c00000| Complete 
|   1|0x00000000a0d00000, 0x00000000a0e00000, 0x00000000a0e00000|100%| O|  |TAMS 0x00000000a0d00000, 0x00000000a0d00000| Untracked 
|   2|0x00000000a0e00000, 0x00000000a0f00000, 0x00000000a0f00000|100%| O|  |TAMS 0x00000000a0e00000, 0x00000000a0e00000| Untracked 
|   3|0x00000000a0f00000, 0x00000000a1000000, 0x00000000a1000000|100%| O|  |TAMS 0x00000000a0f00000, 0x00000000a0f00000| Untracked 
|   4|0x00000000a1000000, 0x00000000a1100000, 0x00000000a1100000|100%| O|  |TAMS 0x00000000a1000000, 0x00000000a1000000| Untracked 
|   5|0x00000000a1100000, 0x00000000a1170000, 0x00000000a1200000| 43%| O|  |TAMS 0x00000000a1100000, 0x00000000a1100000| Untracked 
|   6|0x00000000a1200000, 0x00000000a1200000, 0x00000000a1300000|  0%| F|  |TAMS 0x00000000a1200000, 0x00000000a1200000| Untracked 
|   7|0x00000000a1300000, 0x00000000a1300000, 0x00000000a1400000|  0%| F|  |TAMS 0x00000000a1300000, 0x00000000a1300000| Untracked 
|   8|0x00000000a1400000, 0x00000000a1400000, 0x00000000a1500000|  0%| F|  |TAMS 0x00000000a1400000, 0x00000000a1400000| Untracked 
|   9|0x00000000a1500000, 0x00000000a1500000, 0x00000000a1600000|  0%| F|  |TAMS 0x00000000a1500000, 0x00000000a1500000| Untracked 
|  10|0x00000000a1600000, 0x00000000a1600000, 0x00000000a1700000|  0%| F|  |TAMS 0x00000000a1600000, 0x00000000a1600000| Untracked 
|  11|0x00000000a1700000, 0x00000000a1700000, 0x00000000a1800000|  0%| F|  |TAMS 0x00000000a1700000, 0x00000000a1700000| Untracked 
|  12|0x00000000a1800000, 0x00000000a1800000, 0x00000000a1900000|  0%| F|  |TAMS 0x00000000a1800000, 0x00000000a1800000| Untracked 
|  13|0x00000000a1900000, 0x00000000a1900000, 0x00000000a1a00000|  0%| F|  |TAMS 0x00000000a1900000, 0x00000000a1900000| Untracked 
|  14|0x00000000a1a00000, 0x00000000a1a00000, 0x00000000a1b00000|  0%| F|  |TAMS 0x00000000a1a00000, 0x00000000a1a00000| Untracked 
|  15|0x00000000a1b00000, 0x00000000a1b00000, 0x00000000a1c00000|  0%| F|  |TAMS 0x00000000a1b00000, 0x00000000a1b00000| Untracked 
|  16|0x00000000a1c00000, 0x00000000a1c00000, 0x00000000a1d00000|  0%| F|  |TAMS 0x00000000a1c00000, 0x00000000a1c00000| Untracked 
|  17|0x00000000a1d00000, 0x00000000a1d00000, 0x00000000a1e00000|  0%| F|  |TAMS 0x00000000a1d00000, 0x00000000a1d00000| Untracked 
|  18|0x00000000a1e00000, 0x00000000a1e00000, 0x00000000a1f00000|  0%| F|  |TAMS 0x00000000a1e00000, 0x00000000a1e00000| Untracked 
|  19|0x00000000a1f00000, 0x00000000a1f00000, 0x00000000a2000000|  0%| F|  |TAMS 0x00000000a1f00000, 0x00000000a1f00000| Untracked 
|  20|0x00000000a2000000, 0x00000000a2000000, 0x00000000a2100000|  0%| F|  |TAMS 0x00000000a2000000, 0x00000000a2000000| Untracked 
|  21|0x00000000a2100000, 0x00000000a2100000, 0x00000000a2200000|  0%| F|  |TAMS 0x00000000a2100000, 0x00000000a2100000| Untracked 
|  22|0x00000000a2200000, 0x00000000a2200000, 0x00000000a2300000|  0%| F|  |TAMS 0x00000000a2200000, 0x00000000a2200000| Untracked 
|  23|0x00000000a2300000, 0x00000000a2300000, 0x00000000a2400000|  0%| F|  |TAMS 0x00000000a2300000, 0x00000000a2300000| Untracked 
|  24|0x00000000a2400000, 0x00000000a2400000, 0x00000000a2500000|  0%| F|  |TAMS 0x00000000a2400000, 0x00000000a2400000| Untracked 
|  25|0x00000000a2500000, 0x00000000a2500000, 0x00000000a2600000|  0%| F|  |TAMS 0x00000000a2500000, 0x00000000a2500000| Untracked 
|  26|0x00000000a2600000, 0x00000000a2600000, 0x00000000a2700000|  0%| F|  |TAMS 0x00000000a2600000, 0x00000000a2600000| Untracked 
|  27|0x00000000a2700000, 0x00000000a2700000, 0x00000000a2800000|  0%| F|  |TAMS 0x00000000a2700000, 0x00000000a2700000| Untracked 
|  28|0x00000000a2800000, 0x00000000a2800000, 0x00000000a2900000|  0%| F|  |TAMS 0x00000000a2800000, 0x00000000a2800000| Untracked 
|  29|0x00000000a2900000, 0x00000000a2900000, 0x00000000a2a00000|  0%| F|  |TAMS 0x00000000a2900000, 0x00000000a2900000| Untracked 
|  30|0x00000000a2a00000, 0x00000000a2a00000, 0x00000000a2b00000|  0%| F|  |TAMS 0x00000000a2a00000, 0x00000000a2a00000| Untracked 
|  31|0x00000000a2b00000, 0x00000000a2b00000, 0x00000000a2c00000|  0%| F|  |TAMS 0x00000000a2b00000, 0x00000000a2b00000| Untracked 
|  32|0x00000000a2c00000, 0x00000000a2c00000, 0x00000000a2d00000|  0%| F|  |TAMS 0x00000000a2c00000, 0x00000000a2c00000| Untracked 
|  33|0x00000000a2d00000, 0x00000000a2d00000, 0x00000000a2e00000|  0%| F|  |TAMS 0x00000000a2d00000, 0x00000000a2d00000| Untracked 
|  34|0x00000000a2e00000, 0x00000000a2e00000, 0x00000000a2f00000|  0%| F|  |TAMS 0x00000000a2e00000, 0x00000000a2e00000| Untracked 
|  35|0x00000000a2f00000, 0x00000000a2f00000, 0x00000000a3000000|  0%| F|  |TAMS 0x00000000a2f00000, 0x00000000a2f00000| Untracked 
|  36|0x00000000a3000000, 0x00000000a3000000, 0x00000000a3100000|  0%| F|  |TAMS 0x00000000a3000000, 0x00000000a3000000| Untracked 
|  37|0x00000000a3100000, 0x00000000a3100000, 0x00000000a3200000|  0%| F|  |TAMS 0x00000000a3100000, 0x00000000a3100000| Untracked 
|  38|0x00000000a3200000, 0x00000000a3200000, 0x00000000a3300000|  0%| F|  |TAMS 0x00000000a3200000, 0x00000000a3200000| Untracked 
|  39|0x00000000a3300000, 0x00000000a3300000, 0x00000000a3400000|  0%| F|  |TAMS 0x00000000a3300000, 0x00000000a3300000| Untracked 
|  40|0x00000000a3400000, 0x00000000a3400000, 0x00000000a3500000|  0%| F|  |TAMS 0x00000000a3400000, 0x00000000a3400000| Untracked 
|  41|0x00000000a3500000, 0x00000000a3500000, 0x00000000a3600000|  0%| F|  |TAMS 0x00000000a3500000, 0x00000000a3500000| Untracked 
|  42|0x00000000a3600000, 0x00000000a3600000, 0x00000000a3700000|  0%| F|  |TAMS 0x00000000a3600000, 0x00000000a3600000| Untracked 
|  43|0x00000000a3700000, 0x00000000a3700000, 0x00000000a3800000|  0%| F|  |TAMS 0x00000000a3700000, 0x00000000a3700000| Untracked 
|  44|0x00000000a3800000, 0x00000000a3800000, 0x00000000a3900000|  0%| F|  |TAMS 0x00000000a3800000, 0x00000000a3800000| Untracked 
|  45|0x00000000a3900000, 0x00000000a3900000, 0x00000000a3a00000|  0%| F|  |TAMS 0x00000000a3900000, 0x00000000a3900000| Untracked 
|  46|0x00000000a3a00000, 0x00000000a3a00000, 0x00000000a3b00000|  0%| F|  |TAMS 0x00000000a3a00000, 0x00000000a3a00000| Untracked 
|  47|0x00000000a3b00000, 0x00000000a3b00000, 0x00000000a3c00000|  0%| F|  |TAMS 0x00000000a3b00000, 0x00000000a3b00000| Untracked 
|  48|0x00000000a3c00000, 0x00000000a3c00000, 0x00000000a3d00000|  0%| F|  |TAMS 0x00000000a3c00000, 0x00000000a3c00000| Untracked 
|  49|0x00000000a3d00000, 0x00000000a3d00000, 0x00000000a3e00000|  0%| F|  |TAMS 0x00000000a3d00000, 0x00000000a3d00000| Untracked 
|  50|0x00000000a3e00000, 0x00000000a3e00000, 0x00000000a3f00000|  0%| F|  |TAMS 0x00000000a3e00000, 0x00000000a3e00000| Untracked 
|  51|0x00000000a3f00000, 0x00000000a3f00000, 0x00000000a4000000|  0%| F|  |TAMS 0x00000000a3f00000, 0x00000000a3f00000| Untracked 
|  52|0x00000000a4000000, 0x00000000a4000000, 0x00000000a4100000|  0%| F|  |TAMS 0x00000000a4000000, 0x00000000a4000000| Untracked 
|  53|0x00000000a4100000, 0x00000000a4100000, 0x00000000a4200000|  0%| F|  |TAMS 0x00000000a4100000, 0x00000000a4100000| Untracked 
|  54|0x00000000a4200000, 0x00000000a4200000, 0x00000000a4300000|  0%| F|  |TAMS 0x00000000a4200000, 0x00000000a4200000| Untracked 
|  55|0x00000000a4300000, 0x00000000a4300000, 0x00000000a4400000|  0%| F|  |TAMS 0x00000000a4300000, 0x00000000a4300000| Untracked 
|  56|0x00000000a4400000, 0x00000000a4400000, 0x00000000a4500000|  0%| F|  |TAMS 0x00000000a4400000, 0x00000000a4400000| Untracked 
|  57|0x00000000a4500000, 0x00000000a4500000, 0x00000000a4600000|  0%| F|  |TAMS 0x00000000a4500000, 0x00000000a4500000| Untracked 
|  58|0x00000000a4600000, 0x00000000a4600000, 0x00000000a4700000|  0%| F|  |TAMS 0x00000000a4600000, 0x00000000a4600000| Untracked 
|  59|0x00000000a4700000, 0x00000000a4700000, 0x00000000a4800000|  0%| F|  |TAMS 0x00000000a4700000, 0x00000000a4700000| Untracked 
|  60|0x00000000a4800000, 0x00000000a4800000, 0x00000000a4900000|  0%| F|  |TAMS 0x00000000a4800000, 0x00000000a4800000| Untracked 
|  61|0x00000000a4900000, 0x00000000a4900000, 0x00000000a4a00000|  0%| F|  |TAMS 0x00000000a4900000, 0x00000000a4900000| Untracked 
|  62|0x00000000a4a00000, 0x00000000a4a00000, 0x00000000a4b00000|  0%| F|  |TAMS 0x00000000a4a00000, 0x00000000a4a00000| Untracked 
|  63|0x00000000a4b00000, 0x00000000a4b00000, 0x00000000a4c00000|  0%| F|  |TAMS 0x00000000a4b00000, 0x00000000a4b00000| Untracked 
|  64|0x00000000a4c00000, 0x00000000a4c00000, 0x00000000a4d00000|  0%| F|  |TAMS 0x00000000a4c00000, 0x00000000a4c00000| Untracked 
|  65|0x00000000a4d00000, 0x00000000a4d00000, 0x00000000a4e00000|  0%| F|  |TAMS 0x00000000a4d00000, 0x00000000a4d00000| Untracked 
|  66|0x00000000a4e00000, 0x00000000a4e00000, 0x00000000a4f00000|  0%| F|  |TAMS 0x00000000a4e00000, 0x00000000a4e00000| Untracked 
|  67|0x00000000a4f00000, 0x00000000a4f00000, 0x00000000a5000000|  0%| F|  |TAMS 0x00000000a4f00000, 0x00000000a4f00000| Untracked 
|  68|0x00000000a5000000, 0x00000000a5000000, 0x00000000a5100000|  0%| F|  |TAMS 0x00000000a5000000, 0x00000000a5000000| Untracked 
|  69|0x00000000a5100000, 0x00000000a5200000, 0x00000000a5200000|100%| S|CS|TAMS 0x00000000a5100000, 0x00000000a5100000| Complete 
|  70|0x00000000a5200000, 0x00000000a5300000, 0x00000000a5300000|100%| S|CS|TAMS 0x00000000a5200000, 0x00000000a5200000| Complete 
|  71|0x00000000a5300000, 0x00000000a5400000, 0x00000000a5400000|100%| S|CS|TAMS 0x00000000a5300000, 0x00000000a5300000| Complete 
|  72|0x00000000a5400000, 0x00000000a5480800, 0x00000000a5500000| 50%| E|  |TAMS 0x00000000a5400000, 0x00000000a5400000| Complete 
|  73|0x00000000a5500000, 0x00000000a5600000, 0x00000000a5600000|100%| E|CS|TAMS 0x00000000a5500000, 0x00000000a5500000| Complete 
|  74|0x00000000a5600000, 0x00000000a5700000, 0x00000000a5700000|100%| E|CS|TAMS 0x00000000a5600000, 0x00000000a5600000| Complete 
|  75|0x00000000a5700000, 0x00000000a5800000, 0x00000000a5800000|100%| E|CS|TAMS 0x00000000a5700000, 0x00000000a5700000| Complete 
|  76|0x00000000a5800000, 0x00000000a5900000, 0x00000000a5900000|100%| E|CS|TAMS 0x00000000a5800000, 0x00000000a5800000| Complete 
|  77|0x00000000a5900000, 0x00000000a5a00000, 0x00000000a5a00000|100%| E|CS|TAMS 0x00000000a5900000, 0x00000000a5900000| Complete 
|  78|0x00000000a5a00000, 0x00000000a5b00000, 0x00000000a5b00000|100%| E|CS|TAMS 0x00000000a5a00000, 0x00000000a5a00000| Complete 
|  79|0x00000000a5b00000, 0x00000000a5c00000, 0x00000000a5c00000|100%| E|CS|TAMS 0x00000000a5b00000, 0x00000000a5b00000| Complete 
|  80|0x00000000a5c00000, 0x00000000a5d00000, 0x00000000a5d00000|100%| E|CS|TAMS 0x00000000a5c00000, 0x00000000a5c00000| Complete 
|  81|0x00000000a5d00000, 0x00000000a5e00000, 0x00000000a5e00000|100%| E|CS|TAMS 0x00000000a5d00000, 0x00000000a5d00000| Complete 
|  82|0x00000000a5e00000, 0x00000000a5f00000, 0x00000000a5f00000|100%| E|CS|TAMS 0x00000000a5e00000, 0x00000000a5e00000| Complete 
|  83|0x00000000a5f00000, 0x00000000a6000000, 0x00000000a6000000|100%| E|CS|TAMS 0x00000000a5f00000, 0x00000000a5f00000| Complete 
|  84|0x00000000a6000000, 0x00000000a6100000, 0x00000000a6100000|100%| E|CS|TAMS 0x00000000a6000000, 0x00000000a6000000| Complete 
|  85|0x00000000a6100000, 0x00000000a6200000, 0x00000000a6200000|100%| E|CS|TAMS 0x00000000a6100000, 0x00000000a6100000| Complete 
|  86|0x00000000a6200000, 0x00000000a6300000, 0x00000000a6300000|100%| E|CS|TAMS 0x00000000a6200000, 0x00000000a6200000| Complete 
|  87|0x00000000a6300000, 0x00000000a6400000, 0x00000000a6400000|100%| E|CS|TAMS 0x00000000a6300000, 0x00000000a6300000| Complete 
|  88|0x00000000a6400000, 0x00000000a6500000, 0x00000000a6500000|100%| E|CS|TAMS 0x00000000a6400000, 0x00000000a6400000| Complete 
|  89|0x00000000a6500000, 0x00000000a6600000, 0x00000000a6600000|100%| E|CS|TAMS 0x00000000a6500000, 0x00000000a6500000| Complete 
|  90|0x00000000a6600000, 0x00000000a6700000, 0x00000000a6700000|100%| E|CS|TAMS 0x00000000a6600000, 0x00000000a6600000| Complete 
|  91|0x00000000a6700000, 0x00000000a6800000, 0x00000000a6800000|100%| E|CS|TAMS 0x00000000a6700000, 0x00000000a6700000| Complete 
|  92|0x00000000a6800000, 0x00000000a6900000, 0x00000000a6900000|100%| E|CS|TAMS 0x00000000a6800000, 0x00000000a6800000| Complete 
|  93|0x00000000a6900000, 0x00000000a6a00000, 0x00000000a6a00000|100%| E|CS|TAMS 0x00000000a6900000, 0x00000000a6900000| Complete 
|  94|0x00000000a6a00000, 0x00000000a6b00000, 0x00000000a6b00000|100%| E|CS|TAMS 0x00000000a6a00000, 0x00000000a6a00000| Complete 
|  95|0x00000000a6b00000, 0x00000000a6c00000, 0x00000000a6c00000|100%| E|CS|TAMS 0x00000000a6b00000, 0x00000000a6b00000| Complete 

Card table byte_map: [0x000001faf6c80000,0x000001faf6f80000] _byte_map_base: 0x000001faf677a000

Marking Bits (Prev, Next): (CMBitMap*) 0x000001faf25dd988, (CMBitMap*) 0x000001faf25dd9c0
 Prev Bits: [0x000001faf7280000, 0x000001faf8a50000)
 Next Bits: [0x000001faf8a50000, 0x000001fafa220000)

Polling page: 0x000001faf0560000

Metaspace:

Usage:
  Non-class:      8.10 MB capacity,     7.95 MB ( 98%) used,   133.29 KB (  2%) free+waste,    19.69 KB ( <1%) overhead. 
      Class:      1.16 MB capacity,     1.05 MB ( 91%) used,   100.34 KB (  8%) free+waste,    10.63 KB ( <1%) overhead. 
       Both:      9.25 MB capacity,     9.00 MB ( 97%) used,   233.63 KB (  2%) free+waste,    30.31 KB ( <1%) overhead. 

Virtual space:
  Non-class space:       10.00 MB reserved,       8.25 MB ( 83%) committed 
      Class space:        1.00 GB reserved,       1.25 MB ( <1%) committed 
             Both:        1.01 GB reserved,       9.50 MB ( <1%) committed 

Chunk freelists:
   Non-Class:  28.00 KB
       Class:  31.00 KB
        Both:  59.00 KB

MaxMetaspaceSize: 17179869184.00 GB
CompressedClassSpaceSize: 1.00 GB

CodeHeap 'non-profiled nmethods': size=120000Kb used=595Kb max_used=595Kb free=119404Kb
 bounds [0x000001fa87ad0000, 0x000001fa87d40000, 0x000001fa8f000000]
CodeHeap 'profiled nmethods': size=120000Kb used=3145Kb max_used=3145Kb free=116854Kb
 bounds [0x000001fa805a0000, 0x000001fa808c0000, 0x000001fa87ad0000]
CodeHeap 'non-nmethods': size=5760Kb used=1134Kb max_used=1145Kb free=4625Kb
 bounds [0x000001fa80000000, 0x000001fa80270000, 0x000001fa805a0000]
 total_blobs=2600 nmethods=1474 adapters=367
 compilation: enabled
              stopped_count=0, restarted_count=0
 full_count=0

Compilation events (20 events):
Event: 1.473 Thread 0x000001fafcc4a800 nmethod 1462 0x000001fa808ab110 code [0x000001fa808ab380, 0x000001fa808abef0]
Event: 1.473 Thread 0x000001fafcc4a800 1463       3       java.lang.invoke.DirectMethodHandle::maybeCompile (24 bytes)
Event: 1.473 Thread 0x000001fafcc4a800 nmethod 1463 0x000001fa808ac490 code [0x000001fa808ac720, 0x000001fa808ad000]
Event: 1.474 Thread 0x000001fafcc4a800 1465       3       java.util.Properties::getProperty (50 bytes)
Event: 1.474 Thread 0x000001fafcc4a800 nmethod 1465 0x000001fa808ad390 code [0x000001fa808ad580, 0x000001fa808adb20]
Event: 1.474 Thread 0x000001fafcc4a800 1466       3       java.lang.invoke.LambdaForm::normalize (322 bytes)
Event: 1.475 Thread 0x000001fafe664000 1467       4       jdk.internal.org.objectweb.asm.ByteVector::putShort (52 bytes)
Event: 1.475 Thread 0x000001fafcc4a800 nmethod 1466 0x000001fa808adc90 code [0x000001fa808adf60, 0x000001fa808af360]
Event: 1.475 Thread 0x000001fafcc4a800 1464       3       java.lang.invoke.DirectMethodHandle::<init> (141 bytes)
Event: 1.476 Thread 0x000001fafcc4a800 nmethod 1464 0x000001fa808af990 code [0x000001fa808afc80, 0x000001fa808b0dd0]
Event: 1.477 Thread 0x000001fafe664000 nmethod 1467 0x000001fa87b63890 code [0x000001fa87b63a40, 0x000001fa87b63bc8]
Event: 1.477 Thread 0x000001fafcc4a800 1471       3       java.lang.Class::cast (27 bytes)
Event: 1.478 Thread 0x000001fafcc4a800 nmethod 1471 0x000001fa808b1310 code [0x000001fa808b14e0, 0x000001fa808b1820]
Event: 1.478 Thread 0x000001fafcc4a800 1472       3       java.lang.invoke.MethodHandles$Lookup::isClassAccessible (32 bytes)
Event: 1.478 Thread 0x000001fafcc4a800 nmethod 1472 0x000001fa808b1910 code [0x000001fa808b1b00, 0x000001fa808b1f80]
Event: 1.491 Thread 0x000001fafcc4a800 1473       3       java.lang.invoke.Invokers$Holder::linkToTargetMethod (9 bytes)
Event: 1.491 Thread 0x000001fafcc4a800 nmethod 1473 0x000001fa808b2110 code [0x000001fa808b22e0, 0x000001fa808b2600]
Event: 1.496 Thread 0x000001fafe824800 1474       4       java.lang.String::regionMatches (150 bytes)
Event: 1.501 Thread 0x000001fafcc3f800 1475       4       java.io.WinNTFileSystem::normalize (143 bytes)
Event: 1.514 Thread 0x000001fafe824800 nmethod 1474 0x000001fa87b64110 code [0x000001fa87b642e0, 0x000001fa87b64a38]

GC Heap History (2 events):
Event: 0.657 GC heap before
{Heap before GC invocations=0 (full 0):
 garbage-first heap   total 98304K, used 24576K [0x00000000a0c00000, 0x0000000100000000)
  region size 1024K, 24 young (24576K), 0 survivors (0K)
 Metaspace       used 3322K, capacity 5598K, committed 5760K, reserved 1056768K
  class space    used 356K, capacity 566K, committed 640K, reserved 1048576K
}
Event: 0.664 GC heap after
{Heap after GC invocations=1 (full 0):
 garbage-first heap   total 98304K, used 8640K [0x00000000a0c00000, 0x0000000100000000)
  region size 1024K, 3 young (3072K), 3 survivors (3072K)
 Metaspace       used 3322K, capacity 5598K, committed 5760K, reserved 1056768K
  class space    used 356K, capacity 566K, committed 640K, reserved 1048576K
}

Deoptimization events (20 events):
Event: 1.336 Thread 0x000001faf25a4000 Uncommon trap: trap_request=0xffffff4d fr.pc=0x000001fa87b00a00 relative=0x00000000000001e0
Event: 1.336 Thread 0x000001faf25a4000 Uncommon trap: reason=unstable_if action=reinterpret pc=0x000001fa87b00a00 method=java.lang.String.startsWith(Ljava/lang/String;I)Z @ 46 c2
Event: 1.336 Thread 0x000001faf25a4000 DEOPT PACKING pc=0x000001fa87b00a00 sp=0x000000a3627fd5f0
Event: 1.336 Thread 0x000001faf25a4000 DEOPT UNPACKING pc=0x000001fa8002922f sp=0x000000a3627fd570 mode 2
Event: 1.347 Thread 0x000001faf25a4000 Uncommon trap: trap_request=0xffffff4d fr.pc=0x000001fa87b53254 relative=0x0000000000000114
Event: 1.347 Thread 0x000001faf25a4000 Uncommon trap: reason=unstable_if action=reinterpret pc=0x000001fa87b53254 method=java.lang.String.startsWith(Ljava/lang/String;I)Z @ 131 c2
Event: 1.347 Thread 0x000001faf25a4000 DEOPT PACKING pc=0x000001fa87b53254 sp=0x000000a3627fd670
Event: 1.347 Thread 0x000001faf25a4000 DEOPT UNPACKING pc=0x000001fa8002922f sp=0x000000a3627fd570 mode 2
Event: 1.349 Thread 0x000001faf25a4000 Uncommon trap: trap_request=0xffffff4d fr.pc=0x000001fa87b53a7c relative=0x000000000000013c
Event: 1.349 Thread 0x000001faf25a4000 Uncommon trap: reason=unstable_if action=reinterpret pc=0x000001fa87b53a7c method=java.lang.String.startsWith(Ljava/lang/String;I)Z @ 131 c2
Event: 1.349 Thread 0x000001faf25a4000 DEOPT PACKING pc=0x000001fa87b53a7c sp=0x000000a3627fd620
Event: 1.349 Thread 0x000001faf25a4000 DEOPT UNPACKING pc=0x000001fa8002922f sp=0x000000a3627fd588 mode 2
Event: 1.353 Thread 0x000001faf25a4000 Uncommon trap: trap_request=0xffffff4d fr.pc=0x000001fa87ada31c relative=0x00000000000001fc
Event: 1.353 Thread 0x000001faf25a4000 Uncommon trap: reason=unstable_if action=reinterpret pc=0x000001fa87ada31c method=java.lang.String.isLatin1()Z @ 10 c2
Event: 1.354 Thread 0x000001faf25a4000 DEOPT PACKING pc=0x000001fa87ada31c sp=0x000000a3627fd4f0
Event: 1.354 Thread 0x000001faf25a4000 DEOPT UNPACKING pc=0x000001fa8002922f sp=0x000000a3627fd418 mode 2
Event: 1.514 Thread 0x000001faf25a4000 Uncommon trap: trap_request=0xffffff4d fr.pc=0x000001fa87b35b4c relative=0x00000000000000ac
Event: 1.514 Thread 0x000001faf25a4000 Uncommon trap: reason=unstable_if action=reinterpret pc=0x000001fa87b35b4c method=java.lang.CharacterDataLatin1.digit(II)I @ 12 c2
Event: 1.514 Thread 0x000001faf25a4000 DEOPT PACKING pc=0x000001fa87b35b4c sp=0x000000a3627fd6a0
Event: 1.514 Thread 0x000001faf25a4000 DEOPT UNPACKING pc=0x000001fa8002922f sp=0x000000a3627fd558 mode 2

Classes redefined (0 events):
No events

Internal exceptions (20 events):
Event: 0.385 Thread 0x000001faf25a4000 Exception <a 'java/security/PrivilegedActionException'{0x00000000a5bf8130}> (0x00000000a5bf8130) thrown at [c:/BuildAgent/work/5ff2f6c26000d570/src/hotspot/share/prims/jvm.cpp, line 1297]
Event: 0.385 Thread 0x000001faf25a4000 Exception <a 'java/security/PrivilegedActionException'{0x00000000a5bf90d8}> (0x00000000a5bf90d8) thrown at [c:/BuildAgent/work/5ff2f6c26000d570/src/hotspot/share/prims/jvm.cpp, line 1297]
Event: 0.385 Thread 0x000001faf25a4000 Exception <a 'java/security/PrivilegedActionException'{0x00000000a5bf9650}> (0x00000000a5bf9650) thrown at [c:/BuildAgent/work/5ff2f6c26000d570/src/hotspot/share/prims/jvm.cpp, line 1297]
Event: 0.385 Thread 0x000001faf25a4000 Exception <a 'java/security/PrivilegedActionException'{0x00000000a5bfa548}> (0x00000000a5bfa548) thrown at [c:/BuildAgent/work/5ff2f6c26000d570/src/hotspot/share/prims/jvm.cpp, line 1297]
Event: 0.385 Thread 0x000001faf25a4000 Exception <a 'java/security/PrivilegedActionException'{0x00000000a5bfaac0}> (0x00000000a5bfaac0) thrown at [c:/BuildAgent/work/5ff2f6c26000d570/src/hotspot/share/prims/jvm.cpp, line 1297]
Event: 0.385 Thread 0x000001faf25a4000 Exception <a 'java/security/PrivilegedActionException'{0x00000000a5bfba08}> (0x00000000a5bfba08) thrown at [c:/BuildAgent/work/5ff2f6c26000d570/src/hotspot/share/prims/jvm.cpp, line 1297]
Event: 0.385 Thread 0x000001faf25a4000 Exception <a 'java/security/PrivilegedActionException'{0x00000000a5bfbf80}> (0x00000000a5bfbf80) thrown at [c:/BuildAgent/work/5ff2f6c26000d570/src/hotspot/share/prims/jvm.cpp, line 1297]
Event: 0.385 Thread 0x000001faf25a4000 Exception <a 'java/security/PrivilegedActionException'{0x00000000a5bfcf28}> (0x00000000a5bfcf28) thrown at [c:/BuildAgent/work/5ff2f6c26000d570/src/hotspot/share/prims/jvm.cpp, line 1297]
Event: 0.385 Thread 0x000001faf25a4000 Exception <a 'java/security/PrivilegedActionException'{0x00000000a5bfd4a0}> (0x00000000a5bfd4a0) thrown at [c:/BuildAgent/work/5ff2f6c26000d570/src/hotspot/share/prims/jvm.cpp, line 1297]
Event: 0.428 Thread 0x000001faf25a4000 Exception <a 'java/lang/NoSuchMethodError'{0x00000000a582bab8}: 'int java.lang.invoke.DirectMethodHandle$Holder.invokeSpecialIFC(java.lang.Object, java.lang.Object, int)'> (0x00000000a582bab8) thrown at [c:/BuildAgent/work/5ff2f6c26000d570/src/hotspot/sha
Event: 0.643 Thread 0x000001faf25a4000 Exception <a 'java/lang/ClassNotFoundException'{0x00000000a54a7108}: javax/smartcardio/CardPermission> (0x00000000a54a7108) thrown at [c:/BuildAgent/work/5ff2f6c26000d570/src/hotspot/share/classfile/systemDictionary.cpp, line 231]
Event: 0.646 Thread 0x000001faf25a4000 Exception <a 'java/io/FileNotFoundException'{0x00000000a54b6758}> (0x00000000a54b6758) thrown at [c:/BuildAgent/work/5ff2f6c26000d570/src/hotspot/share/prims/jni.cpp, line 615]
Event: 0.789 Thread 0x000001faf25a4000 Exception <a 'java/lang/NoSuchMethodError'{0x00000000a68bc7e8}: 'org.slf4j.impl.StaticMDCBinder org.slf4j.impl.StaticMDCBinder.getSingleton()'> (0x00000000a68bc7e8) thrown at [c:/BuildAgent/work/5ff2f6c26000d570/src/hotspot/share/interpreter/linkResolver.
Event: 0.975 Thread 0x000001faf25a4000 Exception <a 'java/lang/NoSuchMethodError'{0x00000000a60813e8}: 'java.lang.Object java.lang.invoke.DirectMethodHandle$Holder.invokeStaticInit(java.lang.Object, int, int, int, int)'> (0x00000000a60813e8) thrown at [c:/BuildAgent/work/5ff2f6c26000d570/src/h
Event: 0.976 Thread 0x000001faf25a4000 Exception <a 'sun/nio/fs/WindowsException'{0x00000000a6087700}> (0x00000000a6087700) thrown at [c:/BuildAgent/work/5ff2f6c26000d570/src/hotspot/share/prims/jni.cpp, line 615]
Event: 0.985 Thread 0x000001faf25a4000 Exception <a 'java/lang/NoSuchMethodError'{0x00000000a60addd8}: 'int java.lang.invoke.DirectMethodHandle$Holder.invokeStaticInit(java.lang.Object, java.lang.Object, java.lang.Object, java.lang.Object)'> (0x00000000a60addd8) thrown at [c:/BuildAgent/work/5
Event: 0.987 Thread 0x000001faf25a4000 Exception <a 'java/lang/IncompatibleClassChangeError'{0x00000000a60b7218}: Found class java.lang.Object, but interface was expected> (0x00000000a60b7218) thrown at [c:/BuildAgent/work/5ff2f6c26000d570/src/hotspot/share/interpreter/linkResolver.cpp, line 8
Event: 0.987 Thread 0x000001faf25a4000 Exception <a 'java/lang/NoSuchMethodError'{0x00000000a60ba670}: 'void java.lang.invoke.DirectMethodHandle$Holder.invokeStaticInit(java.lang.Object, java.lang.Object)'> (0x00000000a60ba670) thrown at [c:/BuildAgent/work/5ff2f6c26000d570/src/hotspot/share/i
Event: 0.988 Thread 0x000001faf25a4000 Exception <a 'java/lang/NoSuchMethodError'{0x00000000a60bffc8}: 'int java.lang.invoke.DirectMethodHandle$Holder.invokeStaticInit(java.lang.Object, java.lang.Object)'> (0x00000000a60bffc8) thrown at [c:/BuildAgent/work/5ff2f6c26000d570/src/hotspot/share/in
Event: 1.295 Thread 0x000001faf25a4000 Exception <a 'java/lang/NoSuchMethodError'{0x00000000a5d600f8}: 'java.lang.Object java.lang.invoke.DirectMethodHandle$Holder.invokeStaticInit(java.lang.Object, java.lang.Object, int, int, int, int)'> (0x00000000a5d600f8) thrown at [c:/BuildAgent/work/5ff2

Events (20 events):
Event: 1.512 loading class org/openqa/selenium/Platform$20
Event: 1.512 loading class org/openqa/selenium/Platform$20 done
Event: 1.513 loading class org/openqa/selenium/net/FixedIANAPortRange
Event: 1.513 loading class org/openqa/selenium/net/FixedIANAPortRange done
Event: 1.514 loading class java/net/ServerSocket
Event: 1.514 loading class java/net/ServerSocket done
Event: 1.514 loading class java/net/ServerSocket$2
Event: 1.514 loading class jdk/internal/misc/JavaNetSocketAccess
Event: 1.514 loading class jdk/internal/misc/JavaNetSocketAccess done
Event: 1.514 loading class java/net/ServerSocket$2 done
Event: 1.514 loading class java/util/concurrent/ConcurrentSkipListMap$KeySet
Event: 1.515 loading class java/util/concurrent/ConcurrentSkipListMap$KeySet done
Event: 1.515 loading class java/util/concurrent/ConcurrentSkipListMap$KeyIterator
Event: 1.515 loading class java/util/concurrent/ConcurrentSkipListMap$Iter
Event: 1.515 loading class java/util/concurrent/ConcurrentSkipListMap$Iter done
Event: 1.515 loading class java/util/concurrent/ConcurrentSkipListMap$KeyIterator done
Event: 1.515 loading class java/net/InetAddress$NameServiceAddresses
Event: 1.515 loading class java/net/InetAddress$Addresses
Event: 1.515 loading class java/net/InetAddress$Addresses done
Event: 1.515 loading class java/net/InetAddress$NameServiceAddresses done


Dynamic libraries:
0x00007ff7f2b00000 - 0x00007ff7f2b0a000 	C:\Program Files\JetBrains\IntelliJ IDEA 2019.3.3\jbr\bin\java.exe
0x00007ffa6e260000 - 0x00007ffa6e450000 	C:\Windows\SYSTEM32\ntdll.dll
0x00007ffa6c370000 - 0x00007ffa6c422000 	C:\Windows\System32\KERNEL32.DLL
0x00007ffa6bef0000 - 0x00007ffa6c193000 	C:\Windows\System32\KERNELBASE.dll
0x00007ffa6b4a0000 - 0x00007ffa6b59a000 	C:\Windows\System32\ucrtbase.dll
0x00007ffa641a0000 - 0x00007ffa641b9000 	C:\Program Files\JetBrains\IntelliJ IDEA 2019.3.3\jbr\bin\jli.dll
0x00007ffa63790000 - 0x00007ffa637a7000 	C:\Program Files\JetBrains\IntelliJ IDEA 2019.3.3\jbr\bin\VCRUNTIME140.dll
0x00007ffa6c7b0000 - 0x00007ffa6c944000 	C:\Windows\System32\USER32.dll
0x00007ffa5f360000 - 0x00007ffa5f5e5000 	C:\Windows\WinSxS\amd64_microsoft.windows.common-controls_6595b64144ccf1df_6.0.18362.657_none_e6c5b579130e3898\COMCTL32.dll
0x00007ffa6c970000 - 0x00007ffa6ca0e000 	C:\Windows\System32\msvcrt.dll
0x00007ffa6b440000 - 0x00007ffa6b461000 	C:\Windows\System32\win32u.dll
0x00007ffa6c4d0000 - 0x00007ffa6c4f6000 	C:\Windows\System32\GDI32.dll
0x00007ffa6dee0000 - 0x00007ffa6e216000 	C:\Windows\System32\combase.dll
0x00007ffa6cb90000 - 0x00007ffa6ccb0000 	C:\Windows\System32\RPCRT4.dll
0x00007ffa6b2a0000 - 0x00007ffa6b434000 	C:\Windows\System32\gdi32full.dll
0x00007ffa6b650000 - 0x00007ffa6b6ee000 	C:\Windows\System32\msvcp_win.dll
0x00007ffa6be70000 - 0x00007ffa6bef0000 	C:\Windows\System32\bcryptPrimitives.dll
0x00007ffa6c520000 - 0x00007ffa6c54e000 	C:\Windows\System32\IMM32.DLL
0x00007ffa59390000 - 0x00007ffa5942d000 	C:\Program Files\JetBrains\IntelliJ IDEA 2019.3.3\jbr\bin\msvcp140.dll
0x00007ffa38e60000 - 0x00007ffa3991b000 	C:\Program Files\JetBrains\IntelliJ IDEA 2019.3.3\jbr\bin\server\jvm.dll
0x00007ffa6c690000 - 0x00007ffa6c733000 	C:\Windows\System32\ADVAPI32.dll
0x00007ffa6c430000 - 0x00007ffa6c4c7000 	C:\Windows\System32\sechost.dll
0x00007ffa6c950000 - 0x00007ffa6c958000 	C:\Windows\System32\PSAPI.DLL
0x00007ffa692c0000 - 0x00007ffa692c9000 	C:\Windows\SYSTEM32\WSOCK32.dll
0x00007ffa690a0000 - 0x00007ffa690c4000 	C:\Windows\SYSTEM32\WINMM.dll
0x00007ffa64ad0000 - 0x00007ffa64ada000 	C:\Windows\SYSTEM32\VERSION.dll
0x00007ffa6c740000 - 0x00007ffa6c7af000 	C:\Windows\System32\WS2_32.dll
0x00007ffa68c20000 - 0x00007ffa68c4d000 	C:\Windows\SYSTEM32\winmmbase.dll
0x00007ffa6b1f0000 - 0x00007ffa6b23a000 	C:\Windows\System32\cfgmgr32.dll
0x00007ffa6b140000 - 0x00007ffa6b151000 	C:\Windows\System32\kernel.appcore.dll
0x00007ffa669e0000 - 0x00007ffa669f1000 	C:\Program Files\JetBrains\IntelliJ IDEA 2019.3.3\jbr\bin\verify.dll
0x00007ffa54190000 - 0x00007ffa54384000 	C:\Windows\SYSTEM32\DBGHELP.DLL
0x00007ffa53f90000 - 0x00007ffa53fba000 	C:\Windows\SYSTEM32\dbgcore.DLL
0x00007ffa64d50000 - 0x00007ffa64d79000 	C:\Program Files\JetBrains\IntelliJ IDEA 2019.3.3\jbr\bin\java.dll
0x00007ffa66a00000 - 0x00007ffa66a0f000 	C:\Program Files\JetBrains\IntelliJ IDEA 2019.3.3\jbr\bin\instrument.dll
0x00007ffa647a0000 - 0x00007ffa647b7000 	C:\Program Files\JetBrains\IntelliJ IDEA 2019.3.3\jbr\bin\zip.dll
0x00007ffa669b0000 - 0x00007ffa669bb000 	C:\Program Files\JetBrains\IntelliJ IDEA 2019.3.3\jbr\bin\jimage.dll
0x00007ffa6cf40000 - 0x00007ffa6d625000 	C:\Windows\System32\SHELL32.dll
0x00007ffa6cae0000 - 0x00007ffa6cb89000 	C:\Windows\System32\shcore.dll
0x00007ffa6b6f0000 - 0x00007ffa6be6f000 	C:\Windows\System32\windows.storage.dll
0x00007ffa6b1b0000 - 0x00007ffa6b1cf000 	C:\Windows\System32\profapi.dll
0x00007ffa6b160000 - 0x00007ffa6b1aa000 	C:\Windows\System32\powrprof.dll
0x00007ffa6b130000 - 0x00007ffa6b140000 	C:\Windows\System32\UMPDC.dll
0x00007ffa6de20000 - 0x00007ffa6de72000 	C:\Windows\System32\shlwapi.dll
0x00007ffa6c1a0000 - 0x00007ffa6c1b7000 	C:\Windows\System32\cryptsp.dll
0x00007ffa64720000 - 0x00007ffa6473a000 	C:\Program Files\JetBrains\IntelliJ IDEA 2019.3.3\jbr\bin\net.dll
0x00007ffa5ff00000 - 0x00007ffa5fff0000 	C:\Windows\SYSTEM32\WINHTTP.dll
0x00007ffa6a940000 - 0x00007ffa6a9a7000 	C:\Windows\system32\mswsock.dll
0x00007ffa64700000 - 0x00007ffa64714000 	C:\Program Files\JetBrains\IntelliJ IDEA 2019.3.3\jbr\bin\nio.dll
0x00007ffa64690000 - 0x00007ffa646aa000 	C:\Program Files\JetBrains\IntelliJ IDEA 2019.3.3\bin\breakgen64.dll
0x00007ffa65e80000 - 0x00007ffa65e8a000 	C:\Program Files\JetBrains\IntelliJ IDEA 2019.3.3\jbr\bin\prefs.dll
0x00007ffa640e0000 - 0x00007ffa64108000 	C:\Program Files\JetBrains\IntelliJ IDEA 2019.3.3\jbr\bin\sunec.dll
0x00007ffa6a4b0000 - 0x00007ffa6a4e3000 	C:\Windows\system32\rsaenh.dll
0x00007ffa6b470000 - 0x00007ffa6b496000 	C:\Windows\System32\bcrypt.dll
0x00007ffa6b020000 - 0x00007ffa6b045000 	C:\Windows\SYSTEM32\USERENV.dll
0x00007ffa6ab10000 - 0x00007ffa6ab1c000 	C:\Windows\SYSTEM32\CRYPTBASE.dll
0x00007ffa6a650000 - 0x00007ffa6a68a000 	C:\Windows\SYSTEM32\IPHLPAPI.DLL
0x00007ffa6c960000 - 0x00007ffa6c968000 	C:\Windows\System32\NSI.dll
0x00007ffa637d0000 - 0x00007ffa637e6000 	C:\Windows\SYSTEM32\dhcpcsvc6.DLL
0x00007ffa637b0000 - 0x00007ffa637cc000 	C:\Windows\SYSTEM32\dhcpcsvc.DLL
0x00007ffa6a690000 - 0x00007ffa6a75a000 	C:\Windows\SYSTEM32\DNSAPI.dll
0x00007ffa5f7d0000 - 0x00007ffa5f7da000 	C:\Windows\System32\rasadhlp.dll
0x00007ffa60470000 - 0x00007ffa604e7000 	C:\Windows\System32\fwpuclnt.dll

dbghelp: loaded successfully - version: 4.0.5 - missing functions: none
symbol engine: initialized successfully - sym options: 0x614 - pdb path: .;C:\Program Files\JetBrains\IntelliJ IDEA 2019.3.3\jbr\bin;C:\Windows\SYSTEM32;C:\Windows\WinSxS\amd64_microsoft.windows.common-controls_6595b64144ccf1df_6.0.18362.657_none_e6c5b579130e3898;C:\Program Files\JetBrains\IntelliJ IDEA 2019.3.3\jbr\bin\server;C:\Program Files\JetBrains\IntelliJ IDEA 2019.3.3\bin

VM Arguments:
jvm_args: -ea -Didea.test.cyclic.buffer.size=1048576 -javaagent:C:\Program Files\JetBrains\IntelliJ IDEA 2019.3.3\lib\idea_rt.jar=58487:C:\Program Files\JetBrains\IntelliJ IDEA 2019.3.3\bin -Dfile.encoding=UTF-8 
java_command: com.intellij.rt.junit.JUnitStarter -ideVersion5 -junit4 com.diplom.work.EditTest,TestEdit
java_class_path (initial): C:\Program Files\JetBrains\IntelliJ IDEA 2019.3.3\lib\idea_rt.jar;C:\Program Files\JetBrains\IntelliJ IDEA 2019.3.3\plugins\junit\lib\junit5-rt.jar;C:\Program Files\JetBrains\IntelliJ IDEA 2019.3.3\plugins\junit\lib\junit-rt.jar;C:\Users\Gerbert\Documents\GitHub\diplom\target\test-classes;C:\Users\Gerbert\Documents\GitHub\diplom\target\classes;C:\Users\Gerbert\.m2\repository\junit\junit\4.13\junit-4.13.jar;C:\Users\Gerbert\.m2\repository\org\hamcrest\hamcrest-core\2.1\hamcrest-core-2.1.jar;C:\Users\Gerbert\.m2\repository\com\codeborne\selenide\5.8.0\selenide-5.8.0.jar;C:\Users\Gerbert\.m2\repository\org\seleniumhq\selenium\selenium-java\3.141.59\selenium-java-3.141.59.jar;C:\Users\Gerbert\.m2\repository\org\seleniumhq\selenium\selenium-api\3.141.59\selenium-api-3.141.59.jar;C:\Users\Gerbert\.m2\repository\org\seleniumhq\selenium\selenium-chrome-driver\3.141.59\selenium-chrome-driver-3.141.59.jar;C:\Users\Gerbert\.m2\repository\org\seleniumhq\selenium\selenium-edge-driver\3.141.59\selenium-edge-driver-3.141.59.jar;C:\Users\Gerbert\.m2\repository\org\seleniumhq\selenium\selenium-firefox-driver\3.141.59\selenium-firefox-driver-3.141.59.jar;C:\Users\Gerbert\.m2\repository\org\seleniumhq\selenium\selenium-ie-driver\3.141.59\selenium-ie-driver-3.141.59.jar;C:\Users\Gerbert\.m2\repository\org\seleniumhq\selenium\selenium-opera-driver\3.141.59\selenium-opera-driver-3.141.59.jar;C:\Users\Gerbert\.m2\repository\org\seleniumhq\selenium\selenium-remote-driver\3.141.59\selenium-remote-driver-3.141.59.jar;C:\Users\Gerbert\.m2\repository\org\seleniumhq\selenium\selenium-safari-driver\3.141.59\selenium-safari-driver-3.141.59.jar;C:\Users\Gerbert\.m2\repository\org\seleniumhq\selenium\selenium-support\3.141.59\selenium-support-3.141.59.jar;C:\Users\Gerbert\.m2\repository\org\apache\commons\commons-exec\1.3\commons-exec-1.3.jar;C:\Users\Gerbert\.m2\repository\com\google\guava\guava\25.0-jre\guava-25.0-jre.jar;C:\Users\Gerbert\.m2\repository\com\google\cod
Launcher Type: SUN_STANDARD

[Global flags]
     intx CICompilerCount                          = 4                                         {product} {ergonomic}
     uint ConcGCThreads                            = 2                                         {product} {ergonomic}
     uint G1ConcRefinementThreads                  = 8                                         {product} {ergonomic}
   size_t G1HeapRegionSize                         = 1048576                                   {product} {ergonomic}
    uintx GCDrainStackTargetSize                   = 64                                        {product} {ergonomic}
   size_t InitialHeapSize                          = 100663296                                 {product} {ergonomic}
   size_t MarkStackSize                            = 4194304                                   {product} {ergonomic}
   size_t MaxHeapSize                              = 1598029824                                {product} {ergonomic}
   size_t MaxNewSize                               = 958398464                                 {product} {ergonomic}
   size_t MinHeapDeltaBytes                        = 1048576                                   {product} {ergonomic}
    uintx NonNMethodCodeHeapSize                   = 5836300                                {pd product} {ergonomic}
    uintx NonProfiledCodeHeapSize                  = 122910970                              {pd product} {ergonomic}
    uintx ProfiledCodeHeapSize                     = 122910970                              {pd product} {ergonomic}
    uintx ReservedCodeCacheSize                    = 251658240                              {pd product} {ergonomic}
     bool SegmentedCodeCache                       = true                                      {product} {ergonomic}
     bool UseCompressedClassPointers               = true                                 {lp64_product} {ergonomic}
     bool UseCompressedOops                        = true                                 {lp64_product} {ergonomic}
     bool UseG1GC                                  = true                                      {product} {ergonomic}
     bool UseLargePagesIndividualAllocation        = false                                  {pd product} {ergonomic}

Logging:
Log output configuration:
 #0: stdout all=warning uptime,level,tags
 #1: stderr all=off uptime,level,tags

Environment Variables:
PATH=C:\Windows\system32;C:\Windows;C:\Windows\System32\Wbem;C:\Windows\System32\WindowsPowerShell\v1.0\;C:\Windows\System32\OpenSSH\;C:\Program Files\Git\cmd;C:\Users\Gerbert\AppData\Local\Microsoft\WindowsApps;C:\Program Files\JetBrains\IntelliJ IDEA 2019.3.3\bin;C:\Program Files\JetBrains\PhpStorm 2019.3.3\bin;C:\Program Files\JetBrains\CLion 2019.3.4\bin;C:\Program Files\JetBrains\JetBrains Rider 2019.3.4\bin;C:\Users\Gerbert\AppData\Local\GitHubDesktop\bin
USERNAME=Gerbert
OS=Windows_NT
PROCESSOR_IDENTIFIER=AMD64 Family 23 Model 24 Stepping 1, AuthenticAMD



---------------  S Y S T E M  ---------------

OS: Windows 10 , 64 bit Build 18362 (10.0.18362.329)

CPU:total 8 (initial active 8) (8 cores per cpu, 2 threads per core) family 23 model 24 stepping 1, cmov, cx8, fxsr, mmx, sse, sse2, sse3, ssse3, sse4.1, sse4.2, popcnt, avx, avx2, aes, clmul, mmxext, 3dnowpref, lzcnt, sse4a, ht, tsc, tscinvbit, tscinv, bmi1, bmi2, adx, sha, fma

Memory: 4k page, system-wide physical 6091M (1215M free)
TotalPageFile size 8139M (AvailPageFile size 5M)
current process WorkingSet (physical memory assigned to process): 98M, peak: 98M
current process commit charge ("private bytes"): 195M, peak: 196M

vm_info: OpenJDK 64-Bit Server VM (11.0.5+10-b520.38) for windows-amd64 JRE (11.0.5+10-b520.38), built on Jan 23 2020 07:58:32 by "" with MS VC++ 14.0 (VS2015)

END.
