#
# There is insufficient memory for the Java Runtime Environment to continue.
# Native memory allocation (malloc) failed to allocate 166736 bytes for Chunk::new
# Possible reasons:
#   The system is out of physical RAM or swap space
#   The process is running with CompressedOops enabled, and the Java Heap may be blocking the growth of the native heap
# Possible solutions:
#   Reduce memory load on the system
#   Increase physical memory or swap space
#   Check if swap backing store is full
#   Decrease Java heap size (-Xmx/-Xms)
#   Decrease number of Java threads
#   Decrease Java thread stack sizes (-Xss)
#   Set larger code cache with -XX:ReservedCodeCacheSize=
#   JVM is running with Unscaled Compressed Oops mode in which the Java heap is
#     placed in the first 4GB address space. The Java Heap base address is the
#     maximum limit for the native heap growth. Please use -XX:HeapBaseMinAddress
#     to set the Java Heap base and to place the Java Heap above 4GB virtual address.
# This output file may be truncated or incomplete.
#
#  Out of Memory Error (c:/BuildAgent/work/5ff2f6c26000d570/src/hotspot/share/memory/arena.cpp:197), pid=5192, tid=4144
#
# JRE version: OpenJDK Runtime Environment (11.0.5+10) (build 11.0.5+10-b520.38)
# Java VM: OpenJDK 64-Bit Server VM (11.0.5+10-b520.38, mixed mode, sharing, tiered, compressed oops, g1 gc, windows-amd64)
# No core dump will be written. Minidumps are not enabled by default on client versions of Windows
#

---------------  S U M M A R Y ------------

Command Line: -ea -Didea.test.cyclic.buffer.size=1048576 -javaagent:C:\Program Files\JetBrains\IntelliJ IDEA 2019.3.3\lib\idea_rt.jar=59449:C:\Program Files\JetBrains\IntelliJ IDEA 2019.3.3\bin -Dfile.encoding=UTF-8 com.intellij.rt.junit.JUnitStarter -ideVersion5 -junit4 com.diplom.work.EditTest,TestEdit

Host: AMD Ryzen 5 3500U with Radeon Vega Mobile Gfx  , 8 cores, 5G,  Windows 10 , 64 bit Build 18362 (10.0.18362.329)
Time: Mon Mar  9 18:27:09 2020 RTZ 2 (ceia) elapsed time: 2 seconds (0d 0h 0m 2s)

---------------  T H R E A D  ---------------

Current thread (0x000001e4fff11000):  JavaThread "C2 CompilerThread0" daemon [_thread_in_native, id=4144, stack(0x00000040d2700000,0x00000040d2800000)]


Current CompileTask:
C2:   2855 1849  s!   4       jdk.internal.loader.URLClassPath::getLoader (194 bytes)

Stack: [0x00000040d2700000,0x00000040d2800000]
Native frames: (J=compiled Java code, j=interpreted, Vv=VM code, C=native code)
V  [jvm.dll+0x5dcafa]
V  [jvm.dll+0x70e375]
V  [jvm.dll+0x70f898]
V  [jvm.dll+0x70ff63]
V  [jvm.dll+0x23e238]
V  [jvm.dll+0xb8a9c]
V  [jvm.dll+0xb8fac]
V  [jvm.dll+0x34fc5b]
V  [jvm.dll+0x193f6c]
V  [jvm.dll+0x1f79ce]
V  [jvm.dll+0x1f6a94]
V  [jvm.dll+0x17f6fc]
V  [jvm.dll+0x204f77]
V  [jvm.dll+0x2037f1]
V  [jvm.dll+0x6d835f]
V  [jvm.dll+0x6d114d]
V  [jvm.dll+0x5dbdd6]
C  [ucrtbase.dll+0x20e72]
C  [KERNEL32.DLL+0x17bd4]
C  [ntdll.dll+0x6ced1]


---------------  P R O C E S S  ---------------

Threads class SMR info:
_java_thread_list=0x000001e486837320, length=16, elements={
0x000001e4ea027800, 0x000001e4ffef0000, 0x000001e4ffef1800, 0x000001e4fff0f000,
0x000001e4fff10000, 0x000001e4fff11000, 0x000001e4fff1f800, 0x000001e4fff2a800,
0x000001e4ffed3800, 0x000001e48445d000, 0x000001e48445d800, 0x000001e486b39000,
0x000001e485d11800, 0x000001e486675000, 0x000001e486676000, 0x000001e486ae9000
}

Java Threads: ( => current thread )
  0x000001e4ea027800 JavaThread "Forwarding newSession on session null to remote" [_thread_in_native, id=8036, stack(0x00000040d1c00000,0x00000040d1d00000)]
  0x000001e4ffef0000 JavaThread "Reference Handler" daemon [_thread_blocked, id=10500, stack(0x00000040d2300000,0x00000040d2400000)]
  0x000001e4ffef1800 JavaThread "Finalizer" daemon [_thread_blocked, id=1248, stack(0x00000040d2400000,0x00000040d2500000)]
  0x000001e4fff0f000 JavaThread "Signal Dispatcher" daemon [_thread_blocked, id=1768, stack(0x00000040d2500000,0x00000040d2600000)]
  0x000001e4fff10000 JavaThread "Attach Listener" daemon [_thread_blocked, id=6580, stack(0x00000040d2600000,0x00000040d2700000)]
=>0x000001e4fff11000 JavaThread "C2 CompilerThread0" daemon [_thread_in_native, id=4144, stack(0x00000040d2700000,0x00000040d2800000)]
  0x000001e4fff1f800 JavaThread "C1 CompilerThread0" daemon [_thread_blocked, id=6236, stack(0x00000040d2800000,0x00000040d2900000)]
  0x000001e4fff2a800 JavaThread "Sweeper thread" daemon [_thread_blocked, id=2424, stack(0x00000040d2900000,0x00000040d2a00000)]
  0x000001e4ffed3800 JavaThread "Common-Cleaner" daemon [_thread_blocked, id=4532, stack(0x00000040d2a00000,0x00000040d2b00000)]
  0x000001e48445d000 JavaThread "Monitor Ctrl-Break" daemon [_thread_in_native, id=9964, stack(0x00000040d2b00000,0x00000040d2c00000)]
  0x000001e48445d800 JavaThread "Service Thread" daemon [_thread_blocked, id=11280, stack(0x00000040d2c00000,0x00000040d2d00000)]
  0x000001e486b39000 JavaThread "Exec Default Executor" daemon [_thread_in_native, id=10864, stack(0x00000040d3200000,0x00000040d3300000)]
  0x000001e485d11800 JavaThread "UrlChecker-2" daemon [_thread_blocked, id=5796, stack(0x00000040d3300000,0x00000040d3400000)]
  0x000001e486675000 JavaThread "Exec Stream Pumper" daemon [_thread_in_native, id=12268, stack(0x00000040d3500000,0x00000040d3600000)]
  0x000001e486676000 JavaThread "Exec Stream Pumper" daemon [_thread_in_native, id=6660, stack(0x00000040d3600000,0x00000040d3700000)]
  0x000001e486ae9000 JavaThread "Keep-Alive-Timer" daemon [_thread_blocked, id=5508, stack(0x00000040d3700000,0x00000040d3800000)]

Other Threads:
  0x000001e4ffeed000 VMThread "VM Thread" [stack: 0x00000040d2200000,0x00000040d2300000] [id=7412]
  0x000001e484462800 WatcherThread [stack: 0x00000040d2d00000,0x00000040d2e00000] [id=4676]
  0x000001e4ea03f000 GCTaskThread "GC Thread#0" [stack: 0x00000040d1d00000,0x00000040d1e00000] [id=11064]
  0x000001e484ee3000 GCTaskThread "GC Thread#1" [stack: 0x00000040d2f00000,0x00000040d3000000] [id=7548]
  0x000001e4ea065000 ConcurrentGCThread "G1 Main Marker" [stack: 0x00000040d1e00000,0x00000040d1f00000] [id=8652]
  0x000001e4ea066000 ConcurrentGCThread "G1 Conc#0" [stack: 0x00000040d1f00000,0x00000040d2000000] [id=11688]
  0x000001e4ffd80800 ConcurrentGCThread "G1 Refine#0" [stack: 0x00000040d2000000,0x00000040d2100000] [id=7108]
  0x000001e485484800 ConcurrentGCThread "G1 Refine#1" [stack: 0x00000040d3100000,0x00000040d3200000] [id=11740]
  0x000001e4ffd82800 ConcurrentGCThread "G1 Young RemSet Sampling" [stack: 0x00000040d2100000,0x00000040d2200000] [id=2476]

Threads with active compile tasks:
C2 CompilerThread0   2876 1849  s!   4       jdk.internal.loader.URLClassPath::getLoader (194 bytes)

VM state:not at safepoint (normal execution)

VM Mutex/Monitor currently owned by a thread: None

Heap address: 0x00000000a0c00000, size: 1524 MB, Compressed Oops mode: 32-bit
Narrow klass base: 0x0000000800000000, Narrow klass shift: 3
Compressed class space size: 1073741824 Address: 0x0000000840000000

Heap:
 garbage-first heap   total 98304K, used 34810K [0x00000000a0c00000, 0x0000000100000000)
  region size 1024K, 20 young (20480K), 3 survivors (3072K)
 Metaspace       used 12341K, capacity 12712K, committed 12928K, reserved 1060864K
  class space    used 1491K, capacity 1629K, committed 1664K, reserved 1048576K
Heap Regions: E=young(eden), S=young(survivor), O=old, HS=humongous(starts), HC=humongous(continues), CS=collection set, F=free, A=archive, TAMS=top-at-mark-start (previous, next)
|   0|0x00000000a0c00000, 0x00000000a0d00000, 0x00000000a0d00000|100%|HS|  |TAMS 0x00000000a0c00000, 0x00000000a0c00000| Complete 
|   1|0x00000000a0d00000, 0x00000000a0e00000, 0x00000000a0e00000|100%| O|  |TAMS 0x00000000a0d00000, 0x00000000a0d00000| Untracked 
|   2|0x00000000a0e00000, 0x00000000a0f00000, 0x00000000a0f00000|100%| O|  |TAMS 0x00000000a0e00000, 0x00000000a0e00000| Untracked 
|   3|0x00000000a0f00000, 0x00000000a1000000, 0x00000000a1000000|100%| O|  |TAMS 0x00000000a0f00000, 0x00000000a0f00000| Untracked 
|   4|0x00000000a1000000, 0x00000000a1100000, 0x00000000a1100000|100%| O|  |TAMS 0x00000000a1000000, 0x00000000a1000000| Untracked 
|   5|0x00000000a1100000, 0x00000000a1200000, 0x00000000a1200000|100%| O|  |TAMS 0x00000000a1100000, 0x00000000a1100000| Untracked 
|   6|0x00000000a1200000, 0x00000000a1300000, 0x00000000a1300000|100%| O|  |TAMS 0x00000000a1200000, 0x00000000a1200000| Untracked 
|   7|0x00000000a1300000, 0x00000000a1400000, 0x00000000a1400000|100%| O|  |TAMS 0x00000000a1300000, 0x00000000a1300000| Untracked 
|   8|0x00000000a1400000, 0x00000000a1500000, 0x00000000a1500000|100%| O|  |TAMS 0x00000000a1400000, 0x00000000a1400000| Untracked 
|   9|0x00000000a1500000, 0x00000000a1600000, 0x00000000a1600000|100%| O|  |TAMS 0x00000000a1500000, 0x00000000a1500000| Untracked 
|  10|0x00000000a1600000, 0x00000000a1700000, 0x00000000a1700000|100%| O|  |TAMS 0x00000000a1600000, 0x00000000a1600000| Untracked 
|  11|0x00000000a1700000, 0x00000000a1800000, 0x00000000a1800000|100%| O|  |TAMS 0x00000000a1700000, 0x00000000a1700000| Untracked 
|  12|0x00000000a1800000, 0x00000000a1900000, 0x00000000a1900000|100%| O|  |TAMS 0x00000000a1800000, 0x00000000a1800000| Untracked 
|  13|0x00000000a1900000, 0x00000000a1a00000, 0x00000000a1a00000|100%| O|  |TAMS 0x00000000a1900000, 0x00000000a1900000| Untracked 
|  14|0x00000000a1a00000, 0x00000000a1b00000, 0x00000000a1b00000|100%| O|  |TAMS 0x00000000a1a00000, 0x00000000a1a00000| Untracked 
|  15|0x00000000a1b00000, 0x00000000a1bfe800, 0x00000000a1c00000| 99%| O|  |TAMS 0x00000000a1b00000, 0x00000000a1b00000| Untracked 
|  16|0x00000000a1c00000, 0x00000000a1c00000, 0x00000000a1d00000|  0%| F|  |TAMS 0x00000000a1c00000, 0x00000000a1c00000| Untracked 
|  17|0x00000000a1d00000, 0x00000000a1d00000, 0x00000000a1e00000|  0%| F|  |TAMS 0x00000000a1d00000, 0x00000000a1d00000| Untracked 
|  18|0x00000000a1e00000, 0x00000000a1e00000, 0x00000000a1f00000|  0%| F|  |TAMS 0x00000000a1e00000, 0x00000000a1e00000| Untracked 
|  19|0x00000000a1f00000, 0x00000000a1f00000, 0x00000000a2000000|  0%| F|  |TAMS 0x00000000a1f00000, 0x00000000a1f00000| Untracked 
|  20|0x00000000a2000000, 0x00000000a2000000, 0x00000000a2100000|  0%| F|  |TAMS 0x00000000a2000000, 0x00000000a2000000| Untracked 
|  21|0x00000000a2100000, 0x00000000a2100000, 0x00000000a2200000|  0%| F|  |TAMS 0x00000000a2100000, 0x00000000a2100000| Untracked 
|  22|0x00000000a2200000, 0x00000000a2200000, 0x00000000a2300000|  0%| F|  |TAMS 0x00000000a2200000, 0x00000000a2200000| Untracked 
|  23|0x00000000a2300000, 0x00000000a2300000, 0x00000000a2400000|  0%| F|  |TAMS 0x00000000a2300000, 0x00000000a2300000| Untracked 
|  24|0x00000000a2400000, 0x00000000a2400000, 0x00000000a2500000|  0%| F|  |TAMS 0x00000000a2400000, 0x00000000a2400000| Untracked 
|  25|0x00000000a2500000, 0x00000000a2500000, 0x00000000a2600000|  0%| F|  |TAMS 0x00000000a2500000, 0x00000000a2500000| Untracked 
|  26|0x00000000a2600000, 0x00000000a2600000, 0x00000000a2700000|  0%| F|  |TAMS 0x00000000a2600000, 0x00000000a2600000| Untracked 
|  27|0x00000000a2700000, 0x00000000a2700000, 0x00000000a2800000|  0%| F|  |TAMS 0x00000000a2700000, 0x00000000a2700000| Untracked 
|  28|0x00000000a2800000, 0x00000000a2800000, 0x00000000a2900000|  0%| F|  |TAMS 0x00000000a2800000, 0x00000000a2800000| Untracked 
|  29|0x00000000a2900000, 0x00000000a2900000, 0x00000000a2a00000|  0%| F|  |TAMS 0x00000000a2900000, 0x00000000a2900000| Untracked 
|  30|0x00000000a2a00000, 0x00000000a2a00000, 0x00000000a2b00000|  0%| F|  |TAMS 0x00000000a2a00000, 0x00000000a2a00000| Untracked 
|  31|0x00000000a2b00000, 0x00000000a2b00000, 0x00000000a2c00000|  0%| F|  |TAMS 0x00000000a2b00000, 0x00000000a2b00000| Untracked 
|  32|0x00000000a2c00000, 0x00000000a2c00000, 0x00000000a2d00000|  0%| F|  |TAMS 0x00000000a2c00000, 0x00000000a2c00000| Untracked 
|  33|0x00000000a2d00000, 0x00000000a2d00000, 0x00000000a2e00000|  0%| F|  |TAMS 0x00000000a2d00000, 0x00000000a2d00000| Untracked 
|  34|0x00000000a2e00000, 0x00000000a2e00000, 0x00000000a2f00000|  0%| F|  |TAMS 0x00000000a2e00000, 0x00000000a2e00000| Untracked 
|  35|0x00000000a2f00000, 0x00000000a2f00000, 0x00000000a3000000|  0%| F|  |TAMS 0x00000000a2f00000, 0x00000000a2f00000| Untracked 
|  36|0x00000000a3000000, 0x00000000a3000000, 0x00000000a3100000|  0%| F|  |TAMS 0x00000000a3000000, 0x00000000a3000000| Untracked 
|  37|0x00000000a3100000, 0x00000000a3100000, 0x00000000a3200000|  0%| F|  |TAMS 0x00000000a3100000, 0x00000000a3100000| Untracked 
|  38|0x00000000a3200000, 0x00000000a3200000, 0x00000000a3300000|  0%| F|  |TAMS 0x00000000a3200000, 0x00000000a3200000| Untracked 
|  39|0x00000000a3300000, 0x00000000a3300000, 0x00000000a3400000|  0%| F|  |TAMS 0x00000000a3300000, 0x00000000a3300000| Untracked 
|  40|0x00000000a3400000, 0x00000000a3400000, 0x00000000a3500000|  0%| F|  |TAMS 0x00000000a3400000, 0x00000000a3400000| Untracked 
|  41|0x00000000a3500000, 0x00000000a3500000, 0x00000000a3600000|  0%| F|  |TAMS 0x00000000a3500000, 0x00000000a3500000| Untracked 
|  42|0x00000000a3600000, 0x00000000a3600000, 0x00000000a3700000|  0%| F|  |TAMS 0x00000000a3600000, 0x00000000a3600000| Untracked 
|  43|0x00000000a3700000, 0x00000000a3700000, 0x00000000a3800000|  0%| F|  |TAMS 0x00000000a3700000, 0x00000000a3700000| Untracked 
|  44|0x00000000a3800000, 0x00000000a3800000, 0x00000000a3900000|  0%| F|  |TAMS 0x00000000a3800000, 0x00000000a3800000| Untracked 
|  45|0x00000000a3900000, 0x00000000a3900000, 0x00000000a3a00000|  0%| F|  |TAMS 0x00000000a3900000, 0x00000000a3900000| Untracked 
|  46|0x00000000a3a00000, 0x00000000a3a00000, 0x00000000a3b00000|  0%| F|  |TAMS 0x00000000a3a00000, 0x00000000a3a00000| Untracked 
|  47|0x00000000a3b00000, 0x00000000a3b00000, 0x00000000a3c00000|  0%| F|  |TAMS 0x00000000a3b00000, 0x00000000a3b00000| Untracked 
|  48|0x00000000a3c00000, 0x00000000a3c00000, 0x00000000a3d00000|  0%| F|  |TAMS 0x00000000a3c00000, 0x00000000a3c00000| Untracked 
|  49|0x00000000a3d00000, 0x00000000a3d00000, 0x00000000a3e00000|  0%| F|  |TAMS 0x00000000a3d00000, 0x00000000a3d00000| Untracked 
|  50|0x00000000a3e00000, 0x00000000a3e00000, 0x00000000a3f00000|  0%| F|  |TAMS 0x00000000a3e00000, 0x00000000a3e00000| Untracked 
|  51|0x00000000a3f00000, 0x00000000a3f00000, 0x00000000a4000000|  0%| F|  |TAMS 0x00000000a3f00000, 0x00000000a3f00000| Untracked 
|  52|0x00000000a4000000, 0x00000000a4000000, 0x00000000a4100000|  0%| F|  |TAMS 0x00000000a4000000, 0x00000000a4000000| Untracked 
|  53|0x00000000a4100000, 0x00000000a4100000, 0x00000000a4200000|  0%| F|  |TAMS 0x00000000a4100000, 0x00000000a4100000| Untracked 
|  54|0x00000000a4200000, 0x00000000a4200000, 0x00000000a4300000|  0%| F|  |TAMS 0x00000000a4200000, 0x00000000a4200000| Untracked 
|  55|0x00000000a4300000, 0x00000000a4300000, 0x00000000a4400000|  0%| F|  |TAMS 0x00000000a4300000, 0x00000000a4300000| Untracked 
|  56|0x00000000a4400000, 0x00000000a4400000, 0x00000000a4500000|  0%| F|  |TAMS 0x00000000a4400000, 0x00000000a4400000| Untracked 
|  57|0x00000000a4500000, 0x00000000a4500000, 0x00000000a4600000|  0%| F|  |TAMS 0x00000000a4500000, 0x00000000a4500000| Untracked 
|  58|0x00000000a4600000, 0x00000000a4600000, 0x00000000a4700000|  0%| F|  |TAMS 0x00000000a4600000, 0x00000000a4600000| Untracked 
|  59|0x00000000a4700000, 0x00000000a4700000, 0x00000000a4800000|  0%| F|  |TAMS 0x00000000a4700000, 0x00000000a4700000| Untracked 
|  60|0x00000000a4800000, 0x00000000a4800000, 0x00000000a4900000|  0%| F|  |TAMS 0x00000000a4800000, 0x00000000a4800000| Untracked 
|  61|0x00000000a4900000, 0x00000000a4900000, 0x00000000a4a00000|  0%| F|  |TAMS 0x00000000a4900000, 0x00000000a4900000| Untracked 
|  62|0x00000000a4a00000, 0x00000000a4a00000, 0x00000000a4b00000|  0%| F|  |TAMS 0x00000000a4a00000, 0x00000000a4a00000| Untracked 
|  63|0x00000000a4b00000, 0x00000000a4b00000, 0x00000000a4c00000|  0%| F|  |TAMS 0x00000000a4b00000, 0x00000000a4b00000| Untracked 
|  64|0x00000000a4c00000, 0x00000000a4c00000, 0x00000000a4d00000|  0%| F|  |TAMS 0x00000000a4c00000, 0x00000000a4c00000| Untracked 
|  65|0x00000000a4d00000, 0x00000000a4d00000, 0x00000000a4e00000|  0%| F|  |TAMS 0x00000000a4d00000, 0x00000000a4d00000| Untracked 
|  66|0x00000000a4e00000, 0x00000000a4e00000, 0x00000000a4f00000|  0%| F|  |TAMS 0x00000000a4e00000, 0x00000000a4e00000| Untracked 
|  67|0x00000000a4f00000, 0x00000000a4f00000, 0x00000000a5000000|  0%| F|  |TAMS 0x00000000a4f00000, 0x00000000a4f00000| Untracked 
|  68|0x00000000a5000000, 0x00000000a5000000, 0x00000000a5100000|  0%| F|  |TAMS 0x00000000a5000000, 0x00000000a5000000| Untracked 
|  69|0x00000000a5100000, 0x00000000a5100000, 0x00000000a5200000|  0%| F|  |TAMS 0x00000000a5100000, 0x00000000a5100000| Untracked 
|  70|0x00000000a5200000, 0x00000000a5200000, 0x00000000a5300000|  0%| F|  |TAMS 0x00000000a5200000, 0x00000000a5200000| Untracked 
|  71|0x00000000a5300000, 0x00000000a5300000, 0x00000000a5400000|  0%| F|  |TAMS 0x00000000a5300000, 0x00000000a5300000| Untracked 
|  72|0x00000000a5400000, 0x00000000a5400000, 0x00000000a5500000|  0%| F|  |TAMS 0x00000000a5400000, 0x00000000a5400000| Untracked 
|  73|0x00000000a5500000, 0x00000000a5500000, 0x00000000a5600000|  0%| F|  |TAMS 0x00000000a5500000, 0x00000000a5500000| Untracked 
|  74|0x00000000a5600000, 0x00000000a5600000, 0x00000000a5700000|  0%| F|  |TAMS 0x00000000a5600000, 0x00000000a5600000| Untracked 
|  75|0x00000000a5700000, 0x00000000a5700000, 0x00000000a5800000|  0%| F|  |TAMS 0x00000000a5700000, 0x00000000a5700000| Untracked 
|  76|0x00000000a5800000, 0x00000000a5900000, 0x00000000a5900000|100%| E|  |TAMS 0x00000000a5800000, 0x00000000a5800000| Complete 
|  77|0x00000000a5900000, 0x00000000a5a00000, 0x00000000a5a00000|100%| E|CS|TAMS 0x00000000a5900000, 0x00000000a5900000| Complete 
|  78|0x00000000a5a00000, 0x00000000a5b00000, 0x00000000a5b00000|100%| E|CS|TAMS 0x00000000a5a00000, 0x00000000a5a00000| Complete 
|  79|0x00000000a5b00000, 0x00000000a5c00000, 0x00000000a5c00000|100%| E|CS|TAMS 0x00000000a5b00000, 0x00000000a5b00000| Complete 
|  80|0x00000000a5c00000, 0x00000000a5d00000, 0x00000000a5d00000|100%| E|CS|TAMS 0x00000000a5c00000, 0x00000000a5c00000| Complete 
|  81|0x00000000a5d00000, 0x00000000a5e00000, 0x00000000a5e00000|100%| E|CS|TAMS 0x00000000a5d00000, 0x00000000a5d00000| Complete 
|  82|0x00000000a5e00000, 0x00000000a5f00000, 0x00000000a5f00000|100%| S|CS|TAMS 0x00000000a5e00000, 0x00000000a5e00000| Complete 
|  83|0x00000000a5f00000, 0x00000000a6000000, 0x00000000a6000000|100%| S|CS|TAMS 0x00000000a5f00000, 0x00000000a5f00000| Complete 
|  84|0x00000000a6000000, 0x00000000a6100000, 0x00000000a6100000|100%| S|CS|TAMS 0x00000000a6000000, 0x00000000a6000000| Complete 
|  85|0x00000000a6100000, 0x00000000a6200000, 0x00000000a6200000|100%| E|CS|TAMS 0x00000000a6100000, 0x00000000a6100000| Complete 
|  86|0x00000000a6200000, 0x00000000a6300000, 0x00000000a6300000|100%| E|CS|TAMS 0x00000000a6200000, 0x00000000a6200000| Complete 
|  87|0x00000000a6300000, 0x00000000a6400000, 0x00000000a6400000|100%| E|CS|TAMS 0x00000000a6300000, 0x00000000a6300000| Complete 
|  88|0x00000000a6400000, 0x00000000a6500000, 0x00000000a6500000|100%| E|CS|TAMS 0x00000000a6400000, 0x00000000a6400000| Complete 
|  89|0x00000000a6500000, 0x00000000a6600000, 0x00000000a6600000|100%| E|CS|TAMS 0x00000000a6500000, 0x00000000a6500000| Complete 
|  90|0x00000000a6600000, 0x00000000a6700000, 0x00000000a6700000|100%| E|CS|TAMS 0x00000000a6600000, 0x00000000a6600000| Complete 
|  91|0x00000000a6700000, 0x00000000a6800000, 0x00000000a6800000|100%| E|CS|TAMS 0x00000000a6700000, 0x00000000a6700000| Complete 
|  92|0x00000000a6800000, 0x00000000a6900000, 0x00000000a6900000|100%| E|CS|TAMS 0x00000000a6800000, 0x00000000a6800000| Complete 
|  93|0x00000000a6900000, 0x00000000a6a00000, 0x00000000a6a00000|100%| E|CS|TAMS 0x00000000a6900000, 0x00000000a6900000| Complete 
|  94|0x00000000a6a00000, 0x00000000a6b00000, 0x00000000a6b00000|100%| E|  |TAMS 0x00000000a6a00000, 0x00000000a6a00000| Complete 
|  95|0x00000000a6b00000, 0x00000000a6c00000, 0x00000000a6c00000|100%| E|CS|TAMS 0x00000000a6b00000, 0x00000000a6b00000| Complete 

Card table byte_map: [0x000001e4fd710000,0x000001e4fda10000] _byte_map_base: 0x000001e4fd20a000

Marking Bits (Prev, Next): (CMBitMap*) 0x000001e4ea05e028, (CMBitMap*) 0x000001e4ea05e060
 Prev Bits: [0x000001e4fdd10000, 0x000001e4ff4e0000)
 Next Bits: [0x000001e480000000, 0x000001e4817d0000)

Polling page: 0x000001e4e7f50000

Metaspace:

Usage:
  Non-class:     10.89 MB capacity,    10.63 MB ( 98%) used,   229.62 KB (  2%) free+waste,    28.25 KB ( <1%) overhead. 
      Class:      1.59 MB capacity,     1.47 MB ( 92%) used,   108.96 KB (  7%) free+waste,    15.13 KB ( <1%) overhead. 
       Both:     12.48 MB capacity,    12.10 MB ( 97%) used,   338.58 KB (  3%) free+waste,    43.38 KB ( <1%) overhead. 

Virtual space:
  Non-class space:       12.00 MB reserved,      11.00 MB ( 92%) committed 
      Class space:        1.00 GB reserved,       1.63 MB ( <1%) committed 
             Both:        1.01 GB reserved,      12.63 MB (  1%) committed 

Chunk freelists:
   Non-Class:  53.00 KB
       Class:  3.00 KB
        Both:  56.00 KB

MaxMetaspaceSize: 17179869184.00 GB
CompressedClassSpaceSize: 1.00 GB

CodeHeap 'non-profiled nmethods': size=120000Kb used=914Kb max_used=914Kb free=119085Kb
 bounds [0x000001e4f5ba0000, 0x000001e4f5e10000, 0x000001e4fd0d0000]
CodeHeap 'profiled nmethods': size=120000Kb used=4013Kb max_used=4013Kb free=115987Kb
 bounds [0x000001e4ee670000, 0x000001e4eea60000, 0x000001e4f5ba0000]
CodeHeap 'non-nmethods': size=5760Kb used=1143Kb max_used=1188Kb free=4616Kb
 bounds [0x000001e4ee0d0000, 0x000001e4ee340000, 0x000001e4ee670000]
 total_blobs=3161 nmethods=1855 adapters=373
 compilation: enabled
              stopped_count=0, restarted_count=0
 full_count=0

Compilation events (20 events):
Event: 2.813 Thread 0x000001e4fff11000 1849  s!   4       jdk.internal.loader.URLClassPath::getLoader (194 bytes)
Event: 2.816 Thread 0x000001e4fff1f800 1850       3       java.lang.Class::cast (27 bytes)
Event: 2.817 Thread 0x000001e4fff1f800 nmethod 1850 0x000001e4eea50b90 code [0x000001e4eea50d60, 0x000001e4eea510a0]
Event: 2.836 Thread 0x000001e4fff1f800 1851       3       java.lang.invoke.MethodHandles$Lookup::in (168 bytes)
Event: 2.840 Thread 0x000001e4fff1f800 nmethod 1851 0x000001e4eea51190 code [0x000001e4eea51500, 0x000001e4eea52b70]
Event: 2.840 Thread 0x000001e4fff1f800 1855       3       java.util.Arrays::hashCode (56 bytes)
Event: 2.841 Thread 0x000001e4fff1f800 nmethod 1855 0x000001e4eea53210 code [0x000001e4eea533e0, 0x000001e4eea53790]
Event: 2.841 Thread 0x000001e4fff1f800 1852       3       java.lang.invoke.MethodHandleNatives::findMethodHandleType (7 bytes)
Event: 2.841 Thread 0x000001e4fff1f800 nmethod 1852 0x000001e4ee698690 code [0x000001e4ee698840, 0x000001e4ee6989b0]
Event: 2.842 Thread 0x000001e4fff1f800 1856       3       sun.invoke.util.VerifyAccess::isTypeVisible (47 bytes)
Event: 2.843 Thread 0x000001e4fff1f800 nmethod 1856 0x000001e4eea53910 code [0x000001e4eea53b00, 0x000001e4eea53f40]
Event: 2.844 Thread 0x000001e4fff1f800 1858       3       java.lang.invoke.DirectMethodHandle$Holder::invokeStatic (14 bytes)
Event: 2.845 Thread 0x000001e4fff1f800 nmethod 1858 0x000001e4eea54110 code [0x000001e4eea54300, 0x000001e4eea54720]
Event: 2.846 Thread 0x000001e4fff1f800 1860       3       jdk.internal.org.objectweb.asm.MethodWriter::visitCode (1 bytes)
Event: 2.846 Thread 0x000001e4fff1f800 nmethod 1860 0x000001e4ee6a8610 code [0x000001e4ee6a87c0, 0x000001e4ee6a8938]
Event: 2.848 Thread 0x000001e4fff1f800 1861       3       sun.invoke.util.VerifyAccess::isClassAccessible (182 bytes)
Event: 2.851 Thread 0x000001e4fff1f800 nmethod 1861 0x000001e4eea54810 code [0x000001e4eea54bc0, 0x000001e4eea56200]
Event: 2.851 Thread 0x000001e4fff1f800 1862       3       jdk.internal.org.objectweb.asm.MethodWriter::visitTypeInsn (120 bytes)
Event: 2.852 Thread 0x000001e4fff1f800 nmethod 1862 0x000001e4eea56890 code [0x000001e4eea56a80, 0x000001e4eea56eb0]
Event: 2.853 Thread 0x000001e4fff1f800 1863       3       java.lang.invoke.MethodTypeForm::cachedLambdaForm (44 bytes)

GC Heap History (6 events):
Event: 0.633 GC heap before
{Heap before GC invocations=0 (full 0):
 garbage-first heap   total 98304K, used 24576K [0x00000000a0c00000, 0x0000000100000000)
  region size 1024K, 24 young (24576K), 0 survivors (0K)
 Metaspace       used 3316K, capacity 5598K, committed 5760K, reserved 1056768K
  class space    used 356K, capacity 566K, committed 640K, reserved 1048576K
}
Event: 0.640 GC heap after
{Heap after GC invocations=1 (full 0):
 garbage-first heap   total 98304K, used 8430K [0x00000000a0c00000, 0x0000000100000000)
  region size 1024K, 3 young (3072K), 3 survivors (3072K)
 Metaspace       used 3316K, capacity 5598K, committed 5760K, reserved 1056768K
  class space    used 356K, capacity 566K, committed 640K, reserved 1048576K
}
Event: 1.826 GC heap before
{Heap before GC invocations=1 (full 0):
 garbage-first heap   total 98304K, used 57582K [0x00000000a0c00000, 0x0000000100000000)
  region size 1024K, 52 young (53248K), 3 survivors (3072K)
 Metaspace       used 10334K, capacity 10639K, committed 10880K, reserved 1058816K
  class space    used 1192K, capacity 1296K, committed 1408K, reserved 1048576K
}
Event: 1.849 GC heap after
{Heap after GC invocations=2 (full 0):
 garbage-first heap   total 98304K, used 15002K [0x00000000a0c00000, 0x0000000100000000)
  region size 1024K, 7 young (7168K), 7 survivors (7168K)
 Metaspace       used 10334K, capacity 10639K, committed 10880K, reserved 1058816K
  class space    used 1192K, capacity 1296K, committed 1408K, reserved 1048576K
}
Event: 1.901 GC heap before
{Heap before GC invocations=2 (full 0):
 garbage-first heap   total 98304K, used 25242K [0x00000000a0c00000, 0x0000000100000000)
  region size 1024K, 18 young (18432K), 7 survivors (7168K)
 Metaspace       used 10334K, capacity 10639K, committed 10880K, reserved 1058816K
  class space    used 1192K, capacity 1296K, committed 1408K, reserved 1048576K
}
Event: 1.923 GC heap after
{Heap after GC invocations=3 (full 0):
 garbage-first heap   total 98304K, used 19450K [0x00000000a0c00000, 0x0000000100000000)
  region size 1024K, 3 young (3072K), 3 survivors (3072K)
 Metaspace       used 10334K, capacity 10639K, committed 10880K, reserved 1058816K
  class space    used 1192K, capacity 1296K, committed 1408K, reserved 1048576K
}

Deoptimization events (20 events):
Event: 2.231 Thread 0x000001e4ea027800 Uncommon trap: trap_request=0xffffff45 fr.pc=0x000001e4f5c502d0 relative=0x0000000000000130
Event: 2.231 Thread 0x000001e4ea027800 Uncommon trap: reason=unstable_fused_if action=reinterpret pc=0x000001e4f5c502d0 method=java.util.HashMap.tableSizeFor(I)I @ 10 c2
Event: 2.231 Thread 0x000001e4ea027800 DEOPT PACKING pc=0x000001e4f5c502d0 sp=0x00000040d1cfcf30
Event: 2.231 Thread 0x000001e4ea027800 DEOPT UNPACKING pc=0x000001e4ee0f922f sp=0x00000040d1cfce60 mode 2
Event: 2.241 Thread 0x000001e4ea027800 DEOPT PACKING pc=0x000001e4eea17d10 sp=0x00000040d1cfc790
Event: 2.241 Thread 0x000001e4ea027800 DEOPT UNPACKING pc=0x000001e4ee0f904e sp=0x00000040d1cfbca8 mode 0
Event: 2.267 Thread 0x000001e4ea027800 DEOPT PACKING pc=0x000001e4eea17d10 sp=0x00000040d1cfc110
Event: 2.267 Thread 0x000001e4ea027800 DEOPT UNPACKING pc=0x000001e4ee0f904e sp=0x00000040d1cfb628 mode 0
Event: 2.270 Thread 0x000001e4ea027800 Uncommon trap: trap_request=0xffffff4d fr.pc=0x000001e4f5c3451c relative=0x00000000000005dc
Event: 2.270 Thread 0x000001e4ea027800 Uncommon trap: reason=unstable_if action=reinterpret pc=0x000001e4f5c3451c method=java.lang.String.replace(CC)Ljava/lang/String; @ 2 c2
Event: 2.270 Thread 0x000001e4ea027800 DEOPT PACKING pc=0x000001e4f5c3451c sp=0x00000040d1cfd120
Event: 2.270 Thread 0x000001e4ea027800 DEOPT UNPACKING pc=0x000001e4ee0f922f sp=0x00000040d1cfd0e0 mode 2
Event: 2.278 Thread 0x000001e4ea027800 Uncommon trap: trap_request=0xffffff4d fr.pc=0x000001e4f5c12554 relative=0x0000000000000174
Event: 2.278 Thread 0x000001e4ea027800 Uncommon trap: reason=unstable_if action=reinterpret pc=0x000001e4f5c12554 method=java.util.concurrent.ConcurrentHashMap.addCount(JI)V @ 121 c2
Event: 2.278 Thread 0x000001e4ea027800 DEOPT PACKING pc=0x000001e4f5c12554 sp=0x00000040d1cfbeb0
Event: 2.278 Thread 0x000001e4ea027800 DEOPT UNPACKING pc=0x000001e4ee0f922f sp=0x00000040d1cfbe10 mode 2
Event: 2.292 Thread 0x000001e485d11800 Uncommon trap: trap_request=0xffffff4d fr.pc=0x000001e4f5c03e54 relative=0x00000000000000b4
Event: 2.292 Thread 0x000001e485d11800 Uncommon trap: reason=unstable_if action=reinterpret pc=0x000001e4f5c03e54 method=java.lang.CharacterDataLatin1.digit(II)I @ 12 c2
Event: 2.292 Thread 0x000001e485d11800 DEOPT PACKING pc=0x000001e4f5c03e54 sp=0x00000040d33fe2c0
Event: 2.292 Thread 0x000001e485d11800 DEOPT UNPACKING pc=0x000001e4ee0f922f sp=0x00000040d33fe238 mode 2

Classes redefined (0 events):
No events

Internal exceptions (20 events):
Event: 0.972 Thread 0x000001e4ea027800 Exception <a 'java/lang/NoSuchMethodError'{0x00000000a6092088}: 'int java.lang.invoke.DirectMethodHandle$Holder.invokeStaticInit(java.lang.Object, java.lang.Object, java.lang.Object, java.lang.Object)'> (0x00000000a6092088) thrown at [c:/BuildAgent/work/5
Event: 0.974 Thread 0x000001e4ea027800 Exception <a 'java/lang/IncompatibleClassChangeError'{0x00000000a609b4c8}: Found class java.lang.Object, but interface was expected> (0x00000000a609b4c8) thrown at [c:/BuildAgent/work/5ff2f6c26000d570/src/hotspot/share/interpreter/linkResolver.cpp, line 8
Event: 0.974 Thread 0x000001e4ea027800 Exception <a 'java/lang/NoSuchMethodError'{0x00000000a609e920}: 'void java.lang.invoke.DirectMethodHandle$Holder.invokeStaticInit(java.lang.Object, java.lang.Object)'> (0x00000000a609e920) thrown at [c:/BuildAgent/work/5ff2f6c26000d570/src/hotspot/share/i
Event: 0.975 Thread 0x000001e4ea027800 Exception <a 'java/lang/NoSuchMethodError'{0x00000000a60a4098}: 'int java.lang.invoke.DirectMethodHandle$Holder.invokeStaticInit(java.lang.Object, java.lang.Object)'> (0x00000000a60a4098) thrown at [c:/BuildAgent/work/5ff2f6c26000d570/src/hotspot/share/in
Event: 1.277 Thread 0x000001e4ea027800 Exception <a 'java/lang/NoSuchMethodError'{0x00000000a5ec5d28}: 'java.lang.Object java.lang.invoke.DirectMethodHandle$Holder.invokeStaticInit(java.lang.Object, java.lang.Object, int, int, int, int)'> (0x00000000a5ec5d28) thrown at [c:/BuildAgent/work/5ff2
Event: 1.546 Thread 0x000001e4ea027800 Exception <a 'java/lang/NoSuchMethodError'{0x00000000a54ae450}: 'java.lang.Object java.lang.invoke.DirectMethodHandle$Holder.invokeStatic(java.lang.Object, java.lang.Object, int, java.lang.Object)'> (0x00000000a54ae450) thrown at [c:/BuildAgent/work/5ff2f
Event: 1.549 Thread 0x000001e4ea027800 Exception <a 'java/lang/NoSuchMethodError'{0x00000000a54b56e8}: 'java.lang.Object java.lang.invoke.Invokers$Holder.linkToTargetMethod(java.lang.Object, int, java.lang.Object)'> (0x00000000a54b56e8) thrown at [c:/BuildAgent/work/5ff2f6c26000d570/src/hotspo
Event: 1.550 Thread 0x000001e4ea027800 Exception <a 'java/lang/NoSuchMethodError'{0x00000000a54b8560}: 'void java.lang.invoke.DirectMethodHandle$Holder.invokeSpecial(java.lang.Object, java.lang.Object)'> (0x00000000a54b8560) thrown at [c:/BuildAgent/work/5ff2f6c26000d570/src/hotspot/share/inte
Event: 1.568 Thread 0x000001e4ea027800 Exception <a 'java/lang/NoSuchMethodError'{0x00000000a5027b78}: 'int java.lang.invoke.DirectMethodHandle$Holder.invokeStaticInit(java.lang.Object, java.lang.Object, java.lang.Object)'> (0x00000000a5027b78) thrown at [c:/BuildAgent/work/5ff2f6c26000d570/sr
Event: 1.575 Thread 0x000001e4ea027800 Exception <a 'java/lang/NoSuchMethodError'{0x00000000a506d2a0}: 'java.lang.Object java.lang.invoke.DirectMethodHandle$Holder.invokeStaticInit(java.lang.Object, java.lang.Object, java.lang.Object)'> (0x00000000a506d2a0) thrown at [c:/BuildAgent/work/5ff2f6
Event: 2.287 Thread 0x000001e486b39000 Exception <a 'java/lang/NoSuchMethodError'{0x00000000a5a90aa8}: 'void java.lang.invoke.DirectMethodHandle$Holder.invokeStatic(java.lang.Object, long)'> (0x00000000a5a90aa8) thrown at [c:/BuildAgent/work/5ff2f6c26000d570/src/hotspot/share/interpreter/linkR
Event: 2.288 Thread 0x000001e486b39000 Exception <a 'java/lang/NoSuchMethodError'{0x00000000a5a95a10}: 'java.lang.Object java.lang.invoke.DirectMethodHandle$Holder.invokeStatic(java.lang.Object, long)'> (0x00000000a5a95a10) thrown at [c:/BuildAgent/work/5ff2f6c26000d570/src/hotspot/share/inter
Event: 2.292 Thread 0x000001e486b39000 Exception <a 'java/lang/NoSuchMethodError'{0x00000000a5aa3708}: 'java.lang.Object java.lang.invoke.DirectMethodHandle$Holder.invokeStaticInit(java.lang.Object, java.lang.Object, long, java.lang.Object)'> (0x00000000a5aa3708) thrown at [c:/BuildAgent/work/
Event: 2.292 Thread 0x000001e486b39000 Exception <a 'java/lang/NoSuchMethodError'{0x00000000a5aa9170}: 'java.lang.Object java.lang.invoke.DirectMethodHandle$Holder.invokeStatic(java.lang.Object, java.lang.Object, long)'> (0x00000000a5aa9170) thrown at [c:/BuildAgent/work/5ff2f6c26000d570/src/h
Event: 2.293 Thread 0x000001e486b39000 Exception <a 'java/lang/NoSuchMethodError'{0x00000000a5aaf440}: 'java.lang.Object java.lang.invoke.Invokers$Holder.linkToTargetMethod(java.lang.Object, long, java.lang.Object)'> (0x00000000a5aaf440) thrown at [c:/BuildAgent/work/5ff2f6c26000d570/src/hotsp
Event: 2.791 Thread 0x000001e485d11800 Exception <a 'java/net/SocketTimeoutException'{0x00000000a5ad8140}: connect timed out> (0x00000000a5ad8140) thrown at [c:/BuildAgent/work/5ff2f6c26000d570/src/hotspot/share/prims/jni.cpp, line 636]
Event: 2.839 Thread 0x000001e4ea027800 Exception <a 'java/lang/NoSuchMethodError'{0x00000000a5991a40}: 'java.lang.Object java.lang.invoke.DirectMethodHandle$Holder.invokeInterface(java.lang.Object, java.lang.Object, java.lang.Object)'> (0x00000000a5991a40) thrown at [c:/BuildAgent/work/5ff2f6c
Event: 2.839 Thread 0x000001e4ea027800 Exception <a 'java/lang/IncompatibleClassChangeError'{0x00000000a5994c70}: Found class java.lang.Object, but interface was expected> (0x00000000a5994c70) thrown at [c:/BuildAgent/work/5ff2f6c26000d570/src/hotspot/share/interpreter/linkResolver.cpp, line 8
Event: 2.843 Thread 0x000001e4ea027800 Exception <a 'java/lang/NoSuchMethodError'{0x00000000a599d3c0}: 'int java.lang.invoke.DirectMethodHandle$Holder.invokeSpecialIFC(java.lang.Object, java.lang.Object, java.lang.Object, java.lang.Object)'> (0x00000000a599d3c0) thrown at [c:/BuildAgent/work/5
Event: 2.845 Thread 0x000001e4ea027800 Exception <a 'java/lang/NoSuchMethodError'{0x00000000a59a5700}: 'java.lang.Object java.lang.invoke.DirectMethodHandle$Holder.invokeInterface(java.lang.Object, java.lang.Object, java.lang.Object, java.lang.Object)'> (0x00000000a59a5700) thrown at [c:/Build

Events (20 events):
Event: 2.849 loading class java/util/stream/Streams$2
Event: 2.849 loading class java/util/stream/Streams$2 done
Event: 2.849 loading class com/google/common/collect/CollectCollectors
Event: 2.849 loading class com/google/common/collect/CollectCollectors done
Event: 2.851 loading class com/google/common/collect/ImmutableList$Builder
Event: 2.851 loading class com/google/common/collect/ImmutableList$Builder done
Event: 2.851 loading class com/google/common/collect/ImmutableList$Builder
Event: 2.851 loading class com/google/common/collect/ImmutableList$Builder done
Event: 2.851 loading class com/google/common/collect/ImmutableList$Builder
Event: 2.851 loading class com/google/common/collect/ImmutableList$Builder done
Event: 2.852 loading class com/google/common/collect/ImmutableList$Builder
Event: 2.852 loading class com/google/common/collect/ImmutableList$Builder done
Event: 2.852 loading class com/google/common/collect/ImmutableList$Builder
Event: 2.852 loading class com/google/common/collect/ImmutableList$Builder done
Event: 2.852 loading class com/google/common/collect/ImmutableList$Builder
Event: 2.852 loading class com/google/common/collect/ImmutableList$Builder done
Event: 2.853 loading class com/google/common/collect/ImmutableList
Event: 2.853 loading class com/google/common/collect/ImmutableList done
Event: 2.853 loading class com/google/common/collect/ImmutableList$Builder
Event: 2.853 loading class com/google/common/collect/ImmutableList$Builder done


Dynamic libraries:
0x00007ff7f2b00000 - 0x00007ff7f2b0a000 	C:\Program Files\JetBrains\IntelliJ IDEA 2019.3.3\jbr\bin\java.exe
0x00007ffa6e260000 - 0x00007ffa6e450000 	C:\Windows\SYSTEM32\ntdll.dll
0x00007ffa6c370000 - 0x00007ffa6c422000 	C:\Windows\System32\KERNEL32.DLL
0x00007ffa6bef0000 - 0x00007ffa6c193000 	C:\Windows\System32\KERNELBASE.dll
0x00007ffa6b4a0000 - 0x00007ffa6b59a000 	C:\Windows\System32\ucrtbase.dll
0x00007ffa63790000 - 0x00007ffa637a7000 	C:\Program Files\JetBrains\IntelliJ IDEA 2019.3.3\jbr\bin\VCRUNTIME140.dll
0x00007ffa641a0000 - 0x00007ffa641b9000 	C:\Program Files\JetBrains\IntelliJ IDEA 2019.3.3\jbr\bin\jli.dll
0x00007ffa6c7b0000 - 0x00007ffa6c944000 	C:\Windows\System32\USER32.dll
0x00007ffa5f360000 - 0x00007ffa5f5e5000 	C:\Windows\WinSxS\amd64_microsoft.windows.common-controls_6595b64144ccf1df_6.0.18362.657_none_e6c5b579130e3898\COMCTL32.dll
0x00007ffa6b440000 - 0x00007ffa6b461000 	C:\Windows\System32\win32u.dll
0x00007ffa6c970000 - 0x00007ffa6ca0e000 	C:\Windows\System32\msvcrt.dll
0x00007ffa6c4d0000 - 0x00007ffa6c4f6000 	C:\Windows\System32\GDI32.dll
0x00007ffa6b2a0000 - 0x00007ffa6b434000 	C:\Windows\System32\gdi32full.dll
0x00007ffa6dee0000 - 0x00007ffa6e216000 	C:\Windows\System32\combase.dll
0x00007ffa6b650000 - 0x00007ffa6b6ee000 	C:\Windows\System32\msvcp_win.dll
0x00007ffa6cb90000 - 0x00007ffa6ccb0000 	C:\Windows\System32\RPCRT4.dll
0x00007ffa6be70000 - 0x00007ffa6bef0000 	C:\Windows\System32\bcryptPrimitives.dll
0x00007ffa6c520000 - 0x00007ffa6c54e000 	C:\Windows\System32\IMM32.DLL
0x00007ffa59390000 - 0x00007ffa5942d000 	C:\Program Files\JetBrains\IntelliJ IDEA 2019.3.3\jbr\bin\msvcp140.dll
0x00007ffa38e60000 - 0x00007ffa3991b000 	C:\Program Files\JetBrains\IntelliJ IDEA 2019.3.3\jbr\bin\server\jvm.dll
0x00007ffa6c690000 - 0x00007ffa6c733000 	C:\Windows\System32\ADVAPI32.dll
0x00007ffa6c430000 - 0x00007ffa6c4c7000 	C:\Windows\System32\sechost.dll
0x00007ffa6c950000 - 0x00007ffa6c958000 	C:\Windows\System32\PSAPI.DLL
0x00007ffa692c0000 - 0x00007ffa692c9000 	C:\Windows\SYSTEM32\WSOCK32.dll
0x00007ffa6c740000 - 0x00007ffa6c7af000 	C:\Windows\System32\WS2_32.dll
0x00007ffa64ad0000 - 0x00007ffa64ada000 	C:\Windows\SYSTEM32\VERSION.dll
0x00007ffa690a0000 - 0x00007ffa690c4000 	C:\Windows\SYSTEM32\WINMM.dll
0x00007ffa68c20000 - 0x00007ffa68c4d000 	C:\Windows\SYSTEM32\winmmbase.dll
0x00007ffa6b1f0000 - 0x00007ffa6b23a000 	C:\Windows\System32\cfgmgr32.dll
0x00007ffa6b140000 - 0x00007ffa6b151000 	C:\Windows\System32\kernel.appcore.dll
0x00007ffa669e0000 - 0x00007ffa669f1000 	C:\Program Files\JetBrains\IntelliJ IDEA 2019.3.3\jbr\bin\verify.dll
0x00007ffa54190000 - 0x00007ffa54384000 	C:\Windows\SYSTEM32\DBGHELP.DLL
0x00007ffa53f90000 - 0x00007ffa53fba000 	C:\Windows\SYSTEM32\dbgcore.DLL
0x00007ffa64d50000 - 0x00007ffa64d79000 	C:\Program Files\JetBrains\IntelliJ IDEA 2019.3.3\jbr\bin\java.dll
0x00007ffa64790000 - 0x00007ffa6479f000 	C:\Program Files\JetBrains\IntelliJ IDEA 2019.3.3\jbr\bin\instrument.dll
0x00007ffa647a0000 - 0x00007ffa647b7000 	C:\Program Files\JetBrains\IntelliJ IDEA 2019.3.3\jbr\bin\zip.dll
0x00007ffa669b0000 - 0x00007ffa669bb000 	C:\Program Files\JetBrains\IntelliJ IDEA 2019.3.3\jbr\bin\jimage.dll
0x00007ffa6cf40000 - 0x00007ffa6d625000 	C:\Windows\System32\SHELL32.dll
0x00007ffa6cae0000 - 0x00007ffa6cb89000 	C:\Windows\System32\shcore.dll
0x00007ffa6b6f0000 - 0x00007ffa6be6f000 	C:\Windows\System32\windows.storage.dll
0x00007ffa6b1b0000 - 0x00007ffa6b1cf000 	C:\Windows\System32\profapi.dll
0x00007ffa6b160000 - 0x00007ffa6b1aa000 	C:\Windows\System32\powrprof.dll
0x00007ffa6b130000 - 0x00007ffa6b140000 	C:\Windows\System32\UMPDC.dll
0x00007ffa6de20000 - 0x00007ffa6de72000 	C:\Windows\System32\shlwapi.dll
0x00007ffa6c1a0000 - 0x00007ffa6c1b7000 	C:\Windows\System32\cryptsp.dll
0x00007ffa64720000 - 0x00007ffa6473a000 	C:\Program Files\JetBrains\IntelliJ IDEA 2019.3.3\jbr\bin\net.dll
0x00007ffa5ff00000 - 0x00007ffa5fff0000 	C:\Windows\SYSTEM32\WINHTTP.dll
0x00007ffa6a940000 - 0x00007ffa6a9a7000 	C:\Windows\system32\mswsock.dll
0x00007ffa64700000 - 0x00007ffa64714000 	C:\Program Files\JetBrains\IntelliJ IDEA 2019.3.3\jbr\bin\nio.dll
0x00007ffa63860000 - 0x00007ffa6387a000 	C:\Program Files\JetBrains\IntelliJ IDEA 2019.3.3\bin\breakgen64.dll
0x00007ffa65e80000 - 0x00007ffa65e8a000 	C:\Program Files\JetBrains\IntelliJ IDEA 2019.3.3\jbr\bin\prefs.dll
0x00007ffa640e0000 - 0x00007ffa64108000 	C:\Program Files\JetBrains\IntelliJ IDEA 2019.3.3\jbr\bin\sunec.dll
0x00007ffa6a4b0000 - 0x00007ffa6a4e3000 	C:\Windows\system32\rsaenh.dll
0x00007ffa6b470000 - 0x00007ffa6b496000 	C:\Windows\System32\bcrypt.dll
0x00007ffa6b020000 - 0x00007ffa6b045000 	C:\Windows\SYSTEM32\USERENV.dll
0x00007ffa6ab10000 - 0x00007ffa6ab1c000 	C:\Windows\SYSTEM32\CRYPTBASE.dll
0x00007ffa6a650000 - 0x00007ffa6a68a000 	C:\Windows\SYSTEM32\IPHLPAPI.DLL
0x00007ffa6c960000 - 0x00007ffa6c968000 	C:\Windows\System32\NSI.dll
0x00007ffa637d0000 - 0x00007ffa637e6000 	C:\Windows\SYSTEM32\dhcpcsvc6.DLL
0x00007ffa637b0000 - 0x00007ffa637cc000 	C:\Windows\SYSTEM32\dhcpcsvc.DLL
0x00007ffa6a690000 - 0x00007ffa6a75a000 	C:\Windows\SYSTEM32\DNSAPI.dll
0x00007ffa5f7d0000 - 0x00007ffa5f7da000 	C:\Windows\System32\rasadhlp.dll
0x00007ffa60470000 - 0x00007ffa604e7000 	C:\Windows\System32\fwpuclnt.dll

dbghelp: loaded successfully - version: 4.0.5 - missing functions: none
symbol engine: initialized successfully - sym options: 0x614 - pdb path: .;C:\Program Files\JetBrains\IntelliJ IDEA 2019.3.3\jbr\bin;C:\Windows\SYSTEM32;C:\Windows\WinSxS\amd64_microsoft.windows.common-controls_6595b64144ccf1df_6.0.18362.657_none_e6c5b579130e3898;C:\Program Files\JetBrains\IntelliJ IDEA 2019.3.3\jbr\bin\server;C:\Program Files\JetBrains\IntelliJ IDEA 2019.3.3\bin

VM Arguments:
jvm_args: -ea -Didea.test.cyclic.buffer.size=1048576 -javaagent:C:\Program Files\JetBrains\IntelliJ IDEA 2019.3.3\lib\idea_rt.jar=59449:C:\Program Files\JetBrains\IntelliJ IDEA 2019.3.3\bin -Dfile.encoding=UTF-8 
java_command: com.intellij.rt.junit.JUnitStarter -ideVersion5 -junit4 com.diplom.work.EditTest,TestEdit
java_class_path (initial): C:\Program Files\JetBrains\IntelliJ IDEA 2019.3.3\lib\idea_rt.jar;C:\Program Files\JetBrains\IntelliJ IDEA 2019.3.3\plugins\junit\lib\junit5-rt.jar;C:\Program Files\JetBrains\IntelliJ IDEA 2019.3.3\plugins\junit\lib\junit-rt.jar;C:\Users\Gerbert\Documents\GitHub\diplom\target\test-classes;C:\Users\Gerbert\Documents\GitHub\diplom\target\classes;C:\Users\Gerbert\.m2\repository\junit\junit\4.13\junit-4.13.jar;C:\Users\Gerbert\.m2\repository\org\hamcrest\hamcrest-core\2.1\hamcrest-core-2.1.jar;C:\Users\Gerbert\.m2\repository\com\codeborne\selenide\5.8.0\selenide-5.8.0.jar;C:\Users\Gerbert\.m2\repository\org\seleniumhq\selenium\selenium-java\3.141.59\selenium-java-3.141.59.jar;C:\Users\Gerbert\.m2\repository\org\seleniumhq\selenium\selenium-api\3.141.59\selenium-api-3.141.59.jar;C:\Users\Gerbert\.m2\repository\org\seleniumhq\selenium\selenium-chrome-driver\3.141.59\selenium-chrome-driver-3.141.59.jar;C:\Users\Gerbert\.m2\repository\org\seleniumhq\selenium\selenium-edge-driver\3.141.59\selenium-edge-driver-3.141.59.jar;C:\Users\Gerbert\.m2\repository\org\seleniumhq\selenium\selenium-firefox-driver\3.141.59\selenium-firefox-driver-3.141.59.jar;C:\Users\Gerbert\.m2\repository\org\seleniumhq\selenium\selenium-ie-driver\3.141.59\selenium-ie-driver-3.141.59.jar;C:\Users\Gerbert\.m2\repository\org\seleniumhq\selenium\selenium-opera-driver\3.141.59\selenium-opera-driver-3.141.59.jar;C:\Users\Gerbert\.m2\repository\org\seleniumhq\selenium\selenium-remote-driver\3.141.59\selenium-remote-driver-3.141.59.jar;C:\Users\Gerbert\.m2\repository\org\seleniumhq\selenium\selenium-safari-driver\3.141.59\selenium-safari-driver-3.141.59.jar;C:\Users\Gerbert\.m2\repository\org\seleniumhq\selenium\selenium-support\3.141.59\selenium-support-3.141.59.jar;C:\Users\Gerbert\.m2\repository\org\apache\commons\commons-exec\1.3\commons-exec-1.3.jar;C:\Users\Gerbert\.m2\repository\com\google\guava\guava\25.0-jre\guava-25.0-jre.jar;C:\Users\Gerbert\.m2\repository\com\google\cod
Launcher Type: SUN_STANDARD

[Global flags]
     intx CICompilerCount                          = 4                                         {product} {ergonomic}
     uint ConcGCThreads                            = 2                                         {product} {ergonomic}
     uint G1ConcRefinementThreads                  = 8                                         {product} {ergonomic}
   size_t G1HeapRegionSize                         = 1048576                                   {product} {ergonomic}
    uintx GCDrainStackTargetSize                   = 64                                        {product} {ergonomic}
   size_t InitialHeapSize                          = 100663296                                 {product} {ergonomic}
   size_t MarkStackSize                            = 4194304                                   {product} {ergonomic}
   size_t MaxHeapSize                              = 1598029824                                {product} {ergonomic}
   size_t MaxNewSize                               = 958398464                                 {product} {ergonomic}
   size_t MinHeapDeltaBytes                        = 1048576                                   {product} {ergonomic}
    uintx NonNMethodCodeHeapSize                   = 5836300                                {pd product} {ergonomic}
    uintx NonProfiledCodeHeapSize                  = 122910970                              {pd product} {ergonomic}
    uintx ProfiledCodeHeapSize                     = 122910970                              {pd product} {ergonomic}
    uintx ReservedCodeCacheSize                    = 251658240                              {pd product} {ergonomic}
     bool SegmentedCodeCache                       = true                                      {product} {ergonomic}
     bool UseCompressedClassPointers               = true                                 {lp64_product} {ergonomic}
     bool UseCompressedOops                        = true                                 {lp64_product} {ergonomic}
     bool UseG1GC                                  = true                                      {product} {ergonomic}
     bool UseLargePagesIndividualAllocation        = false                                  {pd product} {ergonomic}

Logging:
Log output configuration:
 #0: stdout all=warning uptime,level,tags
 #1: stderr all=off uptime,level,tags

Environment Variables:
PATH=C:\Windows\system32;C:\Windows;C:\Windows\System32\Wbem;C:\Windows\System32\WindowsPowerShell\v1.0\;C:\Windows\System32\OpenSSH\;C:\Program Files\Git\cmd;C:\Users\Gerbert\AppData\Local\Microsoft\WindowsApps;C:\Program Files\JetBrains\IntelliJ IDEA 2019.3.3\bin;C:\Program Files\JetBrains\PhpStorm 2019.3.3\bin;C:\Program Files\JetBrains\CLion 2019.3.4\bin;C:\Program Files\JetBrains\JetBrains Rider 2019.3.4\bin;C:\Users\Gerbert\AppData\Local\GitHubDesktop\bin
USERNAME=Gerbert
OS=Windows_NT
PROCESSOR_IDENTIFIER=AMD64 Family 23 Model 24 Stepping 1, AuthenticAMD



---------------  S Y S T E M  ---------------

OS: Windows 10 , 64 bit Build 18362 (10.0.18362.329)

CPU:total 8 (initial active 8) (8 cores per cpu, 2 threads per core) family 23 model 24 stepping 1, cmov, cx8, fxsr, mmx, sse, sse2, sse3, ssse3, sse4.1, sse4.2, popcnt, avx, avx2, aes, clmul, mmxext, 3dnowpref, lzcnt, sse4a, ht, tsc, tscinvbit, tscinv, bmi1, bmi2, adx, sha, fma

Memory: 4k page, system-wide physical 6091M (1150M free)
TotalPageFile size 8139M (AvailPageFile size 4M)
current process WorkingSet (physical memory assigned to process): 160M, peak: 162M
current process commit charge ("private bytes"): 215M, peak: 218M

vm_info: OpenJDK 64-Bit Server VM (11.0.5+10-b520.38) for windows-amd64 JRE (11.0.5+10-b520.38), built on Jan 23 2020 07:58:32 by "" with MS VC++ 14.0 (VS2015)

END.
